{"/Users/test/Documents/Work/AIProjects/VibeOS/src/core/composables/provider.ts": {"path":"/Users/test/Documents/Work/AIProjects/VibeOS/src/core/composables/provider.ts","statementMap":{"0":{"start":{"line":22,"column":3},"end":{"line":22,"column":null}},"1":{"start":{"line":25,"column":3},"end":{"line":25,"column":null}},"2":{"start":{"line":36,"column":14},"end":{"line":44,"column":null}},"3":{"start":{"line":45,"column":2},"end":{"line":45,"column":null}},"4":{"start":{"line":45,"column":15},"end":{"line":45,"column":null}},"5":{"start":{"line":46,"column":2},"end":{"line":46,"column":null}}},"fnMap":{"0":{"name":"aiRequest","decl":{"start":{"line":35,"column":22},"end":{"line":35,"column":32}},"loc":{"start":{"line":35,"column":83},"end":{"line":47,"column":null}},"line":35}},"branchMap":{"0":{"loc":{"start":{"line":22,"column":3},"end":{"line":22,"column":null}},"type":"binary-expr","locations":[{"start":{"line":22,"column":3},"end":{"line":22,"column":62}},{"start":{"line":22,"column":62},"end":{"line":22,"column":null}}],"line":22},"1":{"loc":{"start":{"line":25,"column":3},"end":{"line":25,"column":null}},"type":"binary-expr","locations":[{"start":{"line":25,"column":3},"end":{"line":25,"column":59}},{"start":{"line":25,"column":59},"end":{"line":25,"column":null}}],"line":25},"2":{"loc":{"start":{"line":41,"column":16},"end":{"line":41,"column":null}},"type":"binary-expr","locations":[{"start":{"line":41,"column":16},"end":{"line":41,"column":31}},{"start":{"line":41,"column":31},"end":{"line":41,"column":null}}],"line":41},"3":{"loc":{"start":{"line":45,"column":2},"end":{"line":45,"column":null}},"type":"if","locations":[{"start":{"line":45,"column":2},"end":{"line":45,"column":null}},{"start":{},"end":{}}],"line":45}},"s":{"0":0,"1":0,"2":0,"3":0,"4":0,"5":0},"f":{"0":0},"b":{"0":[0,0],"1":[0,0],"2":[0,0],"3":[0,0]},"meta":{"lastBranch":4,"lastFunction":1,"lastStatement":6,"seen":{"s:22:3:22:Infinity":0,"b:22:3:22:62:22:62:22:Infinity":0,"s:25:3:25:Infinity":1,"b:25:3:25:59:25:59:25:Infinity":1,"f:35:22:35:32":0,"s:36:14:44:Infinity":2,"b:41:16:41:31:41:31:41:Infinity":2,"b:45:2:45:Infinity:undefined:undefined:undefined:undefined":3,"s:45:2:45:Infinity":3,"s:45:15:45:Infinity":4,"s:46:2:46:Infinity":5}}}
,"/Users/test/Documents/Work/AIProjects/VibeOS/src/core/composables/useAI.ts": {"path":"/Users/test/Documents/Work/AIProjects/VibeOS/src/core/composables/useAI.ts","statementMap":{"0":{"start":{"line":15,"column":2},"end":{"line":15,"column":null}},"1":{"start":{"line":30,"column":8},"end":{"line":30,"column":null}},"2":{"start":{"line":31,"column":8},"end":{"line":31,"column":null}},"3":{"start":{"line":34,"column":4},"end":{"line":34,"column":null}},"4":{"start":{"line":35,"column":4},"end":{"line":35,"column":null}},"5":{"start":{"line":36,"column":4},"end":{"line":43,"column":null}},"6":{"start":{"line":37,"column":6},"end":{"line":37,"column":null}},"7":{"start":{"line":39,"column":6},"end":{"line":39,"column":null}},"8":{"start":{"line":40,"column":6},"end":{"line":40,"column":null}},"9":{"start":{"line":42,"column":6},"end":{"line":42,"column":null}},"10":{"start":{"line":46,"column":2},"end":{"line":46,"column":null}}},"fnMap":{"0":{"name":"aiComplete","decl":{"start":{"line":14,"column":22},"end":{"line":14,"column":33}},"loc":{"start":{"line":14,"column":84},"end":{"line":16,"column":null}},"line":14},"1":{"name":"useAI","decl":{"start":{"line":29,"column":16},"end":{"line":29,"column":22}},"loc":{"start":{"line":29,"column":40},"end":{"line":47,"column":null}},"line":29},"2":{"name":"complete","decl":{"start":{"line":33,"column":17},"end":{"line":33,"column":26}},"loc":{"start":{"line":33,"column":81},"end":{"line":44,"column":null}},"line":33}},"branchMap":{"0":{"loc":{"start":{"line":37,"column":46},"end":{"line":37,"column":77}},"type":"binary-expr","locations":[{"start":{"line":37,"column":46},"end":{"line":37,"column":65}},{"start":{"line":37,"column":65},"end":{"line":37,"column":77}}],"line":37},"1":{"loc":{"start":{"line":39,"column":20},"end":{"line":39,"column":null}},"type":"cond-expr","locations":[{"start":{"line":39,"column":41},"end":{"line":39,"column":53}},{"start":{"line":39,"column":53},"end":{"line":39,"column":null}}],"line":39}},"s":{"0":0,"1":0,"2":0,"3":0,"4":0,"5":0,"6":0,"7":0,"8":0,"9":0,"10":0},"f":{"0":0,"1":0,"2":0},"b":{"0":[0,0],"1":[0,0]},"meta":{"lastBranch":2,"lastFunction":3,"lastStatement":11,"seen":{"f:14:22:14:33":0,"s:15:2:15:Infinity":0,"f:29:16:29:22":1,"s:30:8:30:Infinity":1,"s:31:8:31:Infinity":2,"f:33:17:33:26":2,"s:34:4:34:Infinity":3,"s:35:4:35:Infinity":4,"s:36:4:43:Infinity":5,"s:37:6:37:Infinity":6,"b:37:46:37:65:37:65:37:77":0,"s:39:6:39:Infinity":7,"b:39:41:39:53:39:53:39:Infinity":1,"s:40:6:40:Infinity":8,"s:42:6:42:Infinity":9,"s:46:2:46:Infinity":10}}}
,"/Users/test/Documents/Work/AIProjects/VibeOS/src/core/composables/useAiInsight.ts": {"path":"/Users/test/Documents/Work/AIProjects/VibeOS/src/core/composables/useAiInsight.ts","statementMap":{"0":{"start":{"line":31,"column":8},"end":{"line":31,"column":null}},"1":{"start":{"line":32,"column":8},"end":{"line":32,"column":null}},"2":{"start":{"line":35,"column":4},"end":{"line":35,"column":null}},"3":{"start":{"line":36,"column":4},"end":{"line":36,"column":null}},"4":{"start":{"line":37,"column":4},"end":{"line":40,"column":null}},"5":{"start":{"line":38,"column":20},"end":{"line":38,"column":38}},"6":{"start":{"line":40,"column":23},"end":{"line":40,"column":45}},"7":{"start":{"line":44,"column":4},"end":{"line":44,"column":null}},"8":{"start":{"line":47,"column":2},"end":{"line":47,"column":null}}},"fnMap":{"0":{"name":"useAiInsight","decl":{"start":{"line":25,"column":16},"end":{"line":25,"column":null}},"loc":{"start":{"line":30,"column":2},"end":{"line":48,"column":null}},"line":30},"1":{"name":"run","decl":{"start":{"line":34,"column":11},"end":{"line":34,"column":15}},"loc":{"start":{"line":34,"column":37},"end":{"line":41,"column":null}},"line":34},"2":{"name":"(anonymous_2)","decl":{"start":{"line":38,"column":12},"end":{"line":38,"column":18}},"loc":{"start":{"line":38,"column":18},"end":{"line":38,"column":39}},"line":38},"3":{"name":"(anonymous_3)","decl":{"start":{"line":39,"column":13},"end":{"line":39,"column":19}},"loc":{"start":{"line":39,"column":19},"end":{"line":39,"column":62}},"line":39},"4":{"name":"(anonymous_4)","decl":{"start":{"line":40,"column":15},"end":{"line":40,"column":21}},"loc":{"start":{"line":40,"column":21},"end":{"line":40,"column":46}},"line":40},"5":{"name":"dismiss","decl":{"start":{"line":43,"column":11},"end":{"line":43,"column":27}},"loc":{"start":{"line":43,"column":27},"end":{"line":45,"column":null}},"line":43}},"branchMap":{},"s":{"0":0,"1":0,"2":0,"3":0,"4":0,"5":0,"6":0,"7":0,"8":0},"f":{"0":0,"1":0,"2":0,"3":0,"4":0,"5":0},"b":{},"meta":{"lastBranch":0,"lastFunction":6,"lastStatement":9,"seen":{"f:25:16:25:Infinity":0,"s:31:8:31:Infinity":0,"s:32:8:32:Infinity":1,"f:34:11:34:15":1,"s:35:4:35:Infinity":2,"s:36:4:36:Infinity":3,"s:37:4:40:Infinity":4,"f:38:12:38:18":2,"s:38:20:38:38":5,"f:39:13:39:19":3,"f:40:15:40:21":4,"s:40:23:40:45":6,"f:43:11:43:27":5,"s:44:4:44:Infinity":7,"s:47:2:47:Infinity":8}}}
,"/Users/test/Documents/Work/AIProjects/VibeOS/src/core/composables/useAsync.ts": {"path":"/Users/test/Documents/Work/AIProjects/VibeOS/src/core/composables/useAsync.ts","statementMap":{"0":{"start":{"line":16,"column":8},"end":{"line":16,"column":null}},"1":{"start":{"line":17,"column":8},"end":{"line":17,"column":null}},"2":{"start":{"line":18,"column":8},"end":{"line":18,"column":null}},"3":{"start":{"line":21,"column":4},"end":{"line":21,"column":null}},"4":{"start":{"line":22,"column":4},"end":{"line":22,"column":null}},"5":{"start":{"line":23,"column":4},"end":{"line":31,"column":null}},"6":{"start":{"line":24,"column":6},"end":{"line":24,"column":null}},"7":{"start":{"line":25,"column":6},"end":{"line":25,"column":null}},"8":{"start":{"line":27,"column":6},"end":{"line":27,"column":null}},"9":{"start":{"line":28,"column":6},"end":{"line":28,"column":null}},"10":{"start":{"line":30,"column":6},"end":{"line":30,"column":null}},"11":{"start":{"line":35,"column":4},"end":{"line":35,"column":null}},"12":{"start":{"line":36,"column":4},"end":{"line":36,"column":null}},"13":{"start":{"line":37,"column":4},"end":{"line":37,"column":null}},"14":{"start":{"line":40,"column":2},"end":{"line":40,"column":null}}},"fnMap":{"0":{"name":"useAsync","decl":{"start":{"line":15,"column":16},"end":{"line":15,"column":28}},"loc":{"start":{"line":15,"column":84},"end":{"line":41,"column":null}},"line":15},"1":{"name":"execute","decl":{"start":{"line":20,"column":17},"end":{"line":20,"column":28}},"loc":{"start":{"line":20,"column":64},"end":{"line":32,"column":null}},"line":20},"2":{"name":"reset","decl":{"start":{"line":34,"column":11},"end":{"line":34,"column":19}},"loc":{"start":{"line":34,"column":19},"end":{"line":38,"column":null}},"line":34}},"branchMap":{"0":{"loc":{"start":{"line":27,"column":20},"end":{"line":27,"column":null}},"type":"cond-expr","locations":[{"start":{"line":27,"column":41},"end":{"line":27,"column":53}},{"start":{"line":27,"column":53},"end":{"line":27,"column":null}}],"line":27}},"s":{"0":0,"1":0,"2":0,"3":0,"4":0,"5":0,"6":0,"7":0,"8":0,"9":0,"10":0,"11":0,"12":0,"13":0,"14":0},"f":{"0":0,"1":0,"2":0},"b":{"0":[0,0]},"meta":{"lastBranch":1,"lastFunction":3,"lastStatement":15,"seen":{"f:15:16:15:28":0,"s:16:8:16:Infinity":0,"s:17:8:17:Infinity":1,"s:18:8:18:Infinity":2,"f:20:17:20:28":1,"s:21:4:21:Infinity":3,"s:22:4:22:Infinity":4,"s:23:4:31:Infinity":5,"s:24:6:24:Infinity":6,"s:25:6:25:Infinity":7,"s:27:6:27:Infinity":8,"b:27:41:27:53:27:53:27:Infinity":0,"s:28:6:28:Infinity":9,"s:30:6:30:Infinity":10,"f:34:11:34:19":2,"s:35:4:35:Infinity":11,"s:36:4:36:Infinity":12,"s:37:4:37:Infinity":13,"s:40:2:40:Infinity":14}}}
,"/Users/test/Documents/Work/AIProjects/VibeOS/src/core/composables/useCloudSync.ts": {"path":"/Users/test/Documents/Work/AIProjects/VibeOS/src/core/composables/useCloudSync.ts","statementMap":{"0":{"start":{"line":52,"column":20},"end":{"line":52,"column":null}},"1":{"start":{"line":53,"column":20},"end":{"line":53,"column":null}},"2":{"start":{"line":54,"column":2},"end":{"line":54,"column":null}},"3":{"start":{"line":65,"column":14},"end":{"line":65,"column":null}},"4":{"start":{"line":65,"column":42},"end":{"line":65,"column":51}},"5":{"start":{"line":66,"column":2},"end":{"line":71,"column":null}},"6":{"start":{"line":67,"column":18},"end":{"line":67,"column":null}},"7":{"start":{"line":68,"column":4},"end":{"line":70,"column":null}},"8":{"start":{"line":69,"column":6},"end":{"line":69,"column":null}},"9":{"start":{"line":72,"column":2},"end":{"line":72,"column":null}},"10":{"start":{"line":78,"column":40},"end":{"line":88,"column":null}},"11":{"start":{"line":96,"column":17},"end":{"line":96,"column":null}},"12":{"start":{"line":97,"column":2},"end":{"line":110,"column":null}},"13":{"start":{"line":98,"column":16},"end":{"line":98,"column":null}},"14":{"start":{"line":99,"column":4},"end":{"line":99,"column":null}},"15":{"start":{"line":99,"column":14},"end":{"line":99,"column":null}},"16":{"start":{"line":100,"column":4},"end":{"line":109,"column":null}},"17":{"start":{"line":101,"column":20},"end":{"line":101,"column":null}},"18":{"start":{"line":102,"column":6},"end":{"line":102,"column":null}},"19":{"start":{"line":102,"column":33},"end":{"line":102,"column":null}},"20":{"start":{"line":103,"column":19},"end":{"line":103,"column":null}},"21":{"start":{"line":103,"column":37},"end":{"line":103,"column":74}},"22":{"start":{"line":104,"column":6},"end":{"line":106,"column":null}},"23":{"start":{"line":105,"column":8},"end":{"line":105,"column":null}},"24":{"start":{"line":114,"column":6},"end":{"line":114,"column":null}},"25":{"start":{"line":115,"column":6},"end":{"line":115,"column":null}},"26":{"start":{"line":116,"column":6},"end":{"line":116,"column":null}},"27":{"start":{"line":119,"column":66},"end":{"line":130,"column":null}},"28":{"start":{"line":140,"column":4},"end":{"line":140,"column":null}},"29":{"start":{"line":148,"column":4},"end":{"line":148,"column":null}},"30":{"start":{"line":148,"column":31},"end":{"line":148,"column":null}},"31":{"start":{"line":150,"column":4},"end":{"line":150,"column":null}},"32":{"start":{"line":151,"column":4},"end":{"line":151,"column":null}},"33":{"start":{"line":153,"column":4},"end":{"line":182,"column":null}},"34":{"start":{"line":154,"column":12},"end":{"line":154,"column":null}},"35":{"start":{"line":156,"column":6},"end":{"line":174,"column":null}},"36":{"start":{"line":158,"column":32},"end":{"line":160,"column":null}},"37":{"start":{"line":162,"column":8},"end":{"line":165,"column":null}},"38":{"start":{"line":163,"column":10},"end":{"line":163,"column":null}},"39":{"start":{"line":164,"column":10},"end":{"line":164,"column":null}},"40":{"start":{"line":167,"column":8},"end":{"line":167,"column":null}},"41":{"start":{"line":167,"column":27},"end":{"line":167,"column":null}},"42":{"start":{"line":170,"column":25},"end":{"line":170,"column":null}},"43":{"start":{"line":171,"column":41},"end":{"line":171,"column":null}},"44":{"start":{"line":172,"column":23},"end":{"line":172,"column":null}},"45":{"start":{"line":173,"column":8},"end":{"line":173,"column":null}},"46":{"start":{"line":176,"column":6},"end":{"line":176,"column":null}},"47":{"start":{"line":177,"column":6},"end":{"line":177,"column":null}},"48":{"start":{"line":179,"column":6},"end":{"line":179,"column":null}},"49":{"start":{"line":180,"column":6},"end":{"line":180,"column":null}},"50":{"start":{"line":181,"column":6},"end":{"line":181,"column":null}},"51":{"start":{"line":193,"column":4},"end":{"line":193,"column":null}},"52":{"start":{"line":193,"column":31},"end":{"line":193,"column":null}},"53":{"start":{"line":195,"column":4},"end":{"line":205,"column":null}},"54":{"start":{"line":196,"column":12},"end":{"line":196,"column":null}},"55":{"start":{"line":198,"column":24},"end":{"line":198,"column":null}},"56":{"start":{"line":200,"column":6},"end":{"line":202,"column":null}},"57":{"start":{"line":201,"column":8},"end":{"line":201,"column":null}},"58":{"start":{"line":204,"column":6},"end":{"line":204,"column":null}},"59":{"start":{"line":216,"column":4},"end":{"line":216,"column":null}},"60":{"start":{"line":216,"column":31},"end":{"line":216,"column":null}},"61":{"start":{"line":218,"column":4},"end":{"line":228,"column":null}},"62":{"start":{"line":219,"column":12},"end":{"line":219,"column":null}},"63":{"start":{"line":221,"column":24},"end":{"line":221,"column":null}},"64":{"start":{"line":223,"column":6},"end":{"line":225,"column":null}},"65":{"start":{"line":224,"column":8},"end":{"line":224,"column":null}},"66":{"start":{"line":227,"column":6},"end":{"line":227,"column":null}},"67":{"start":{"line":236,"column":4},"end":{"line":236,"column":null}},"68":{"start":{"line":236,"column":31},"end":{"line":236,"column":null}},"69":{"start":{"line":238,"column":4},"end":{"line":238,"column":null}},"70":{"start":{"line":239,"column":4},"end":{"line":239,"column":null}},"71":{"start":{"line":241,"column":4},"end":{"line":268,"column":null}},"72":{"start":{"line":242,"column":12},"end":{"line":242,"column":null}},"73":{"start":{"line":244,"column":6},"end":{"line":260,"column":null}},"74":{"start":{"line":245,"column":25},"end":{"line":245,"column":null}},"75":{"start":{"line":246,"column":8},"end":{"line":246,"column":null}},"76":{"start":{"line":246,"column":23},"end":{"line":246,"column":null}},"77":{"start":{"line":248,"column":36},"end":{"line":248,"column":null}},"78":{"start":{"line":249,"column":8},"end":{"line":249,"column":null}},"79":{"start":{"line":249,"column":27},"end":{"line":249,"column":null}},"80":{"start":{"line":252,"column":24},"end":{"line":252,"column":null}},"81":{"start":{"line":252,"column":40},"end":{"line":252,"column":66}},"82":{"start":{"line":255,"column":26},"end":{"line":255,"column":null}},"83":{"start":{"line":257,"column":8},"end":{"line":259,"column":null}},"84":{"start":{"line":258,"column":10},"end":{"line":258,"column":null}},"85":{"start":{"line":262,"column":6},"end":{"line":262,"column":null}},"86":{"start":{"line":263,"column":6},"end":{"line":263,"column":null}},"87":{"start":{"line":265,"column":6},"end":{"line":265,"column":null}},"88":{"start":{"line":266,"column":6},"end":{"line":266,"column":null}},"89":{"start":{"line":267,"column":6},"end":{"line":267,"column":null}},"90":{"start":{"line":271,"column":2},"end":{"line":280,"column":null}}},"fnMap":{"0":{"name":"effectiveTs","decl":{"start":{"line":51,"column":16},"end":{"line":51,"column":28}},"loc":{"start":{"line":51,"column":56},"end":{"line":55,"column":null}},"line":51},"1":{"name":"mergeRecords","decl":{"start":{"line":64,"column":16},"end":{"line":64,"column":56}},"loc":{"start":{"line":64,"column":96},"end":{"line":73,"column":null}},"line":64},"2":{"name":"(anonymous_2)","decl":{"start":{"line":65,"column":37},"end":{"line":65,"column":42}},"loc":{"start":{"line":65,"column":42},"end":{"line":65,"column":51}},"line":65},"3":{"name":"gcTombstones","decl":{"start":{"line":95,"column":16},"end":{"line":95,"column":29}},"loc":{"start":{"line":95,"column":52},"end":{"line":111,"column":null}},"line":95},"4":{"name":"(anonymous_4)","decl":{"start":{"line":103,"column":32},"end":{"line":103,"column":37}},"loc":{"start":{"line":103,"column":37},"end":{"line":103,"column":74}},"line":103},"5":{"name":"useCloudSync","decl":{"start":{"line":133,"column":16},"end":{"line":133,"column":31}},"loc":{"start":{"line":133,"column":31},"end":{"line":281,"column":null}},"line":133},"6":{"name":"_merge","decl":{"start":{"line":139,"column":11},"end":{"line":139,"column":45}},"loc":{"start":{"line":139,"column":85},"end":{"line":141,"column":null}},"line":139},"7":{"name":"pullAll","decl":{"start":{"line":147,"column":17},"end":{"line":147,"column":42}},"loc":{"start":{"line":147,"column":42},"end":{"line":183,"column":null}},"line":147},"8":{"name":"pushRecord","decl":{"start":{"line":189,"column":17},"end":{"line":189,"column":null}},"loc":{"start":{"line":192,"column":19},"end":{"line":206,"column":null}},"line":192},"9":{"name":"deleteRecord","decl":{"start":{"line":212,"column":17},"end":{"line":212,"column":null}},"loc":{"start":{"line":215,"column":19},"end":{"line":229,"column":null}},"line":215},"10":{"name":"pushAll","decl":{"start":{"line":235,"column":17},"end":{"line":235,"column":25}},"loc":{"start":{"line":235,"column":56},"end":{"line":269,"column":null}},"line":235},"11":{"name":"(anonymous_11)","decl":{"start":{"line":252,"column":34},"end":{"line":252,"column":40}},"loc":{"start":{"line":252,"column":40},"end":{"line":252,"column":66}},"line":252}},"branchMap":{"0":{"loc":{"start":{"line":52,"column":20},"end":{"line":52,"column":null}},"type":"cond-expr","locations":[{"start":{"line":52,"column":35},"end":{"line":52,"column":70}},{"start":{"line":52,"column":70},"end":{"line":52,"column":null}}],"line":52},"1":{"loc":{"start":{"line":53,"column":20},"end":{"line":53,"column":null}},"type":"binary-expr","locations":[{"start":{"line":53,"column":20},"end":{"line":53,"column":35}},{"start":{"line":53,"column":35},"end":{"line":53,"column":null}}],"line":53},"2":{"loc":{"start":{"line":68,"column":4},"end":{"line":70,"column":null}},"type":"if","locations":[{"start":{"line":68,"column":4},"end":{"line":70,"column":null}},{"start":{},"end":{}}],"line":68},"3":{"loc":{"start":{"line":68,"column":8},"end":{"line":68,"column":60}},"type":"binary-expr","locations":[{"start":{"line":68,"column":8},"end":{"line":68,"column":18}},{"start":{"line":68,"column":18},"end":{"line":68,"column":60}}],"line":68},"4":{"loc":{"start":{"line":95,"column":29},"end":{"line":95,"column":52}},"type":"default-arg","locations":[{"start":{"line":95,"column":42},"end":{"line":95,"column":52}}],"line":95},"5":{"loc":{"start":{"line":99,"column":4},"end":{"line":99,"column":null}},"type":"if","locations":[{"start":{"line":99,"column":4},"end":{"line":99,"column":null}},{"start":{},"end":{}}],"line":99},"6":{"loc":{"start":{"line":102,"column":6},"end":{"line":102,"column":null}},"type":"if","locations":[{"start":{"line":102,"column":6},"end":{"line":102,"column":null}},{"start":{},"end":{}}],"line":102},"7":{"loc":{"start":{"line":103,"column":37},"end":{"line":103,"column":74}},"type":"binary-expr","locations":[{"start":{"line":103,"column":37},"end":{"line":103,"column":53}},{"start":{"line":103,"column":53},"end":{"line":103,"column":74}}],"line":103},"8":{"loc":{"start":{"line":104,"column":6},"end":{"line":106,"column":null}},"type":"if","locations":[{"start":{"line":104,"column":6},"end":{"line":106,"column":null}},{"start":{},"end":{}}],"line":104},"9":{"loc":{"start":{"line":114,"column":35},"end":{"line":114,"column":81}},"type":"cond-expr","locations":[{"start":{"line":114,"column":58},"end":{"line":114,"column":67}},{"start":{"line":114,"column":67},"end":{"line":114,"column":81}}],"line":114},"10":{"loc":{"start":{"line":148,"column":4},"end":{"line":148,"column":null}},"type":"if","locations":[{"start":{"line":148,"column":4},"end":{"line":148,"column":null}},{"start":{},"end":{}}],"line":148},"11":{"loc":{"start":{"line":162,"column":8},"end":{"line":165,"column":null}},"type":"if","locations":[{"start":{"line":162,"column":8},"end":{"line":165,"column":null}},{"start":{},"end":{}}],"line":162},"12":{"loc":{"start":{"line":167,"column":8},"end":{"line":167,"column":null}},"type":"if","locations":[{"start":{"line":167,"column":8},"end":{"line":167,"column":null}},{"start":{},"end":{}}],"line":167},"13":{"loc":{"start":{"line":171,"column":41},"end":{"line":171,"column":null}},"type":"cond-expr","locations":[{"start":{"line":171,"column":52},"end":{"line":171,"column":75}},{"start":{"line":171,"column":75},"end":{"line":171,"column":null}}],"line":171},"14":{"loc":{"start":{"line":179,"column":25},"end":{"line":179,"column":null}},"type":"cond-expr","locations":[{"start":{"line":179,"column":48},"end":{"line":179,"column":62}},{"start":{"line":179,"column":62},"end":{"line":179,"column":null}}],"line":179},"15":{"loc":{"start":{"line":193,"column":4},"end":{"line":193,"column":null}},"type":"if","locations":[{"start":{"line":193,"column":4},"end":{"line":193,"column":null}},{"start":{},"end":{}}],"line":193},"16":{"loc":{"start":{"line":200,"column":6},"end":{"line":202,"column":null}},"type":"if","locations":[{"start":{"line":200,"column":6},"end":{"line":202,"column":null}},{"start":{},"end":{}}],"line":200},"17":{"loc":{"start":{"line":216,"column":4},"end":{"line":216,"column":null}},"type":"if","locations":[{"start":{"line":216,"column":4},"end":{"line":216,"column":null}},{"start":{},"end":{}}],"line":216},"18":{"loc":{"start":{"line":223,"column":6},"end":{"line":225,"column":null}},"type":"if","locations":[{"start":{"line":223,"column":6},"end":{"line":225,"column":null}},{"start":{},"end":{}}],"line":223},"19":{"loc":{"start":{"line":236,"column":4},"end":{"line":236,"column":null}},"type":"if","locations":[{"start":{"line":236,"column":4},"end":{"line":236,"column":null}},{"start":{},"end":{}}],"line":236},"20":{"loc":{"start":{"line":246,"column":8},"end":{"line":246,"column":null}},"type":"if","locations":[{"start":{"line":246,"column":8},"end":{"line":246,"column":null}},{"start":{},"end":{}}],"line":246},"21":{"loc":{"start":{"line":249,"column":8},"end":{"line":249,"column":null}},"type":"if","locations":[{"start":{"line":249,"column":8},"end":{"line":249,"column":null}},{"start":{},"end":{}}],"line":249},"22":{"loc":{"start":{"line":257,"column":8},"end":{"line":259,"column":null}},"type":"if","locations":[{"start":{"line":257,"column":8},"end":{"line":259,"column":null}},{"start":{},"end":{}}],"line":257},"23":{"loc":{"start":{"line":265,"column":25},"end":{"line":265,"column":null}},"type":"cond-expr","locations":[{"start":{"line":265,"column":48},"end":{"line":265,"column":62}},{"start":{"line":265,"column":62},"end":{"line":265,"column":null}}],"line":265}},"s":{"0":13,"1":13,"2":13,"3":7,"4":6,"5":7,"6":6,"7":6,"8":5,"9":7,"10":1,"11":2,"12":2,"13":18,"14":18,"15":16,"16":2,"17":2,"18":2,"19":0,"20":2,"21":4,"22":2,"23":1,"24":1,"25":1,"26":1,"27":1,"28":0,"29":0,"30":0,"31":0,"32":0,"33":0,"34":0,"35":0,"36":0,"37":0,"38":0,"39":0,"40":0,"41":0,"42":0,"43":0,"44":0,"45":0,"46":0,"47":0,"48":0,"49":0,"50":0,"51":0,"52":0,"53":0,"54":0,"55":0,"56":0,"57":0,"58":0,"59":0,"60":0,"61":0,"62":0,"63":0,"64":0,"65":0,"66":0,"67":0,"68":0,"69":0,"70":0,"71":0,"72":0,"73":0,"74":0,"75":0,"76":0,"77":0,"78":0,"79":0,"80":0,"81":0,"82":0,"83":0,"84":0,"85":0,"86":0,"87":0,"88":0,"89":0,"90":0},"f":{"0":13,"1":7,"2":6,"3":2,"4":4,"5":0,"6":0,"7":0,"8":0,"9":0,"10":0,"11":0},"b":{"0":[12,1],"1":[13,7],"2":[5,1],"3":[6,5],"4":[2],"5":[16,2],"6":[0,2],"7":[4,2],"8":[1,1],"9":[0,1],"10":[0,0],"11":[0,0],"12":[0,0],"13":[0,0],"14":[0,0],"15":[0,0],"16":[0,0],"17":[0,0],"18":[0,0],"19":[0,0],"20":[0,0],"21":[0,0],"22":[0,0],"23":[0,0]},"meta":{"lastBranch":24,"lastFunction":12,"lastStatement":91,"seen":{"f:51:16:51:28":0,"s:52:20:52:Infinity":0,"b:52:35:52:70:52:70:52:Infinity":0,"s:53:20:53:Infinity":1,"b:53:20:53:35:53:35:53:Infinity":1,"s:54:2:54:Infinity":2,"f:64:16:64:56":1,"s:65:14:65:Infinity":3,"f:65:37:65:42":2,"s:65:42:65:51":4,"s:66:2:71:Infinity":5,"s:67:18:67:Infinity":6,"b:68:4:70:Infinity:undefined:undefined:undefined:undefined":2,"s:68:4:70:Infinity":7,"b:68:8:68:18:68:18:68:60":3,"s:69:6:69:Infinity":8,"s:72:2:72:Infinity":9,"s:78:40:88:Infinity":10,"f:95:16:95:29":3,"b:95:42:95:52":4,"s:96:17:96:Infinity":11,"s:97:2:110:Infinity":12,"s:98:16:98:Infinity":13,"b:99:4:99:Infinity:undefined:undefined:undefined:undefined":5,"s:99:4:99:Infinity":14,"s:99:14:99:Infinity":15,"s:100:4:109:Infinity":16,"s:101:20:101:Infinity":17,"b:102:6:102:Infinity:undefined:undefined:undefined:undefined":6,"s:102:6:102:Infinity":18,"s:102:33:102:Infinity":19,"s:103:19:103:Infinity":20,"f:103:32:103:37":4,"s:103:37:103:74":21,"b:103:37:103:53:103:53:103:74":7,"b:104:6:106:Infinity:undefined:undefined:undefined:undefined":8,"s:104:6:106:Infinity":22,"s:105:8:105:Infinity":23,"s:114:6:114:Infinity":24,"b:114:58:114:67:114:67:114:81":9,"s:115:6:115:Infinity":25,"s:116:6:116:Infinity":26,"s:119:66:130:Infinity":27,"f:133:16:133:31":5,"f:139:11:139:45":6,"s:140:4:140:Infinity":28,"f:147:17:147:42":7,"b:148:4:148:Infinity:undefined:undefined:undefined:undefined":10,"s:148:4:148:Infinity":29,"s:148:31:148:Infinity":30,"s:150:4:150:Infinity":31,"s:151:4:151:Infinity":32,"s:153:4:182:Infinity":33,"s:154:12:154:Infinity":34,"s:156:6:174:Infinity":35,"s:158:32:160:Infinity":36,"b:162:8:165:Infinity:undefined:undefined:undefined:undefined":11,"s:162:8:165:Infinity":37,"s:163:10:163:Infinity":38,"s:164:10:164:Infinity":39,"b:167:8:167:Infinity:undefined:undefined:undefined:undefined":12,"s:167:8:167:Infinity":40,"s:167:27:167:Infinity":41,"s:170:25:170:Infinity":42,"s:171:41:171:Infinity":43,"b:171:52:171:75:171:75:171:Infinity":13,"s:172:23:172:Infinity":44,"s:173:8:173:Infinity":45,"s:176:6:176:Infinity":46,"s:177:6:177:Infinity":47,"s:179:6:179:Infinity":48,"b:179:48:179:62:179:62:179:Infinity":14,"s:180:6:180:Infinity":49,"s:181:6:181:Infinity":50,"f:189:17:189:Infinity":8,"b:193:4:193:Infinity:undefined:undefined:undefined:undefined":15,"s:193:4:193:Infinity":51,"s:193:31:193:Infinity":52,"s:195:4:205:Infinity":53,"s:196:12:196:Infinity":54,"s:198:24:198:Infinity":55,"b:200:6:202:Infinity:undefined:undefined:undefined:undefined":16,"s:200:6:202:Infinity":56,"s:201:8:201:Infinity":57,"s:204:6:204:Infinity":58,"f:212:17:212:Infinity":9,"b:216:4:216:Infinity:undefined:undefined:undefined:undefined":17,"s:216:4:216:Infinity":59,"s:216:31:216:Infinity":60,"s:218:4:228:Infinity":61,"s:219:12:219:Infinity":62,"s:221:24:221:Infinity":63,"b:223:6:225:Infinity:undefined:undefined:undefined:undefined":18,"s:223:6:225:Infinity":64,"s:224:8:224:Infinity":65,"s:227:6:227:Infinity":66,"f:235:17:235:25":10,"b:236:4:236:Infinity:undefined:undefined:undefined:undefined":19,"s:236:4:236:Infinity":67,"s:236:31:236:Infinity":68,"s:238:4:238:Infinity":69,"s:239:4:239:Infinity":70,"s:241:4:268:Infinity":71,"s:242:12:242:Infinity":72,"s:244:6:260:Infinity":73,"s:245:25:245:Infinity":74,"b:246:8:246:Infinity:undefined:undefined:undefined:undefined":20,"s:246:8:246:Infinity":75,"s:246:23:246:Infinity":76,"s:248:36:248:Infinity":77,"b:249:8:249:Infinity:undefined:undefined:undefined:undefined":21,"s:249:8:249:Infinity":78,"s:249:27:249:Infinity":79,"s:252:24:252:Infinity":80,"f:252:34:252:40":11,"s:252:40:252:66":81,"s:255:26:255:Infinity":82,"b:257:8:259:Infinity:undefined:undefined:undefined:undefined":22,"s:257:8:259:Infinity":83,"s:258:10:258:Infinity":84,"s:262:6:262:Infinity":85,"s:263:6:263:Infinity":86,"s:265:6:265:Infinity":87,"b:265:48:265:62:265:62:265:Infinity":23,"s:266:6:266:Infinity":88,"s:267:6:267:Infinity":89,"s:271:2:280:Infinity":90}}}
,"/Users/test/Documents/Work/AIProjects/VibeOS/src/core/composables/useConfirm.ts": {"path":"/Users/test/Documents/Work/AIProjects/VibeOS/src/core/composables/useConfirm.ts","statementMap":{"0":{"start":{"line":12,"column":6},"end":{"line":12,"column":null}},"1":{"start":{"line":13,"column":6},"end":{"line":13,"column":null}},"2":{"start":{"line":14,"column":6},"end":{"line":14,"column":null}},"3":{"start":{"line":15,"column":6},"end":{"line":15,"column":null}},"4":{"start":{"line":16,"column":6},"end":{"line":16,"column":null}},"5":{"start":{"line":17,"column":6},"end":{"line":17,"column":null}},"6":{"start":{"line":19,"column":50},"end":{"line":19,"column":null}},"7":{"start":{"line":23,"column":4},"end":{"line":23,"column":null}},"8":{"start":{"line":24,"column":4},"end":{"line":24,"column":null}},"9":{"start":{"line":25,"column":4},"end":{"line":25,"column":null}},"10":{"start":{"line":26,"column":4},"end":{"line":26,"column":null}},"11":{"start":{"line":27,"column":4},"end":{"line":27,"column":null}},"12":{"start":{"line":28,"column":4},"end":{"line":28,"column":null}},"13":{"start":{"line":30,"column":4},"end":{"line":30,"column":null}},"14":{"start":{"line":30,"column":38},"end":{"line":30,"column":57}},"15":{"start":{"line":34,"column":4},"end":{"line":34,"column":null}},"16":{"start":{"line":35,"column":4},"end":{"line":35,"column":null}},"17":{"start":{"line":36,"column":4},"end":{"line":36,"column":null}},"18":{"start":{"line":40,"column":4},"end":{"line":40,"column":null}},"19":{"start":{"line":41,"column":4},"end":{"line":41,"column":null}},"20":{"start":{"line":42,"column":4},"end":{"line":42,"column":null}},"21":{"start":{"line":45,"column":2},"end":{"line":45,"column":null}}},"fnMap":{"0":{"name":"useConfirm","decl":{"start":{"line":21,"column":16},"end":{"line":21,"column":29}},"loc":{"start":{"line":21,"column":29},"end":{"line":46,"column":null}},"line":21},"1":{"name":"confirm","decl":{"start":{"line":22,"column":11},"end":{"line":22,"column":19}},"loc":{"start":{"line":22,"column":64},"end":{"line":31,"column":null}},"line":22},"2":{"name":"(anonymous_2)","decl":{"start":{"line":30,"column":23},"end":{"line":30,"column":24}},"loc":{"start":{"line":30,"column":36},"end":{"line":30,"column":58}},"line":30},"3":{"name":"accept","decl":{"start":{"line":33,"column":11},"end":{"line":33,"column":26}},"loc":{"start":{"line":33,"column":26},"end":{"line":37,"column":null}},"line":33},"4":{"name":"dismiss","decl":{"start":{"line":39,"column":11},"end":{"line":39,"column":27}},"loc":{"start":{"line":39,"column":27},"end":{"line":43,"column":null}},"line":39}},"branchMap":{"0":{"loc":{"start":{"line":22,"column":19},"end":{"line":22,"column":64}},"type":"default-arg","locations":[{"start":{"line":22,"column":42},"end":{"line":22,"column":64}}],"line":22},"1":{"loc":{"start":{"line":23,"column":25},"end":{"line":23,"column":null}},"type":"binary-expr","locations":[{"start":{"line":23,"column":25},"end":{"line":23,"column":46}},{"start":{"line":23,"column":46},"end":{"line":23,"column":null}}],"line":23},"2":{"loc":{"start":{"line":24,"column":25},"end":{"line":24,"column":null}},"type":"binary-expr","locations":[{"start":{"line":24,"column":25},"end":{"line":24,"column":46}},{"start":{"line":24,"column":46},"end":{"line":24,"column":null}}],"line":24},"3":{"loc":{"start":{"line":25,"column":25},"end":{"line":25,"column":null}},"type":"binary-expr","locations":[{"start":{"line":25,"column":25},"end":{"line":25,"column":46}},{"start":{"line":25,"column":46},"end":{"line":25,"column":null}}],"line":25},"4":{"loc":{"start":{"line":26,"column":25},"end":{"line":26,"column":null}},"type":"binary-expr","locations":[{"start":{"line":26,"column":25},"end":{"line":26,"column":47}},{"start":{"line":26,"column":47},"end":{"line":26,"column":null}}],"line":26},"5":{"loc":{"start":{"line":26,"column":47},"end":{"line":26,"column":null}},"type":"cond-expr","locations":[{"start":{"line":26,"column":61},"end":{"line":26,"column":72}},{"start":{"line":26,"column":72},"end":{"line":26,"column":null}}],"line":26},"6":{"loc":{"start":{"line":27,"column":25},"end":{"line":27,"column":null}},"type":"binary-expr","locations":[{"start":{"line":27,"column":25},"end":{"line":27,"column":46}},{"start":{"line":27,"column":46},"end":{"line":27,"column":null}}],"line":27}},"s":{"0":1,"1":1,"2":1,"3":1,"4":1,"5":1,"6":1,"7":0,"8":0,"9":0,"10":0,"11":0,"12":0,"13":0,"14":0,"15":0,"16":0,"17":0,"18":0,"19":0,"20":0,"21":0},"f":{"0":0,"1":0,"2":0,"3":0,"4":0},"b":{"0":[0],"1":[0,0],"2":[0,0],"3":[0,0],"4":[0,0],"5":[0,0],"6":[0,0]},"meta":{"lastBranch":7,"lastFunction":5,"lastStatement":22,"seen":{"s:12:6:12:Infinity":0,"s:13:6:13:Infinity":1,"s:14:6:14:Infinity":2,"s:15:6:15:Infinity":3,"s:16:6:16:Infinity":4,"s:17:6:17:Infinity":5,"s:19:50:19:Infinity":6,"f:21:16:21:29":0,"f:22:11:22:19":1,"b:22:42:22:64":0,"s:23:4:23:Infinity":7,"b:23:25:23:46:23:46:23:Infinity":1,"s:24:4:24:Infinity":8,"b:24:25:24:46:24:46:24:Infinity":2,"s:25:4:25:Infinity":9,"b:25:25:25:46:25:46:25:Infinity":3,"s:26:4:26:Infinity":10,"b:26:25:26:47:26:47:26:Infinity":4,"b:26:61:26:72:26:72:26:Infinity":5,"s:27:4:27:Infinity":11,"b:27:25:27:46:27:46:27:Infinity":6,"s:28:4:28:Infinity":12,"s:30:4:30:Infinity":13,"f:30:23:30:24":2,"s:30:38:30:57":14,"f:33:11:33:26":3,"s:34:4:34:Infinity":15,"s:35:4:35:Infinity":16,"s:36:4:36:Infinity":17,"f:39:11:39:27":4,"s:40:4:40:Infinity":18,"s:41:4:41:Infinity":19,"s:42:4:42:Infinity":20,"s:45:2:45:Infinity":21}}}
,"/Users/test/Documents/Work/AIProjects/VibeOS/src/core/composables/useFeatureGate.ts": {"path":"/Users/test/Documents/Work/AIProjects/VibeOS/src/core/composables/useFeatureGate.ts","statementMap":{"0":{"start":{"line":30,"column":65},"end":{"line":40,"column":null}},"1":{"start":{"line":44,"column":8},"end":{"line":44,"column":null}},"2":{"start":{"line":46,"column":8},"end":{"line":46,"column":null}},"3":{"start":{"line":46,"column":37},"end":{"line":46,"column":46}},"4":{"start":{"line":49,"column":20},"end":{"line":49,"column":null}},"5":{"start":{"line":50,"column":4},"end":{"line":50,"column":null}},"6":{"start":{"line":54,"column":20},"end":{"line":54,"column":null}},"7":{"start":{"line":55,"column":4},"end":{"line":57,"column":null}},"8":{"start":{"line":56,"column":6},"end":{"line":56,"column":null}},"9":{"start":{"line":58,"column":4},"end":{"line":58,"column":null}},"10":{"start":{"line":61,"column":2},"end":{"line":65,"column":null}}},"fnMap":{"0":{"name":"useFeatureGate","decl":{"start":{"line":43,"column":16},"end":{"line":43,"column":33}},"loc":{"start":{"line":43,"column":33},"end":{"line":66,"column":null}},"line":43},"1":{"name":"(anonymous_1)","decl":{"start":{"line":46,"column":31},"end":{"line":46,"column":37}},"loc":{"start":{"line":46,"column":37},"end":{"line":46,"column":46}},"line":46},"2":{"name":"can","decl":{"start":{"line":48,"column":11},"end":{"line":48,"column":15}},"loc":{"start":{"line":48,"column":42},"end":{"line":51,"column":null}},"line":48},"3":{"name":"require","decl":{"start":{"line":53,"column":11},"end":{"line":53,"column":19}},"loc":{"start":{"line":53,"column":69},"end":{"line":59,"column":null}},"line":53}},"branchMap":{"0":{"loc":{"start":{"line":50,"column":11},"end":{"line":50,"column":null}},"type":"cond-expr","locations":[{"start":{"line":50,"column":21},"end":{"line":50,"column":59}},{"start":{"line":50,"column":59},"end":{"line":50,"column":null}}],"line":50},"1":{"loc":{"start":{"line":55,"column":4},"end":{"line":57,"column":null}},"type":"if","locations":[{"start":{"line":55,"column":4},"end":{"line":57,"column":null}},{"start":{},"end":{}}],"line":55}},"s":{"0":0,"1":0,"2":0,"3":0,"4":0,"5":0,"6":0,"7":0,"8":0,"9":0,"10":0},"f":{"0":0,"1":0,"2":0,"3":0},"b":{"0":[0,0],"1":[0,0]},"meta":{"lastBranch":2,"lastFunction":4,"lastStatement":11,"seen":{"s:30:65:40:Infinity":0,"f:43:16:43:33":0,"s:44:8:44:Infinity":1,"s:46:8:46:Infinity":2,"f:46:31:46:37":1,"s:46:37:46:46":3,"f:48:11:48:15":2,"s:49:20:49:Infinity":4,"s:50:4:50:Infinity":5,"b:50:21:50:59:50:59:50:Infinity":0,"f:53:11:53:19":3,"s:54:20:54:Infinity":6,"b:55:4:57:Infinity:undefined:undefined:undefined:undefined":1,"s:55:4:57:Infinity":7,"s:56:6:56:Infinity":8,"s:58:4:58:Infinity":9,"s:61:2:65:Infinity":10}}}
,"/Users/test/Documents/Work/AIProjects/VibeOS/src/core/composables/useFeedback.ts": {"path":"/Users/test/Documents/Work/AIProjects/VibeOS/src/core/composables/useFeedback.ts","statementMap":{"0":{"start":{"line":7,"column":20},"end":{"line":7,"column":null}},"1":{"start":{"line":10,"column":33},"end":{"line":10,"column":null}},"2":{"start":{"line":13,"column":8},"end":{"line":13,"column":null}},"3":{"start":{"line":14,"column":8},"end":{"line":14,"column":null}},"4":{"start":{"line":15,"column":8},"end":{"line":15,"column":null}},"5":{"start":{"line":17,"column":8},"end":{"line":17,"column":null}},"6":{"start":{"line":21,"column":4},"end":{"line":21,"column":null}},"7":{"start":{"line":21,"column":33},"end":{"line":21,"column":null}},"8":{"start":{"line":22,"column":4},"end":{"line":22,"column":null}},"9":{"start":{"line":22,"column":37},"end":{"line":22,"column":null}},"10":{"start":{"line":23,"column":4},"end":{"line":23,"column":null}},"11":{"start":{"line":23,"column":37},"end":{"line":23,"column":null}},"12":{"start":{"line":25,"column":4},"end":{"line":29,"column":null}},"13":{"start":{"line":26,"column":23},"end":{"line":26,"column":null}},"14":{"start":{"line":27,"column":26},"end":{"line":27,"column":null}},"15":{"start":{"line":27,"column":55},"end":{"line":27,"column":94}},"16":{"start":{"line":28,"column":6},"end":{"line":28,"column":null}},"17":{"start":{"line":28,"column":57},"end":{"line":28,"column":null}},"18":{"start":{"line":31,"column":4},"end":{"line":31,"column":null}},"19":{"start":{"line":35,"column":22},"end":{"line":37,"column":null}},"20":{"start":{"line":39,"column":33},"end":{"line":46,"column":null}},"21":{"start":{"line":47,"column":4},"end":{"line":47,"column":null}},"22":{"start":{"line":48,"column":4},"end":{"line":48,"column":null}},"23":{"start":{"line":50,"column":41},"end":{"line":55,"column":null}},"24":{"start":{"line":56,"column":4},"end":{"line":56,"column":null}},"25":{"start":{"line":60,"column":4},"end":{"line":60,"column":null}},"26":{"start":{"line":61,"column":4},"end":{"line":61,"column":null}},"27":{"start":{"line":63,"column":41},"end":{"line":67,"column":null}},"28":{"start":{"line":68,"column":4},"end":{"line":68,"column":null}},"29":{"start":{"line":72,"column":4},"end":{"line":72,"column":null}},"30":{"start":{"line":73,"column":41},"end":{"line":77,"column":null}},"31":{"start":{"line":78,"column":4},"end":{"line":78,"column":null}},"32":{"start":{"line":82,"column":4},"end":{"line":90,"column":null}},"33":{"start":{"line":83,"column":6},"end":{"line":83,"column":null}},"34":{"start":{"line":84,"column":43},"end":{"line":88,"column":null}},"35":{"start":{"line":89,"column":6},"end":{"line":89,"column":null}},"36":{"start":{"line":95,"column":4},"end":{"line":95,"column":null}},"37":{"start":{"line":98,"column":2},"end":{"line":106,"column":null}}},"fnMap":{"0":{"name":"useFeedback","decl":{"start":{"line":12,"column":16},"end":{"line":12,"column":30}},"loc":{"start":{"line":12,"column":30},"end":{"line":107,"column":null}},"line":12},"1":{"name":"shouldPrompt","decl":{"start":{"line":20,"column":11},"end":{"line":20,"column":35}},"loc":{"start":{"line":20,"column":35},"end":{"line":32,"column":null}},"line":20},"2":{"name":"(anonymous_2)","decl":{"start":{"line":27,"column":50},"end":{"line":27,"column":55}},"loc":{"start":{"line":27,"column":55},"end":{"line":27,"column":94}},"line":27},"3":{"name":"markSubmitted","decl":{"start":{"line":34,"column":11},"end":{"line":34,"column":25}},"loc":{"start":{"line":34,"column":64},"end":{"line":57,"column":null}},"line":34},"4":{"name":"markDismissed","decl":{"start":{"line":59,"column":11},"end":{"line":59,"column":33}},"loc":{"start":{"line":59,"column":33},"end":{"line":69,"column":null}},"line":59},"5":{"name":"openManually","decl":{"start":{"line":71,"column":11},"end":{"line":71,"column":32}},"loc":{"start":{"line":71,"column":32},"end":{"line":79,"column":null}},"line":71},"6":{"name":"checkAndPrompt","decl":{"start":{"line":81,"column":11},"end":{"line":81,"column":34}},"loc":{"start":{"line":81,"column":34},"end":{"line":91,"column":null}},"line":81},"7":{"name":"recordToday","decl":{"start":{"line":94,"column":11},"end":{"line":94,"column":31}},"loc":{"start":{"line":94,"column":31},"end":{"line":96,"column":null}},"line":94}},"branchMap":{"0":{"loc":{"start":{"line":21,"column":4},"end":{"line":21,"column":null}},"type":"if","locations":[{"start":{"line":21,"column":4},"end":{"line":21,"column":null}},{"start":{},"end":{}}],"line":21},"1":{"loc":{"start":{"line":22,"column":4},"end":{"line":22,"column":null}},"type":"if","locations":[{"start":{"line":22,"column":4},"end":{"line":22,"column":null}},{"start":{},"end":{}}],"line":22},"2":{"loc":{"start":{"line":23,"column":4},"end":{"line":23,"column":null}},"type":"if","locations":[{"start":{"line":23,"column":4},"end":{"line":23,"column":null}},{"start":{},"end":{}}],"line":23},"3":{"loc":{"start":{"line":25,"column":4},"end":{"line":29,"column":null}},"type":"if","locations":[{"start":{"line":25,"column":4},"end":{"line":29,"column":null}},{"start":{},"end":{}}],"line":25},"4":{"loc":{"start":{"line":28,"column":6},"end":{"line":28,"column":null}},"type":"if","locations":[{"start":{"line":28,"column":6},"end":{"line":28,"column":null}},{"start":{},"end":{}}],"line":28},"5":{"loc":{"start":{"line":35,"column":22},"end":{"line":37,"column":null}},"type":"cond-expr","locations":[{"start":{"line":36,"column":9},"end":{"line":36,"column":null}},{"start":{"line":37,"column":8},"end":{"line":37,"column":null}}],"line":35},"6":{"loc":{"start":{"line":82,"column":4},"end":{"line":90,"column":null}},"type":"if","locations":[{"start":{"line":82,"column":4},"end":{"line":90,"column":null}},{"start":{},"end":{}}],"line":82}},"s":{"0":0,"1":0,"2":0,"3":0,"4":0,"5":0,"6":0,"7":0,"8":0,"9":0,"10":0,"11":0,"12":0,"13":0,"14":0,"15":0,"16":0,"17":0,"18":0,"19":0,"20":0,"21":0,"22":0,"23":0,"24":0,"25":0,"26":0,"27":0,"28":0,"29":0,"30":0,"31":0,"32":0,"33":0,"34":0,"35":0,"36":0,"37":0},"f":{"0":0,"1":0,"2":0,"3":0,"4":0,"5":0,"6":0,"7":0},"b":{"0":[0,0],"1":[0,0],"2":[0,0],"3":[0,0],"4":[0,0],"5":[0,0],"6":[0,0]},"meta":{"lastBranch":7,"lastFunction":8,"lastStatement":38,"seen":{"s:7:20:7:Infinity":0,"s:10:33:10:Infinity":1,"f:12:16:12:30":0,"s:13:8:13:Infinity":2,"s:14:8:14:Infinity":3,"s:15:8:15:Infinity":4,"s:17:8:17:Infinity":5,"f:20:11:20:35":1,"b:21:4:21:Infinity:undefined:undefined:undefined:undefined":0,"s:21:4:21:Infinity":6,"s:21:33:21:Infinity":7,"b:22:4:22:Infinity:undefined:undefined:undefined:undefined":1,"s:22:4:22:Infinity":8,"s:22:37:22:Infinity":9,"b:23:4:23:Infinity:undefined:undefined:undefined:undefined":2,"s:23:4:23:Infinity":10,"s:23:37:23:Infinity":11,"b:25:4:29:Infinity:undefined:undefined:undefined:undefined":3,"s:25:4:29:Infinity":12,"s:26:23:26:Infinity":13,"s:27:26:27:Infinity":14,"f:27:50:27:55":2,"s:27:55:27:94":15,"b:28:6:28:Infinity:undefined:undefined:undefined:undefined":4,"s:28:6:28:Infinity":16,"s:28:57:28:Infinity":17,"s:31:4:31:Infinity":18,"f:34:11:34:25":3,"s:35:22:37:Infinity":19,"b:36:9:36:Infinity:37:8:37:Infinity":5,"s:39:33:46:Infinity":20,"s:47:4:47:Infinity":21,"s:48:4:48:Infinity":22,"s:50:41:55:Infinity":23,"s:56:4:56:Infinity":24,"f:59:11:59:33":4,"s:60:4:60:Infinity":25,"s:61:4:61:Infinity":26,"s:63:41:67:Infinity":27,"s:68:4:68:Infinity":28,"f:71:11:71:32":5,"s:72:4:72:Infinity":29,"s:73:41:77:Infinity":30,"s:78:4:78:Infinity":31,"f:81:11:81:34":6,"b:82:4:90:Infinity:undefined:undefined:undefined:undefined":6,"s:82:4:90:Infinity":32,"s:83:6:83:Infinity":33,"s:84:43:88:Infinity":34,"s:89:6:89:Infinity":35,"f:94:11:94:31":7,"s:95:4:95:Infinity":36,"s:98:2:106:Infinity":37}}}
,"/Users/test/Documents/Work/AIProjects/VibeOS/src/core/composables/useModuleVisibility.ts": {"path":"/Users/test/Documents/Work/AIProjects/VibeOS/src/core/composables/useModuleVisibility.ts","statementMap":{"0":{"start":{"line":5,"column":19},"end":{"line":5,"column":null}},"1":{"start":{"line":7,"column":6},"end":{"line":7,"column":null}},"2":{"start":{"line":11,"column":4},"end":{"line":11,"column":null}},"3":{"start":{"line":15,"column":16},"end":{"line":15,"column":null}},"4":{"start":{"line":16,"column":4},"end":{"line":20,"column":null}},"5":{"start":{"line":17,"column":6},"end":{"line":17,"column":null}},"6":{"start":{"line":19,"column":6},"end":{"line":19,"column":null}},"7":{"start":{"line":24,"column":4},"end":{"line":24,"column":null}},"8":{"start":{"line":24,"column":59},"end":{"line":24,"column":74}},"9":{"start":{"line":28,"column":4},"end":{"line":30,"column":null}},"10":{"start":{"line":29,"column":6},"end":{"line":29,"column":null}},"11":{"start":{"line":33,"column":8},"end":{"line":33,"column":null}},"12":{"start":{"line":33,"column":37},"end":{"line":33,"column":63}},"13":{"start":{"line":35,"column":2},"end":{"line":35,"column":null}}},"fnMap":{"0":{"name":"useModuleVisibility","decl":{"start":{"line":9,"column":16},"end":{"line":9,"column":38}},"loc":{"start":{"line":9,"column":38},"end":{"line":36,"column":null}},"line":9},"1":{"name":"isVisible","decl":{"start":{"line":10,"column":11},"end":{"line":10,"column":21}},"loc":{"start":{"line":10,"column":48},"end":{"line":12,"column":null}},"line":10},"2":{"name":"toggleModule","decl":{"start":{"line":14,"column":11},"end":{"line":14,"column":24}},"loc":{"start":{"line":14,"column":42},"end":{"line":21,"column":null}},"line":14},"3":{"name":"showModule","decl":{"start":{"line":23,"column":11},"end":{"line":23,"column":22}},"loc":{"start":{"line":23,"column":40},"end":{"line":25,"column":null}},"line":23},"4":{"name":"(anonymous_4)","decl":{"start":{"line":24,"column":53},"end":{"line":24,"column":59}},"loc":{"start":{"line":24,"column":59},"end":{"line":24,"column":74}},"line":24},"5":{"name":"hideModule","decl":{"start":{"line":27,"column":11},"end":{"line":27,"column":22}},"loc":{"start":{"line":27,"column":40},"end":{"line":31,"column":null}},"line":27},"6":{"name":"(anonymous_6)","decl":{"start":{"line":33,"column":31},"end":{"line":33,"column":37}},"loc":{"start":{"line":33,"column":37},"end":{"line":33,"column":63}},"line":33}},"branchMap":{"0":{"loc":{"start":{"line":16,"column":4},"end":{"line":20,"column":null}},"type":"if","locations":[{"start":{"line":16,"column":4},"end":{"line":20,"column":null}},{"start":{"line":18,"column":11},"end":{"line":20,"column":null}}],"line":16},"1":{"loc":{"start":{"line":28,"column":4},"end":{"line":30,"column":null}},"type":"if","locations":[{"start":{"line":28,"column":4},"end":{"line":30,"column":null}},{"start":{},"end":{}}],"line":28}},"s":{"0":0,"1":0,"2":0,"3":0,"4":0,"5":0,"6":0,"7":0,"8":0,"9":0,"10":0,"11":0,"12":0,"13":0},"f":{"0":0,"1":0,"2":0,"3":0,"4":0,"5":0,"6":0},"b":{"0":[0,0],"1":[0,0]},"meta":{"lastBranch":2,"lastFunction":7,"lastStatement":14,"seen":{"s:5:19:5:Infinity":0,"s:7:6:7:Infinity":1,"f:9:16:9:38":0,"f:10:11:10:21":1,"s:11:4:11:Infinity":2,"f:14:11:14:24":2,"s:15:16:15:Infinity":3,"b:16:4:20:Infinity:18:11:20:Infinity":0,"s:16:4:20:Infinity":4,"s:17:6:17:Infinity":5,"s:19:6:19:Infinity":6,"f:23:11:23:22":3,"s:24:4:24:Infinity":7,"f:24:53:24:59":4,"s:24:59:24:74":8,"f:27:11:27:22":5,"b:28:4:30:Infinity:undefined:undefined:undefined:undefined":1,"s:28:4:30:Infinity":9,"s:29:6:29:Infinity":10,"s:33:8:33:Infinity":11,"f:33:31:33:37":6,"s:33:37:33:63":12,"s:35:2:35:Infinity":13}}}
,"/Users/test/Documents/Work/AIProjects/VibeOS/src/core/composables/useSoftDeletable.ts": {"path":"/Users/test/Documents/Work/AIProjects/VibeOS/src/core/composables/useSoftDeletable.ts","statementMap":{"0":{"start":{"line":23,"column":8},"end":{"line":23,"column":null}},"1":{"start":{"line":24,"column":8},"end":{"line":24,"column":null}},"2":{"start":{"line":24,"column":36},"end":{"line":24,"column":71}},"3":{"start":{"line":24,"column":58},"end":{"line":24,"column":70}},"4":{"start":{"line":27,"column":17},"end":{"line":27,"column":null}},"5":{"start":{"line":27,"column":37},"end":{"line":27,"column":48}},"6":{"start":{"line":28,"column":4},"end":{"line":28,"column":null}},"7":{"start":{"line":28,"column":33},"end":{"line":28,"column":null}},"8":{"start":{"line":32,"column":17},"end":{"line":32,"column":null}},"9":{"start":{"line":32,"column":37},"end":{"line":32,"column":48}},"10":{"start":{"line":33,"column":4},"end":{"line":33,"column":null}},"11":{"start":{"line":33,"column":14},"end":{"line":33,"column":null}},"12":{"start":{"line":36,"column":2},"end":{"line":36,"column":null}}},"fnMap":{"0":{"name":"useSoftDeletable","decl":{"start":{"line":19,"column":16},"end":{"line":19,"column":null}},"loc":{"start":{"line":22,"column":2},"end":{"line":37,"column":null}},"line":22},"1":{"name":"(anonymous_1)","decl":{"start":{"line":24,"column":30},"end":{"line":24,"column":36}},"loc":{"start":{"line":24,"column":36},"end":{"line":24,"column":71}},"line":24},"2":{"name":"(anonymous_2)","decl":{"start":{"line":24,"column":53},"end":{"line":24,"column":58}},"loc":{"start":{"line":24,"column":58},"end":{"line":24,"column":70}},"line":24},"3":{"name":"softDelete","decl":{"start":{"line":26,"column":11},"end":{"line":26,"column":22}},"loc":{"start":{"line":26,"column":40},"end":{"line":29,"column":null}},"line":26},"4":{"name":"(anonymous_4)","decl":{"start":{"line":27,"column":32},"end":{"line":27,"column":37}},"loc":{"start":{"line":27,"column":37},"end":{"line":27,"column":48}},"line":27},"5":{"name":"restore","decl":{"start":{"line":31,"column":11},"end":{"line":31,"column":19}},"loc":{"start":{"line":31,"column":37},"end":{"line":34,"column":null}},"line":31},"6":{"name":"(anonymous_6)","decl":{"start":{"line":32,"column":32},"end":{"line":32,"column":37}},"loc":{"start":{"line":32,"column":37},"end":{"line":32,"column":48}},"line":32}},"branchMap":{"0":{"loc":{"start":{"line":21,"column":2},"end":{"line":21,"column":null}},"type":"default-arg","locations":[{"start":{"line":21,"column":22},"end":{"line":21,"column":null}}],"line":21},"1":{"loc":{"start":{"line":28,"column":4},"end":{"line":28,"column":null}},"type":"if","locations":[{"start":{"line":28,"column":4},"end":{"line":28,"column":null}},{"start":{},"end":{}}],"line":28},"2":{"loc":{"start":{"line":28,"column":8},"end":{"line":28,"column":33}},"type":"binary-expr","locations":[{"start":{"line":28,"column":8},"end":{"line":28,"column":16}},{"start":{"line":28,"column":16},"end":{"line":28,"column":33}}],"line":28},"3":{"loc":{"start":{"line":33,"column":4},"end":{"line":33,"column":null}},"type":"if","locations":[{"start":{"line":33,"column":4},"end":{"line":33,"column":null}},{"start":{},"end":{}}],"line":33}},"s":{"0":188,"1":188,"2":161,"3":337,"4":35,"5":40,"6":35,"7":32,"8":2,"9":2,"10":2,"11":1,"12":188},"f":{"0":188,"1":161,"2":337,"3":35,"4":40,"5":2,"6":2},"b":{"0":[188],"1":[32,3],"2":[35,34],"3":[1,1]},"meta":{"lastBranch":4,"lastFunction":7,"lastStatement":13,"seen":{"f:19:16:19:Infinity":0,"b:21:22:21:Infinity":0,"s:23:8:23:Infinity":0,"s:24:8:24:Infinity":1,"f:24:30:24:36":1,"s:24:36:24:71":2,"f:24:53:24:58":2,"s:24:58:24:70":3,"f:26:11:26:22":3,"s:27:17:27:Infinity":4,"f:27:32:27:37":4,"s:27:37:27:48":5,"b:28:4:28:Infinity:undefined:undefined:undefined:undefined":1,"s:28:4:28:Infinity":6,"b:28:8:28:16:28:16:28:33":2,"s:28:33:28:Infinity":7,"f:31:11:31:19":5,"s:32:17:32:Infinity":8,"f:32:32:32:37":6,"s:32:37:32:48":9,"b:33:4:33:Infinity:undefined:undefined:undefined:undefined":3,"s:33:4:33:Infinity":10,"s:33:14:33:Infinity":11,"s:36:2:36:Infinity":12}}}
,"/Users/test/Documents/Work/AIProjects/VibeOS/src/core/composables/useStorage.ts": {"path":"/Users/test/Documents/Work/AIProjects/VibeOS/src/core/composables/useStorage.ts","statementMap":{"0":{"start":{"line":15,"column":23},"end":{"line":15,"column":null}},"1":{"start":{"line":32,"column":2},"end":{"line":55,"column":null}},"2":{"start":{"line":33,"column":23},"end":{"line":33,"column":null}},"3":{"start":{"line":34,"column":10},"end":{"line":34,"column":null}},"4":{"start":{"line":35,"column":10},"end":{"line":35,"column":null}},"5":{"start":{"line":37,"column":4},"end":{"line":52,"column":null}},"6":{"start":{"line":39,"column":6},"end":{"line":39,"column":null}},"7":{"start":{"line":40,"column":6},"end":{"line":40,"column":null}},"8":{"start":{"line":41,"column":4},"end":{"line":52,"column":null}},"9":{"start":{"line":43,"column":6},"end":{"line":43,"column":null}},"10":{"start":{"line":44,"column":6},"end":{"line":44,"column":null}},"11":{"start":{"line":45,"column":6},"end":{"line":45,"column":null}},"12":{"start":{"line":47,"column":6},"end":{"line":47,"column":null}},"13":{"start":{"line":49,"column":6},"end":{"line":51,"column":null}},"14":{"start":{"line":50,"column":8},"end":{"line":50,"column":null}},"15":{"start":{"line":54,"column":4},"end":{"line":54,"column":null}},"16":{"start":{"line":57,"column":8},"end":{"line":57,"column":null}},"17":{"start":{"line":59,"column":2},"end":{"line":59,"column":null}},"18":{"start":{"line":59,"column":16},"end":{"line":59,"column":50}},"19":{"start":{"line":61,"column":2},"end":{"line":61,"column":null}}},"fnMap":{"0":{"name":"useStorage","decl":{"start":{"line":29,"column":16},"end":{"line":29,"column":30}},"loc":{"start":{"line":29,"column":97},"end":{"line":62,"column":null}},"line":29},"1":{"name":"(anonymous_1)","decl":{"start":{"line":59,"column":15},"end":{"line":59,"column":16}},"loc":{"start":{"line":59,"column":16},"end":{"line":59,"column":50}},"line":59}},"branchMap":{"0":{"loc":{"start":{"line":32,"column":2},"end":{"line":55,"column":null}},"type":"if","locations":[{"start":{"line":32,"column":2},"end":{"line":55,"column":null}},{"start":{"line":53,"column":9},"end":{"line":55,"column":null}}],"line":32},"1":{"loc":{"start":{"line":37,"column":4},"end":{"line":52,"column":null}},"type":"if","locations":[{"start":{"line":37,"column":4},"end":{"line":52,"column":null}},{"start":{"line":41,"column":4},"end":{"line":52,"column":null}}],"line":37},"2":{"loc":{"start":{"line":37,"column":8},"end":{"line":37,"column":53}},"type":"binary-expr","locations":[{"start":{"line":37,"column":8},"end":{"line":37,"column":34}},{"start":{"line":37,"column":34},"end":{"line":37,"column":53}}],"line":37},"3":{"loc":{"start":{"line":41,"column":4},"end":{"line":52,"column":null}},"type":"if","locations":[{"start":{"line":41,"column":4},"end":{"line":52,"column":null}},{"start":{"line":46,"column":11},"end":{"line":52,"column":null}}],"line":41},"4":{"loc":{"start":{"line":41,"column":15},"end":{"line":41,"column":69}},"type":"binary-expr","locations":[{"start":{"line":41,"column":15},"end":{"line":41,"column":52}},{"start":{"line":41,"column":52},"end":{"line":41,"column":69}}],"line":41},"5":{"loc":{"start":{"line":49,"column":6},"end":{"line":51,"column":null}},"type":"if","locations":[{"start":{"line":49,"column":6},"end":{"line":51,"column":null}},{"start":{},"end":{}}],"line":49}},"s":{"0":9,"1":442,"2":0,"3":0,"4":0,"5":0,"6":0,"7":0,"8":0,"9":0,"10":0,"11":0,"12":0,"13":0,"14":0,"15":442,"16":442,"17":442,"18":234,"19":442},"f":{"0":442,"1":234},"b":{"0":[0,442],"1":[0,0],"2":[0,0],"3":[0,0],"4":[0,0],"5":[0,0]},"meta":{"lastBranch":6,"lastFunction":2,"lastStatement":20,"seen":{"s:15:23:15:Infinity":0,"f:29:16:29:30":0,"b:32:2:55:Infinity:53:9:55:Infinity":0,"s:32:2:55:Infinity":1,"s:33:23:33:Infinity":2,"s:34:10:34:Infinity":3,"s:35:10:35:Infinity":4,"b:37:4:52:Infinity:41:4:52:Infinity":1,"s:37:4:52:Infinity":5,"b:37:8:37:34:37:34:37:53":2,"s:39:6:39:Infinity":6,"s:40:6:40:Infinity":7,"b:41:4:52:Infinity:46:11:52:Infinity":3,"s:41:4:52:Infinity":8,"b:41:15:41:52:41:52:41:69":4,"s:43:6:43:Infinity":9,"s:44:6:44:Infinity":10,"s:45:6:45:Infinity":11,"s:47:6:47:Infinity":12,"b:49:6:51:Infinity:undefined:undefined:undefined:undefined":5,"s:49:6:51:Infinity":13,"s:50:8:50:Infinity":14,"s:54:4:54:Infinity":15,"s:57:8:57:Infinity":16,"s:59:2:59:Infinity":17,"f:59:15:59:16":1,"s:59:16:59:50":18,"s:61:2:61:Infinity":19}}}
,"/Users/test/Documents/Work/AIProjects/VibeOS/src/core/composables/useTrack.ts": {"path":"/Users/test/Documents/Work/AIProjects/VibeOS/src/core/composables/useTrack.ts","statementMap":{"0":{"start":{"line":13,"column":8},"end":{"line":13,"column":null}},"1":{"start":{"line":16,"column":10},"end":{"line":16,"column":null}},"2":{"start":{"line":17,"column":20},"end":{"line":19,"column":null}},"3":{"start":{"line":21,"column":33},"end":{"line":27,"column":null}},"4":{"start":{"line":28,"column":4},"end":{"line":28,"column":null}},"5":{"start":{"line":31,"column":2},"end":{"line":31,"column":null}}},"fnMap":{"0":{"name":"useTrack","decl":{"start":{"line":12,"column":16},"end":{"line":12,"column":27}},"loc":{"start":{"line":12,"column":27},"end":{"line":32,"column":null}},"line":12},"1":{"name":"track","decl":{"start":{"line":15,"column":11},"end":{"line":15,"column":17}},"loc":{"start":{"line":15,"column":75},"end":{"line":29,"column":null}},"line":15}},"branchMap":{"0":{"loc":{"start":{"line":17,"column":20},"end":{"line":19,"column":null}},"type":"binary-expr","locations":[{"start":{"line":17,"column":20},"end":{"line":17,"column":null}},{"start":{"line":18,"column":9},"end":{"line":18,"column":null}},{"start":{"line":19,"column":9},"end":{"line":19,"column":null}}],"line":17}},"s":{"0":0,"1":0,"2":0,"3":0,"4":0,"5":0},"f":{"0":0,"1":0},"b":{"0":[0,0,0]},"meta":{"lastBranch":1,"lastFunction":2,"lastStatement":6,"seen":{"f:12:16:12:27":0,"s:13:8:13:Infinity":0,"f:15:11:15:17":1,"s:16:10:16:Infinity":1,"s:17:20:19:Infinity":2,"b:17:20:17:Infinity:18:9:18:Infinity:19:9:19:Infinity":0,"s:21:33:27:Infinity":3,"s:28:4:28:Infinity":4,"s:31:2:31:Infinity":5}}}
,"/Users/test/Documents/Work/AIProjects/VibeOS/src/core/directives/vTrack.ts": {"path":"/Users/test/Documents/Work/AIProjects/VibeOS/src/core/directives/vTrack.ts","statementMap":{"0":{"start":{"line":8,"column":18},"end":{"line":8,"column":null}},"1":{"start":{"line":9,"column":2},"end":{"line":9,"column":null}},"2":{"start":{"line":12,"column":22},"end":{"line":36,"column":null}},"3":{"start":{"line":14,"column":20},"end":{"line":28,"column":null}},"4":{"start":{"line":15,"column":12},"end":{"line":15,"column":null}},"5":{"start":{"line":16,"column":20},"end":{"line":16,"column":null}},"6":{"start":{"line":17,"column":22},"end":{"line":17,"column":null}},"7":{"start":{"line":18,"column":22},"end":{"line":18,"column":null}},"8":{"start":{"line":20,"column":35},"end":{"line":26,"column":null}},"9":{"start":{"line":27,"column":6},"end":{"line":27,"column":null}},"10":{"start":{"line":29,"column":4},"end":{"line":29,"column":null}},"11":{"start":{"line":30,"column":6},"end":{"line":30,"column":null}},"12":{"start":{"line":33,"column":15},"end":{"line":33,"column":null}},"13":{"start":{"line":34,"column":4},"end":{"line":34,"column":null}},"14":{"start":{"line":34,"column":13},"end":{"line":34,"column":49}},"15":{"start":{"line":34,"column":49},"end":{"line":34,"column":125}},"16":{"start":{"line":39,"column":2},"end":{"line":39,"column":null}}},"fnMap":{"0":{"name":"getModule","decl":{"start":{"line":7,"column":9},"end":{"line":7,"column":29}},"loc":{"start":{"line":7,"column":29},"end":{"line":10,"column":null}},"line":7},"1":{"name":"mounted","decl":{"start":{"line":13,"column":2},"end":{"line":13,"column":10}},"loc":{"start":{"line":13,"column":66},"end":{"line":31,"column":null}},"line":13},"2":{"name":"(anonymous_2)","decl":{"start":{"line":14,"column":20},"end":{"line":14,"column":26}},"loc":{"start":{"line":14,"column":26},"end":{"line":28,"column":null}},"line":14},"3":{"name":"unmounted","decl":{"start":{"line":32,"column":2},"end":{"line":32,"column":12}},"loc":{"start":{"line":32,"column":29},"end":{"line":35,"column":null}},"line":32},"4":{"name":"registerTrackDirective","decl":{"start":{"line":38,"column":16},"end":{"line":38,"column":39}},"loc":{"start":{"line":38,"column":55},"end":{"line":40,"column":null}},"line":38}},"branchMap":{"0":{"loc":{"start":{"line":9,"column":9},"end":{"line":9,"column":null}},"type":"binary-expr","locations":[{"start":{"line":9,"column":9},"end":{"line":9,"column":20}},{"start":{"line":9,"column":20},"end":{"line":9,"column":null}}],"line":9},"1":{"loc":{"start":{"line":17,"column":22},"end":{"line":17,"column":null}},"type":"cond-expr","locations":[{"start":{"line":17,"column":50},"end":{"line":17,"column":58}},{"start":{"line":17,"column":58},"end":{"line":17,"column":null}}],"line":17},"2":{"loc":{"start":{"line":18,"column":22},"end":{"line":18,"column":null}},"type":"cond-expr","locations":[{"start":{"line":18,"column":50},"end":{"line":18,"column":62}},{"start":{"line":18,"column":62},"end":{"line":18,"column":null}}],"line":18},"3":{"loc":{"start":{"line":34,"column":4},"end":{"line":34,"column":null}},"type":"if","locations":[{"start":{"line":34,"column":4},"end":{"line":34,"column":null}},{"start":{},"end":{}}],"line":34}},"s":{"0":0,"1":0,"2":0,"3":0,"4":0,"5":0,"6":0,"7":0,"8":0,"9":0,"10":0,"11":0,"12":0,"13":0,"14":0,"15":0,"16":0},"f":{"0":0,"1":0,"2":0,"3":0,"4":0},"b":{"0":[0,0],"1":[0,0],"2":[0,0],"3":[0,0]},"meta":{"lastBranch":4,"lastFunction":5,"lastStatement":17,"seen":{"f:7:9:7:29":0,"s:8:18:8:Infinity":0,"s:9:2:9:Infinity":1,"b:9:9:9:20:9:20:9:Infinity":0,"s:12:22:36:Infinity":2,"f:13:2:13:10":1,"s:14:20:28:Infinity":3,"f:14:20:14:26":2,"s:15:12:15:Infinity":4,"s:16:20:16:Infinity":5,"s:17:22:17:Infinity":6,"b:17:50:17:58:17:58:17:Infinity":1,"s:18:22:18:Infinity":7,"b:18:50:18:62:18:62:18:Infinity":2,"s:20:35:26:Infinity":8,"s:27:6:27:Infinity":9,"s:29:4:29:Infinity":10,"s:30:6:30:Infinity":11,"f:32:2:32:12":3,"s:33:15:33:Infinity":12,"b:34:4:34:Infinity:undefined:undefined:undefined:undefined":3,"s:34:4:34:Infinity":13,"s:34:13:34:49":14,"s:34:49:34:125":15,"f:38:16:38:39":4,"s:39:2:39:Infinity":16}}}
,"/Users/test/Documents/Work/AIProjects/VibeOS/src/core/events/index.ts": {"path":"/Users/test/Documents/Work/AIProjects/VibeOS/src/core/events/index.ts","statementMap":{"0":{"start":{"line":6,"column":0},"end":{"line":6,"column":null}},"1":{"start":{"line":8,"column":20},"end":{"line":8,"column":null}},"2":{"start":{"line":10,"column":13},"end":{"line":31,"column":null}},"3":{"start":{"line":12,"column":8},"end":{"line":12,"column":null}},"4":{"start":{"line":16,"column":4},"end":{"line":16,"column":null}},"5":{"start":{"line":21,"column":17},"end":{"line":21,"column":null}},"6":{"start":{"line":21,"column":50},"end":{"line":21,"column":65}},"7":{"start":{"line":22,"column":4},"end":{"line":22,"column":null}},"8":{"start":{"line":27,"column":4},"end":{"line":27,"column":null}},"9":{"start":{"line":30,"column":2},"end":{"line":30,"column":null}}},"fnMap":{"0":{"name":"(anonymous_0)","decl":{"start":{"line":10,"column":58},"end":{"line":10,"column":64}},"loc":{"start":{"line":10,"column":64},"end":{"line":31,"column":1}},"line":10},"1":{"name":"emit","decl":{"start":{"line":15,"column":11},"end":{"line":15,"column":16}},"loc":{"start":{"line":15,"column":44},"end":{"line":17,"column":null}},"line":15},"2":{"name":"recent","decl":{"start":{"line":20,"column":11},"end":{"line":20,"column":18}},"loc":{"start":{"line":20,"column":69},"end":{"line":23,"column":null}},"line":20},"3":{"name":"(anonymous_3)","decl":{"start":{"line":21,"column":45},"end":{"line":21,"column":50}},"loc":{"start":{"line":21,"column":50},"end":{"line":21,"column":65}},"line":21},"4":{"name":"clear","decl":{"start":{"line":26,"column":11},"end":{"line":26,"column":25}},"loc":{"start":{"line":26,"column":25},"end":{"line":28,"column":null}},"line":26}},"branchMap":{"0":{"loc":{"start":{"line":20,"column":18},"end":{"line":20,"column":26}},"type":"default-arg","locations":[{"start":{"line":20,"column":22},"end":{"line":20,"column":26}}],"line":20},"1":{"loc":{"start":{"line":21,"column":17},"end":{"line":21,"column":null}},"type":"cond-expr","locations":[{"start":{"line":21,"column":24},"end":{"line":21,"column":69}},{"start":{"line":21,"column":69},"end":{"line":21,"column":null}}],"line":21}},"s":{"0":7,"1":7,"2":7,"3":109,"4":178,"5":0,"6":0,"7":0,"8":0,"9":109},"f":{"0":109,"1":178,"2":0,"3":0,"4":0},"b":{"0":[0],"1":[0,0]},"meta":{"lastBranch":2,"lastFunction":5,"lastStatement":10,"seen":{"s:6:0:6:Infinity":0,"s:8:20:8:Infinity":1,"s:10:13:31:Infinity":2,"f:10:58:10:64":0,"s:12:8:12:Infinity":3,"f:15:11:15:16":1,"s:16:4:16:Infinity":4,"f:20:11:20:18":2,"b:20:22:20:26":0,"s:21:17:21:Infinity":5,"b:21:24:21:69:21:69:21:Infinity":1,"f:21:45:21:50":3,"s:21:50:21:65":6,"s:22:4:22:Infinity":7,"f:26:11:26:25":4,"s:27:4:27:Infinity":8,"s:30:2:30:Infinity":9}}}
,"/Users/test/Documents/Work/AIProjects/VibeOS/src/core/events/interaction.types.ts": {"path":"/Users/test/Documents/Work/AIProjects/VibeOS/src/core/events/interaction.types.ts","statementMap":{},"fnMap":{},"branchMap":{},"s":{},"f":{},"b":{},"meta":{"lastBranch":0,"lastFunction":0,"lastStatement":0,"seen":{}}}
,"/Users/test/Documents/Work/AIProjects/VibeOS/src/core/events/types.ts": {"path":"/Users/test/Documents/Work/AIProjects/VibeOS/src/core/events/types.ts","statementMap":{},"fnMap":{},"branchMap":{},"s":{},"f":{},"b":{},"meta":{"lastBranch":0,"lastFunction":0,"lastStatement":0,"seen":{}}}
,"/Users/test/Documents/Work/AIProjects/VibeOS/src/core/i18n/index.ts": {"path":"/Users/test/Documents/Work/AIProjects/VibeOS/src/core/i18n/index.ts","statementMap":{"0":{"start":{"line":9,"column":46},"end":{"line":9,"column":null}},"1":{"start":{"line":12,"column":13},"end":{"line":50,"column":null}},"2":{"start":{"line":13,"column":8},"end":{"line":13,"column":null}},"3":{"start":{"line":15,"column":8},"end":{"line":15,"column":null}},"4":{"start":{"line":15,"column":44},"end":{"line":15,"column":71}},"5":{"start":{"line":18,"column":8},"end":{"line":20,"column":null}},"6":{"start":{"line":19,"column":4},"end":{"line":19,"column":null}},"7":{"start":{"line":27,"column":17},"end":{"line":27,"column":null}},"8":{"start":{"line":28,"column":23},"end":{"line":28,"column":null}},"9":{"start":{"line":29,"column":4},"end":{"line":31,"column":null}},"10":{"start":{"line":30,"column":6},"end":{"line":30,"column":null}},"11":{"start":{"line":32,"column":14},"end":{"line":32,"column":null}},"12":{"start":{"line":33,"column":4},"end":{"line":37,"column":null}},"13":{"start":{"line":34,"column":6},"end":{"line":36,"column":null}},"14":{"start":{"line":35,"column":8},"end":{"line":35,"column":null}},"15":{"start":{"line":38,"column":4},"end":{"line":38,"column":null}},"16":{"start":{"line":42,"column":4},"end":{"line":42,"column":null}},"17":{"start":{"line":46,"column":4},"end":{"line":46,"column":null}},"18":{"start":{"line":49,"column":2},"end":{"line":49,"column":null}},"19":{"start":{"line":54,"column":2},"end":{"line":54,"column":null}},"20":{"start":{"line":59,"column":14},"end":{"line":59,"column":null}},"21":{"start":{"line":60,"column":18},"end":{"line":60,"column":null}},"22":{"start":{"line":61,"column":18},"end":{"line":61,"column":null}},"23":{"start":{"line":62,"column":2},"end":{"line":62,"column":null}},"24":{"start":{"line":62,"column":38},"end":{"line":62,"column":null}},"25":{"start":{"line":63,"column":2},"end":{"line":63,"column":null}},"26":{"start":{"line":63,"column":21},"end":{"line":63,"column":null}},"27":{"start":{"line":64,"column":2},"end":{"line":64,"column":null}},"28":{"start":{"line":64,"column":36},"end":{"line":64,"column":null}},"29":{"start":{"line":65,"column":2},"end":{"line":65,"column":null}}},"fnMap":{"0":{"name":"(anonymous_0)","decl":{"start":{"line":12,"column":52},"end":{"line":12,"column":58}},"loc":{"start":{"line":12,"column":58},"end":{"line":50,"column":1}},"line":12},"1":{"name":"(anonymous_1)","decl":{"start":{"line":15,"column":38},"end":{"line":15,"column":44}},"loc":{"start":{"line":15,"column":44},"end":{"line":15,"column":71}},"line":15},"2":{"name":"(anonymous_2)","decl":{"start":{"line":18,"column":38},"end":{"line":18,"column":null}},"loc":{"start":{"line":19,"column":4},"end":{"line":19,"column":null}},"line":19},"3":{"name":"t","decl":{"start":{"line":26,"column":11},"end":{"line":26,"column":13}},"loc":{"start":{"line":26,"column":74},"end":{"line":39,"column":null}},"line":26},"4":{"name":"setLocale","decl":{"start":{"line":41,"column":11},"end":{"line":41,"column":21}},"loc":{"start":{"line":41,"column":36},"end":{"line":43,"column":null}},"line":41},"5":{"name":"toggleLocale","decl":{"start":{"line":45,"column":11},"end":{"line":45,"column":26}},"loc":{"start":{"line":45,"column":26},"end":{"line":47,"column":null}},"line":45},"6":{"name":"useLocale","decl":{"start":{"line":53,"column":16},"end":{"line":53,"column":28}},"loc":{"start":{"line":53,"column":28},"end":{"line":55,"column":null}},"line":53},"7":{"name":"pluralRu","decl":{"start":{"line":58,"column":16},"end":{"line":58,"column":25}},"loc":{"start":{"line":58,"column":84},"end":{"line":66,"column":null}},"line":58}},"branchMap":{"0":{"loc":{"start":{"line":15,"column":44},"end":{"line":15,"column":71}},"type":"binary-expr","locations":[{"start":{"line":15,"column":44},"end":{"line":15,"column":69}},{"start":{"line":15,"column":69},"end":{"line":15,"column":71}}],"line":15},"1":{"loc":{"start":{"line":19,"column":4},"end":{"line":19,"column":null}},"type":"cond-expr","locations":[{"start":{"line":19,"column":28},"end":{"line":19,"column":38}},{"start":{"line":19,"column":38},"end":{"line":19,"column":null}}],"line":19},"2":{"loc":{"start":{"line":32,"column":14},"end":{"line":32,"column":null}},"type":"cond-expr","locations":[{"start":{"line":32,"column":40},"end":{"line":32,"column":46}},{"start":{"line":32,"column":46},"end":{"line":32,"column":null}}],"line":32},"3":{"loc":{"start":{"line":33,"column":4},"end":{"line":37,"column":null}},"type":"if","locations":[{"start":{"line":33,"column":4},"end":{"line":37,"column":null}},{"start":{},"end":{}}],"line":33},"4":{"loc":{"start":{"line":46,"column":19},"end":{"line":46,"column":null}},"type":"cond-expr","locations":[{"start":{"line":46,"column":43},"end":{"line":46,"column":50}},{"start":{"line":46,"column":50},"end":{"line":46,"column":null}}],"line":46},"5":{"loc":{"start":{"line":62,"column":2},"end":{"line":62,"column":null}},"type":"if","locations":[{"start":{"line":62,"column":2},"end":{"line":62,"column":null}},{"start":{},"end":{}}],"line":62},"6":{"loc":{"start":{"line":62,"column":6},"end":{"line":62,"column":38}},"type":"binary-expr","locations":[{"start":{"line":62,"column":6},"end":{"line":62,"column":23}},{"start":{"line":62,"column":23},"end":{"line":62,"column":38}}],"line":62},"7":{"loc":{"start":{"line":63,"column":2},"end":{"line":63,"column":null}},"type":"if","locations":[{"start":{"line":63,"column":2},"end":{"line":63,"column":null}},{"start":{},"end":{}}],"line":63},"8":{"loc":{"start":{"line":64,"column":2},"end":{"line":64,"column":null}},"type":"if","locations":[{"start":{"line":64,"column":2},"end":{"line":64,"column":null}},{"start":{},"end":{}}],"line":64},"9":{"loc":{"start":{"line":64,"column":6},"end":{"line":64,"column":36}},"type":"binary-expr","locations":[{"start":{"line":64,"column":6},"end":{"line":64,"column":22}},{"start":{"line":64,"column":22},"end":{"line":64,"column":36}}],"line":64}},"s":{"0":1,"1":1,"2":13,"3":13,"4":13,"5":13,"6":0,"7":17,"8":17,"9":17,"10":34,"11":17,"12":17,"13":0,"14":0,"15":17,"16":0,"17":0,"18":13,"19":13,"20":0,"21":0,"22":0,"23":0,"24":0,"25":0,"26":0,"27":0,"28":0,"29":0},"f":{"0":13,"1":13,"2":0,"3":17,"4":0,"5":0,"6":13,"7":0},"b":{"0":[13,0],"1":[0,0],"2":[17,0],"3":[0,17],"4":[0,0],"5":[0,0],"6":[0,0],"7":[0,0],"8":[0,0],"9":[0,0]},"meta":{"lastBranch":10,"lastFunction":8,"lastStatement":30,"seen":{"s:9:46:9:Infinity":0,"s:12:13:50:Infinity":1,"f:12:52:12:58":0,"s:13:8:13:Infinity":2,"s:15:8:15:Infinity":3,"f:15:38:15:44":1,"s:15:44:15:71":4,"b:15:44:15:69:15:69:15:71":0,"s:18:8:20:Infinity":5,"f:18:38:18:Infinity":2,"s:19:4:19:Infinity":6,"b:19:28:19:38:19:38:19:Infinity":1,"f:26:11:26:13":3,"s:27:17:27:Infinity":7,"s:28:23:28:Infinity":8,"s:29:4:31:Infinity":9,"s:30:6:30:Infinity":10,"s:32:14:32:Infinity":11,"b:32:40:32:46:32:46:32:Infinity":2,"b:33:4:37:Infinity:undefined:undefined:undefined:undefined":3,"s:33:4:37:Infinity":12,"s:34:6:36:Infinity":13,"s:35:8:35:Infinity":14,"s:38:4:38:Infinity":15,"f:41:11:41:21":4,"s:42:4:42:Infinity":16,"f:45:11:45:26":5,"s:46:4:46:Infinity":17,"b:46:43:46:50:46:50:46:Infinity":4,"s:49:2:49:Infinity":18,"f:53:16:53:28":6,"s:54:2:54:Infinity":19,"f:58:16:58:25":7,"s:59:14:59:Infinity":20,"s:60:18:60:Infinity":21,"s:61:18:61:Infinity":22,"b:62:2:62:Infinity:undefined:undefined:undefined:undefined":5,"s:62:2:62:Infinity":23,"b:62:6:62:23:62:23:62:38":6,"s:62:38:62:Infinity":24,"b:63:2:63:Infinity:undefined:undefined:undefined:undefined":7,"s:63:2:63:Infinity":25,"s:63:21:63:Infinity":26,"b:64:2:64:Infinity:undefined:undefined:undefined:undefined":8,"s:64:2:64:Infinity":27,"b:64:6:64:22:64:22:64:36":9,"s:64:36:64:Infinity":28,"s:65:2:65:Infinity":29}}}
,"/Users/test/Documents/Work/AIProjects/VibeOS/src/core/i18n/locales/en.ts": {"path":"/Users/test/Documents/Work/AIProjects/VibeOS/src/core/i18n/locales/en.ts","statementMap":{"0":{"start":{"line":1,"column":18},"end":{"line":543,"column":null}}},"fnMap":{},"branchMap":{},"s":{"0":1},"f":{},"b":{},"meta":{"lastBranch":0,"lastFunction":0,"lastStatement":1,"seen":{"s:1:18:543:Infinity":0}}}
,"/Users/test/Documents/Work/AIProjects/VibeOS/src/core/i18n/locales/ru.ts": {"path":"/Users/test/Documents/Work/AIProjects/VibeOS/src/core/i18n/locales/ru.ts","statementMap":{"0":{"start":{"line":3,"column":28},"end":{"line":545,"column":null}}},"fnMap":{},"branchMap":{},"s":{"0":1},"f":{},"b":{},"meta":{"lastBranch":0,"lastFunction":0,"lastStatement":1,"seen":{"s:3:28:545:Infinity":0}}}
,"/Users/test/Documents/Work/AIProjects/VibeOS/src/core/plugins/navigationTracker.ts": {"path":"/Users/test/Documents/Work/AIProjects/VibeOS/src/core/plugins/navigationTracker.ts","statementMap":{"0":{"start":{"line":6,"column":23},"end":{"line":6,"column":null}},"1":{"start":{"line":9,"column":2},"end":{"line":9,"column":null}},"2":{"start":{"line":13,"column":2},"end":{"line":13,"column":null}},"3":{"start":{"line":13,"column":52},"end":{"line":13,"column":null}},"4":{"start":{"line":14,"column":14},"end":{"line":14,"column":null}},"5":{"start":{"line":15,"column":2},"end":{"line":15,"column":null}},"6":{"start":{"line":19,"column":2},"end":{"line":121,"column":null}},"7":{"start":{"line":21,"column":37},"end":{"line":21,"column":null}},"8":{"start":{"line":22,"column":42},"end":{"line":22,"column":null}},"9":{"start":{"line":23,"column":33},"end":{"line":23,"column":null}},"10":{"start":{"line":24,"column":39},"end":{"line":24,"column":null}},"11":{"start":{"line":26,"column":41},"end":{"line":26,"column":null}},"12":{"start":{"line":27,"column":43},"end":{"line":27,"column":null}},"13":{"start":{"line":30,"column":8},"end":{"line":30,"column":null}},"14":{"start":{"line":31,"column":8},"end":{"line":31,"column":null}},"15":{"start":{"line":32,"column":8},"end":{"line":32,"column":null}},"16":{"start":{"line":33,"column":8},"end":{"line":33,"column":null}},"17":{"start":{"line":34,"column":14},"end":{"line":34,"column":null}},"18":{"start":{"line":35,"column":38},"end":{"line":35,"column":null}},"19":{"start":{"line":36,"column":8},"end":{"line":36,"column":null}},"20":{"start":{"line":40,"column":8},"end":{"line":40,"column":null}},"21":{"start":{"line":40,"column":43},"end":{"line":40,"column":null}},"22":{"start":{"line":41,"column":14},"end":{"line":41,"column":null}},"23":{"start":{"line":42,"column":25},"end":{"line":42,"column":null}},"24":{"start":{"line":43,"column":36},"end":{"line":49,"column":null}},"25":{"start":{"line":50,"column":8},"end":{"line":50,"column":null}},"26":{"start":{"line":51,"column":8},"end":{"line":51,"column":null}},"27":{"start":{"line":52,"column":8},"end":{"line":52,"column":null}},"28":{"start":{"line":56,"column":24},"end":{"line":56,"column":null}},"29":{"start":{"line":57,"column":8},"end":{"line":57,"column":null}},"30":{"start":{"line":57,"column":25},"end":{"line":57,"column":null}},"31":{"start":{"line":58,"column":14},"end":{"line":58,"column":null}},"32":{"start":{"line":59,"column":41},"end":{"line":65,"column":null}},"33":{"start":{"line":66,"column":8},"end":{"line":66,"column":null}},"34":{"start":{"line":69,"column":6},"end":{"line":100,"column":null}},"35":{"start":{"line":70,"column":20},"end":{"line":70,"column":null}},"36":{"start":{"line":71,"column":23},"end":{"line":71,"column":null}},"37":{"start":{"line":74,"column":20},"end":{"line":74,"column":null}},"38":{"start":{"line":75,"column":8},"end":{"line":78,"column":null}},"39":{"start":{"line":76,"column":10},"end":{"line":76,"column":null}},"40":{"start":{"line":76,"column":25},"end":{"line":76,"column":null}},"41":{"start":{"line":77,"column":10},"end":{"line":77,"column":null}},"42":{"start":{"line":79,"column":8},"end":{"line":79,"column":null}},"43":{"start":{"line":82,"column":8},"end":{"line":84,"column":null}},"44":{"start":{"line":83,"column":10},"end":{"line":83,"column":null}},"45":{"start":{"line":87,"column":8},"end":{"line":87,"column":null}},"46":{"start":{"line":87,"column":46},"end":{"line":87,"column":null}},"47":{"start":{"line":88,"column":8},"end":{"line":88,"column":null}},"48":{"start":{"line":89,"column":8},"end":{"line":89,"column":null}},"49":{"start":{"line":91,"column":14},"end":{"line":91,"column":null}},"50":{"start":{"line":92,"column":39},"end":{"line":98,"column":null}},"51":{"start":{"line":99,"column":8},"end":{"line":99,"column":null}},"52":{"start":{"line":103,"column":37},"end":{"line":111,"column":null}},"53":{"start":{"line":104,"column":8},"end":{"line":110,"column":null}},"54":{"start":{"line":105,"column":10},"end":{"line":105,"column":null}},"55":{"start":{"line":105,"column":48},"end":{"line":105,"column":null}},"56":{"start":{"line":106,"column":10},"end":{"line":106,"column":null}},"57":{"start":{"line":109,"column":10},"end":{"line":109,"column":null}},"58":{"start":{"line":113,"column":33},"end":{"line":116,"column":null}},"59":{"start":{"line":114,"column":8},"end":{"line":114,"column":null}},"60":{"start":{"line":114,"column":46},"end":{"line":114,"column":null}},"61":{"start":{"line":115,"column":8},"end":{"line":115,"column":null}},"62":{"start":{"line":118,"column":6},"end":{"line":118,"column":null}},"63":{"start":{"line":119,"column":6},"end":{"line":119,"column":null}}},"fnMap":{"0":{"name":"generateId","decl":{"start":{"line":8,"column":9},"end":{"line":8,"column":30}},"loc":{"start":{"line":8,"column":30},"end":{"line":10,"column":null}},"line":8},"1":{"name":"deriveModu
[...]
,"/Users/test/Documents/Work/AIProjects/VibeOS/src/modules/training/stores/training.store.ts": {"path":"/Users/test/Documents/Work/AIProjects/VibeOS/src/modules/training/stores/training.store.ts","statementMap":{"0":{"start":{"line":9,"column":13},"end":{"line":136,"column":null}},"1":{"start":{"line":10,"column":66},"end":{"line":10,"column":null}},"2":{"start":{"line":11,"column":63},"end":{"line":11,"column":null}},"3":{"start":{"line":12,"column":8},"end":{"line":12,"column":null}},"4":{"start":{"line":14,"column":8},"end":{"line":14,"column":null}},"5":{"start":{"line":14,"column":37},"end":{"line":14,"column":70}},"6":{"start":{"line":14,"column":61},"end":{"line":14,"column":69}},"7":{"start":{"line":16,"column":8},"end":{"line":24,"column":null}},"8":{"start":{"line":17,"column":10},"end":{"line":17,"column":null}},"9":{"start":{"line":18,"column":4},"end":{"line":23,"column":null}},"10":{"start":{"line":19,"column":14},"end":{"line":19,"column":41}},"11":{"start":{"line":20,"column":20},"end":{"line":23,"column":8}},"12":{"start":{"line":22,"column":37},"end":{"line":22,"column":77}},"13":{"start":{"line":26,"column":8},"end":{"line":28,"column":null}},"14":{"start":{"line":27,"column":4},"end":{"line":27,"column":null}},"15":{"start":{"line":27,"column":35},"end":{"line":27,"column":63}},"16":{"start":{"line":31,"column":15},"end":{"line":31,"column":null}},"17":{"start":{"line":32,"column":31},"end":{"line":32,"column":null}},"18":{"start":{"line":33,"column":4},"end":{"line":33,"column":null}},"19":{"start":{"line":34,"column":4},"end":{"line":34,"column":null}},"20":{"start":{"line":35,"column":4},"end":{"line":35,"column":null}},"21":{"start":{"line":39,"column":17},"end":{"line":39,"column":null}},"22":{"start":{"line":39,"column":39},"end":{"line":39,"column":59}},"23":{"start":{"line":40,"column":4},"end":{"line":40,"column":null}},"24":{"start":{"line":41,"column":4},"end":{"line":47,"column":null}},"25":{"start":{"line":49,"column":4},"end":{"line":56,"column":null}},"26":{"start":{"line":50,"column":6},"end":{"line":55,"column":null}},"27":{"start":{"line":51,"column":28},"end":{"line":51,"column":null}},"28":{"start":{"line":52,"column":8},"end":{"line":54,"column":null}},"29":{"start":{"line":53,"column":10},"end":{"line":53,"column":null}},"30":{"start":{"line":60,"column":17},"end":{"line":60,"column":null}},"31":{"start":{"line":60,"column":39},"end":{"line":60,"column":54}},"32":{"start":{"line":61,"column":4},"end":{"line":61,"column":null}},"33":{"start":{"line":61,"column":14},"end":{"line":61,"column":null}},"34":{"start":{"line":67,"column":4},"end":{"line":67,"column":null}},"35":{"start":{"line":68,"column":4},"end":{"line":70,"column":null}},"36":{"start":{"line":69,"column":6},"end":{"line":69,"column":null}},"37":{"start":{"line":69,"column":43},"end":{"line":69,"column":null}},"38":{"start":{"line":74,"column":4},"end":{"line":74,"column":null}},"39":{"start":{"line":74,"column":33},"end":{"line":74,"column":44}},"40":{"start":{"line":78,"column":4},"end":{"line":78,"column":null}},"41":{"start":{"line":78,"column":34},"end":{"line":78,"column":53}},"42":{"start":{"line":78,"column":70},"end":{"line":78,"column":98}},"43":{"start":{"line":82,"column":4},"end":{"line":82,"column":null}},"44":{"start":{"line":86,"column":4},"end":{"line":86,"column":null}},"45":{"start":{"line":90,"column":4},"end":{"line":90,"column":null}},"46":{"start":{"line":94,"column":4},"end":{"line":94,"column":null}},"47":{"start":{"line":94,"column":32},"end":{"line":94,"column":76}},"48":{"start":{"line":99,"column":17},"end":{"line":99,"column":null}},"49":{"start":{"line":99,"column":39},"end":{"line":99,"column":54}},"50":{"start":{"line":100,"column":4},"end":{"line":100,"column":null}},"51":{"start":{"line":100,"column":15},"end":{"line":100,"column":null}},"52":{"start":{"line":101,"column":4},"end":{"line":101,"column":null}},"53":{"start":{"line":101,"column":25},"end":{"line":101,"column":null}},"54":{"start":{"line":102,"column":4},"end":{"line":109,"column":null}},"55":{"start":{"line":113,"column":17},"end":{"line":113,"column":null}},"56":{"start":{"line":113,"column":39},"end":{"line":113,"column":54}},"57":{"start":{"line":114,"column":4},"end":{"line":114,"column":null}},"58":{"start":{"line":114,"column":26},"end":{"line":114,"column":null}},"59":{"start":{"line":115,"column":4},"end":{"line":115,"column":null}},"60":{"start":{"line":115,"column":48},"end":{"line":115,"column":67}},"61":{"start":{"line":119,"column":17},"end":{"line":119,"column":null}},"62":{"start":{"line":119,"column":39},"end":{"line":119,"column":54}},"63":{"start":{"line":120,"column":17},"end":{"line":120,"column":null}},"64":{"start":{"line":120,"column":44},"end":{"line":120,"column":63}},"65":{"start":{"line":121,"column":4},"end":{"line":121,"column":null}},"66":{"start":{"line":121,"column":13},"end":{"line":121,"column":null}},"67":{"start":{"line":125,"column":4},"end":{"line":125,"column":null}},"68":{"start":{"line":125,"column":33},"end":{"line":125,"column":48}},"69":{"start":{"line":128,"column":2},"end":{"line":135,"column":null}}},"fnMap":{"0":{"name":"(anonymous_0)","decl":{"start":{"line":9,"column":62},"end":{"line":9,"column":68}},"loc":{"start":{"line":9,"column":68},"end":{"line":136,"column":1}},"line":9},"1":{"name":"(anonymous_1)","decl":{"start":{"line":14,"column":31},"end":{"line":14,"column":37}},"loc":{"start":{"line":14,"column":37},"end":{"line":14,"column":70}},"line":14},"2":{"name":"(anonymous_2)","decl":{"start":{"line":14,"column":56},"end":{"line":14,"column":61}},"loc":{"start":{"line":14,"column":61},"end":{"line":14,"column":69}},"line":14},"3":{"name":"(anonymous_3)","decl":{"start":{"line":16,"column":30},"end":{"line":16,"column":36}},"loc":{"start":{"line":16,"column":36},"end":{"line":24,"column":3}},"line":16},"4":{"name":"(anonymous_4)","decl":{"start":{"line":19,"column":14},"end":{"line":19,"column":22}},"loc":{"start":{"line":19,"column":14},"end":{"line":19,"column":41}},"line":19},"5":{"name":"(anonymous_5)","decl":{"start":{"line":20,"column":11},"end":{"line":20,"column":20}},"loc":{"start":{"line":20,"column":20},"end":{"line":23,"column":8}},"line":20},"6":{"name":"(anonymous_6)","decl":{"start":{"line":22,"column":32},"end":{"line":22,"column":37}},"loc":{"start":{"line":22,"column":37},"end":{"line":22,"column":77}},"line":22},"7":{"name":"(anonymous_7)","decl":{"start":{"line":26,"column":30},"end":{"line":26,"column":null}},"loc":{"start":{"line":27,"column":4},"end":{"line":27,"column":null}},"line":27},"8":{"name":"(anonymous_8)","decl":{"start":{"line":27,"column":25},"end":{"line":27,"column":26}},"loc":{"start":{"line":27,"column":35},"end":{"line":27,"column":63}},"line":27},"9":{"name":"createPlan","decl":{"start":{"line":30,"column":11},"end":{"line":30,"column":22}},"loc":{"start":{"line":30,"column":93},"end":{"line":36,"column":null}},"line":30},"10":{"name":"logWorkout","decl":{"start":{"line":38,"column":11},"end":{"line":38,"column":22}},"loc":{"start":{"line":38,"column":72},"end":{"line":57,"column":null}},"line":38},"11":{"name":"(anonymous_11)","decl":{"start":{"line":39,"column":34},"end":{"line":39,"column":39}},"loc":{"start":{"line":39,"column":39},"end":{"line":39,"column":59}},"line":39},"12":{"name":"(anonymous_12)","decl":{"start":{"line":50,"column":61},"end":{"line":50,"column":76}},"loc":{"start":{"line":50,"column":82},"end":{"line":55,"column":7}},"line":50},"13":{"name":"updatePlanLink","decl":{"start":{"line":59,"column":11},"end":{"line":59,"column":26}},"loc":{"start":{"line":59,"column":77},"end":{"line":62,"column":null}},"line":59},"14":{"name":"(anonymous_14)","decl":{"start":{"line":60,"column":34},"end":{"line":60,"column":39}},"loc":{"start":{"line":60,"column":39},"end":{"line":60,"column":54}},"line":60},"15":{"name":"deletePlan","decl":{"start":{"line":64,"column":11},"end":{"line":64,"column":22}},"loc":{"start":{"line":64,"column":40},"end":{"line":71,"column":null}},"line":64},"16":{"name":"getPlanById","decl":{"start":{"line":73,"column":11},"end":{"line":73,"column":23}},"loc":{"start":{"line":73,"column":61},"end":{"line":75,"column":null}},"line":73},"17":{"name":"(anonymous_17)","decl":{"start":{"line":74,"column":28},"end":{"line":74,"column":33}},"loc":{"start":{"line":74,"column":33},"end":{"line":74,"column":44}},"line":74},"18":{"name":"getPlanLogs","decl":{"start":{"line":77,"column":11},"end":{"line":77,"column":23}},"loc":{"start":{"line":77,"column":53},"end":{"line":79,"column":null}},"line":77},"19":{"name":"(anonymous_19)","decl":{"start":{"line":78,"column":29},"end":{"line":78,"column":34}},"loc":{"start":{"line":78,"column":34},"end":{"line":78,"column":53}},"line":78},"20":{"name":"(anonymous_20)","decl":{"start":{"line":78,"column":60},"end":{"line":78,"column":61}},"loc":{"start":{"line":78,"column":70},"end":{"line":78,"column":98}},"line":78},"21":{"name":"getStreak","decl":{"start":{"line":81,"column":11},"end":{"line":81,"column":21}},"loc":{"start":{"line":81,"column":45},"end":{"line":83,"column":null}},"line":81},"22":{"name":"getTotalMinutes","decl":{"start":{"line":85,"column":11},"end":{"line":85,"column":27}},"loc":{"start":{"line":85,"column":51},"end":{"line":87,"column":null}},"line":85},"23":{"name":"getTotalKm","decl":{"start":{"line":89,"column":11},"end":{"line":89,"column":22}},"loc":{"start":{"line":89,"column":46},"end":{"line":91,"column":null}},"line":89},"24":{"name":"isLoggedToday","decl":{"start":{"line":93,"column":11},"end":{"line":93,"column":25}},"loc":{"start":{"line":93,"column":50},"end":{"line":95,"column":null}},"line":93},"25":{"name":"(anonymous_25)","decl":{"start":{"line":94,"column":27},"end":{"line":94,"column":32}},"loc":{"start":{"line":94,"column":32},"end":{"line":94,"column":76}},"line":94},"26":{"name":"addResource","decl":{"start":{"line":98,"column":11},"end":{"line":98,"column":23}},"loc":{"start":{"line":98,"column":103},"end":{"line":110,"column":null}},"line":98},"27":{"name":"(anonymous_27)","decl":{"start":{"line":99,"column":34},"end":{"line":99,"column":39}},"loc":{"start":{"line":99,"column":39},"end":{"line":99,"column":54}},"line":99},"28":{"name":"deleteResource","decl":{"start":{"line":112,"column":11},"end":{"line":112,"column":26}},"loc":{"start":{"line":112,"column":68},"end":{"line":116,"column":null}},"line":112},"29":{"name":"(anonymous_29)","decl":{"start":{"line":113,"column":34},"end":{"line":113,"column":39}},"loc":{"start":{"line":113,"column":39},"end":{"line":113,"column":54}},"line":113},"30":{"name":"(anonymous_30)","decl":{"start":{"line":115,"column":43},"end":{"line":115,"column":48}},"loc":{"start":{"line":115,"column":48},"end":{"line":115,"column":67}},"line":115},"31":{"name":"toggleResourceDone","decl":{"start":{"line":118,"column":11},"end":{"line":118,"column":30}},"loc":{"start":{"line":118,"column":72},"end":{"line":122,"column":null}},"line":118},"32":{"name":"(anonymous_32)","decl":{"start":{"line":119,"column":34},"end":{"line":119,"column":39}},"loc":{"start":{"line":119,"column":39},"end":{"line":119,"column":54}},"line":119},"33":{"name":"(anonymous_33)","decl":{"start":{"line":120,"column":39},"end":{"line":120,"column":44}},"loc":{"start":{"line":120,"column":44},"end":{"line":120,"column":63}},"line":120},"34":{"name":"getPlanResources","decl":{"start":{"line":124,"column":11},"end":{"line":124,"column":28}},"loc":{"start":{"line":124,"column":64},"end":{"line":126,"column":null}},"line":124},"35":{"name":"(anonymous_35)","decl":{"start":{"line":125,"column":28},"end":{"line":125,"column":33}},"loc":{"start":{"line":125,"column":33},"end":{"line":125,"column":48}},"line":125}},"branchMap":{"0":{"loc":{"start":{"line":22,"column":37},"end":{"line":22,"column":77}},"type":"binary-expr","locations":[{"start":{"line":22,"column":37},"end":{"line":22,"column":61}},{"start":{"line":22,"column":61},"end":{"line":22,"column":77}}],"line":22},"1":{"loc":{"start":{"line":43,"column":14},"end":{"line":43,"column":null}},"type":"binary-expr","locations":[{"start":{"line":43,"column":14},"end":{"line":43,"column":29}},{"start":{"line":43,"column":29},"end":{"line":43,"column":null}}],"line":43},"2":{"loc":{"start":{"line":44,"column":17},"end":{"line":44,"column":null}},"type":"binary-expr","locations":[{"start":{"line":44,"column":17},"end":{"line":44,"column":32}},{"start":{"line":44,"column":32},"end":{"line":44,"column":null}}],"line":44},"3":{"loc":{"start":{"line":45,"column":16},"end":{"line":45,"column":null}},"type":"binary-expr","locations":[{"start":{"line":45,"column":16},"end":{"line":45,"column":39}},{"start":{"line":45,"column":39},"end":{"line":45,"column":null}}],"line":45},"4":{"loc":{"start":{"line":49,"column":4},"end":{"line":56,"column":null}},"type":"if","locations":[{"start":{"line":49,"column":4},"end":{"line":56,"column":null}},{"start":{},"end":{}}],"line":49},"5":{"loc":{"start":{"line":52,"column":8},"end":{"line":54,"column":null}},"type":"if","locations":[{"start":{"line":52,"column":8},"end":{"line":54,"column":null}},{"start":{},"end":{}}],"line":52},"6":{"loc":{"start":{"line":61,"column":4},"end":{"line":61,"column":null}},"type":"if","locations":[{"start":{"line":61,"column":4},"end":{"line":61,"column":null}},{"start":{},"end":{}}],"line":61},"7":{"loc":{"start":{"line":69,"column":6},"end":{"line":69,"column":null}},"type":"if","locations":[{"start":{"line":69,"column":6},"end":{"line":69,"column":null}},{"start":{},"end":{}}],"line":69},"8":{"loc":{"start":{"line":69,"column":10},"end":{"line":69,"column":43}},"type":"binary-expr","locations":[{"start":{"line":69,"column":10},"end":{"line":69,"column":29}},{"start":{"line":69,"column":29},"end":{"line":69,"column":43}}],"line":69},"9":{"loc":{"start":{"line":94,"column":32},"end":{"line":94,"column":76}},"type":"binary-expr","locations":[{"start":{"line":94,"column":32},"end":{"line":94,"column":55}},{"start":{"line":94,"column":55},"end":{"line":94,"column":76}}],"line":94},"10":{"loc":{"start":{"line":100,"column":4},"end":{"line":100,"column":null}},"type":"if","locations":[{"start":{"line":100,"column":4},"end":{"line":100,"column":null}},{"start":{},"end":{}}],"line":100},"11":{"loc":{"start":{"line":101,"column":4},"end":{"line":101,"column":null}},"type":"if","locations":[{"start":{"line":101,"column":4},"end":{"line":101,"column":null}},{"start":{},"end":{}}],"line":101},"12":{"loc":{"start":{"line":105,"column":15},"end":{"line":105,"column":null}},"type":"binary-expr","locations":[{"start":{"line":105,"column":15},"end":{"line":105,"column":36}},{"start":{"line":105,"column":36},"end":{"line":105,"column":null}}],"line":105},"13":{"loc":{"start":{"line":114,"column":4},"end":{"line":114,"column":null}},"type":"if","locations":[{"start":{"line":114,"column":4},"end":{"line":114,"column":null}},{"start":{},"end":{}}],"line":114},"14":{"loc":{"start":{"line":121,"column":4},"end":{"line":121,"column":null}},"type":"if","locations":[{"start":{"line":121,"column":4},"end":{"line":121,"column":null}},{"start":{},"end":{}}],"line":121},"15":{"loc":{"start":{"line":125,"column":11},"end":{"line":125,"column":null}},"type":"binary-expr","locations":[{"start":{"line":125,"column":11},"end":{"line":125,"column":64}},{"start":{"line":125,"column":64},"end":{"line":125,"column":null}}],"line":125}},"s":{"0":1,"1":22,"2":22,"3":22,"4":22,"5":1,"6":1,"7":22,"8":0,"9":0,"10":0,"11":0,"12":0,"13":22,"14":1,"15":11,"16":22,"17":22,"18":22,"19":22,"20":22,"21":25,"22":27,"23":25,"24":25,"25":25,"26":0,"27":0,"28":0,"29":0,"30":1,"31":1,"32":1,"33":1,"34":3,"35":3,"36":4,"37":3,"38":3,"39":2,"40":2,"41":4,"42":0,"43":0,"44":2,"45":1,"46":2,"47":2,"48":5,"49":5,"50":5,"51":0,"52":5,"53":4,"54":5,"55":1,"56":1,"57":1,"58":0,"59":1,"60":2,"61":2,"62":2,"63":2,"64":2,"65":2,"66":2,"67":10,"68":10,"69":22},"f":{"0":22,"1":1,"2":1,"3":0,"4":0,"5":0,"6":0,"7":1,"8":11,"9":22,"10":25,"11":27,"12":0,"13":1,"14":1,"15":3,"16":3,"17":2,"18":2,"19":4,"20":0,"21":0,"22":2,"23":1,"24":2,"25":2,"26":5,"27":5,"28":1,"29":1,"30":2,"31":2,"32":2,"33":2,"34":10,"35":10},"b":{"0":[0,0],"1":[25,0],"2":[25,0],"3":[25,0],"4":[0,25],"5":[0,0],"6":[1,0],"7":[3,1],"8":[4,3],"9":[2,2],"10":[0,5],"11":[4,1],"12":[5,1],"13":[0,1],"14":[2,0],"15":[10,1]},"meta":{"lastBranch":16,"lastFunction":36,"lastStatement":70,"seen":{"s:9:13:136:Infinity":0,"f:9:62:9:68":0,"s:10:66:10:Infinity":1,"s:11:63:11:Infinity":2,"s:12:8:12:Infinity":3,"s:14:8:14:Infinity":4,"f:14:31:14:37":1,"s:14:37:14:70":5,"f:14:56:14:61":2,"s:14:61:14:69":6,"s:16:8:24:Infinity":7,"f:16:30:16:36":3,"s:17:10:17:Infinity":8,"s:18:4:23:Infinity":9,"f:19:14:19:22":4,"s:19:14:19:41":10,"f:20:11:20:20":5,"s:20:20:23:8":11,"f:22:32:22:37":6,"s:22:37:22:77":12,"b:22:37:22:61:22:61:22:77":0,"s:26:8:28:Infinity":13,"f:26:30:26:Infinity":7,"s:27:4:27:Infinity":14,"f:27:25:27:26":8,"s:27:35:27:63":15,"f:30:11:30:22":9,"s:31:15:31:Infinity":16,"s:32:31:32:Infinity":17,"s:33:4:33:Infinity":18,"s:34:4:34:Infinity":19,"s:35:4:35:Infinity":20,"f:38:11:38:22":10,"s:39:17:39:Infinity":21,"f:39:34:39:39":11,"s:39:39:39:59":22,"s:40:4:40:Infinity":23,"s:41:4:47:Infinity":24,"b:43:14:43:29:43:29:43:Infinity":1,"b:44:17:44:32:44:32:44:Infinity":2,"b:45:16:45:39:45:39:45:Infinity":3,"b:49:4:56:Infinity:undefined:undefined:undefined:undefined":4,"s:49:4:56:Infinity":25,"s:50:6:55:Infinity":26,"f:50:61:50:76":12,"s:51:28:51:Infinity":27,"b:52:8:54:Infinity:undefined:undefined:undefined:undefined":5,"s:52:8:54:Infinity":28,"s:53:10:53:Infinity":29,"f:59:11:59:26":13,"s:60:17:60:Infinity":30,"f:60:34:60:39":14,"s:60:39:60:54":31,"b:61:4:61:Infinity:undefined:undefined:undefined:undefined":6,"s:61:4:61:Infinity":32,"s:61:14:61:Infinity":33,"f:64:11:64:22":15,"s:67:4:67:Infinity":34,"s:68:4:70:Infinity":35,"b:69:6:69:Infinity:undefined:undefined:undefined:undefined":7,"s:69:6:69:Infinity":36,"b:69:10:69:29:69:29:69:43":8,"s:69:43:69:Infinity":37,"f:73:11:73:23":16,"s:74:4:74:Infinity":38,"f:74:28:74:33":17,"s:74:33:74:44":39,"f:77:11:77:23":18,"s:78:4:78:Infinity":40,"f:78:29:78:34":19,"s:78:34:78:53":41,"f:78:60:78:61":20,"s:78:70:78:98":42,"f:81:11:81:21":21,"s:82:4:82:Infinity":43,"f:85:11:85:27":22,"s:86:4:86:Infinity":44,"f:89:11:89:22":23,"s:90:4:90:Infinity":45,"f:93:11:93:25":24,"s:94:4:94:Infinity":46,"f:94:27:94:32":25,"s:94:32:94:76":47,"b:94:32:94:55:94:55:94:76":9,"f:98:11:98:23":26,"s:99:17:99:Infinity":48,"f:99:34:99:39":27,"s:99:39:99:54":49,"b:100:4:100:Infinity:undefined:undefined:undefined:undefined":10,"s:100:4:100:Infinity":50,"s:100:15:100:Infinity":51,"b:101:4:101:Infinity:undefined:undefined:undefined:undefined":11,"s:101:4:101:Infinity":52,"s:101:25:101:Infinity":53,"s:102:4:109:Infinity":54,"b:105:15:105:36:105:36:105:Infinity":12,"f:112:11:112:26":28,"s:113:17:113:Infinity":55,"f:113:34:113:39":29,"s:113:39:113:54":56,"b:114:4:114:Infinity:undefined:undefined:undefined:undefined":13,"s:114:4:114:Infinity":57,"s:114:26:114:Infinity":58,"s:115:4:115:Infinity":59,"f:115:43:115:48":30,"s:115:48:115:67":60,"f:118:11:118:30":31,"s:119:17:119:Infinity":61,"f:119:34:119:39":32,"s:119:39:119:54":62,"s:120:17:120:Infinity":63,"f:120:39:120:44":33,"s:120:44:120:63":64,"b:121:4:121:Infinity:undefined:undefined:undefined:undefined":14,"s:121:4:121:Infinity":65,"s:121:13:121:Infinity":66,"f:124:11:124:28":34,"s:125:4:125:Infinity":67,"b:125:11:125:64:125:64:125:Infinity":15,"f:125:28:125:33":35,"s:125:33:125:48":68,"s:128:2:135:Infinity":69}}}
}
