{"/Users/test/Documents/Work/AIProjects/VibeOS/src/core/composables/provider.ts": {"path":"/Users/test/Documents/Work/AIProjects/VibeOS/src/core/composables/provider.ts","statementMap":{"0":{"start":{"line":22,"column":3},"end":{"line":22,"column":null}},"1":{"start":{"line":25,"column":3},"end":{"line":25,"column":null}},"2":{"start":{"line":36,"column":14},"end":{"line":44,"column":null}},"3":{"start":{"line":45,"column":2},"end":{"line":45,"column":null}},"4":{"start":{"line":45,"column":15},"end":{"line":45,"column":null}},"5":{"start":{"line":46,"column":2},"end":{"line":46,"column":null}}},"fnMap":{"0":{"name":"aiRequest","decl":{"start":{"line":35,"column":22},"end":{"line":35,"column":32}},"loc":{"start":{"line":35,"column":83},"end":{"line":47,"column":null}},"line":35}},"branchMap":{"0":{"loc":{"start":{"line":22,"column":3},"end":{"line":22,"column":null}},"type":"binary-expr","locations":[{"start":{"line":22,"column":3},"end":{"line":22,"column":62}},{"start":{"line":22,"column":62},"end":{"line":22,"column":null}}],"line":22},"1":{"loc":{"start":{"line":25,"column":3},"end":{"line":25,"column":null}},"type":"binary-expr","locations":[{"start":{"line":25,"column":3},"end":{"line":25,"column":59}},{"start":{"line":25,"column":59},"end":{"line":25,"column":null}}],"line":25},"2":{"loc":{"start":{"line":41,"column":16},"end":{"line":41,"column":null}},"type":"binary-expr","locations":[{"start":{"line":41,"column":16},"end":{"line":41,"column":31}},{"start":{"line":41,"column":31},"end":{"line":41,"column":null}}],"line":41},"3":{"loc":{"start":{"line":45,"column":2},"end":{"line":45,"column":null}},"type":"if","locations":[{"start":{"line":45,"column":2},"end":{"line":45,"column":null}},{"start":{},"end":{}}],"line":45}},"s":{"0":0,"1":0,"2":0,"3":0,"4":0,"5":0},"f":{"0":0},"b":{"0":[0,0],"1":[0,0],"2":[0,0],"3":[0,0]},"meta":{"lastBranch":4,"lastFunction":1,"lastStatement":6,"seen":{"s:22:3:22:Infinity":0,"b:22:3:22:62:22:62:22:Infinity":0,"s:25:3:25:Infinity":1,"b:25:3:25:59:25:59:25:Infinity":1,"f:35:22:35:32":0,"s:36:14:44:Infinity":2,"b:41:16:41:31:41:31:41:Infinity":2,"b:45:2:45:Infinity:undefined:undefined:undefined:undefined":3,"s:45:2:45:Infinity":3,"s:45:15:45:Infinity":4,"s:46:2:46:Infinity":5}}}
,"/Users/test/Documents/Work/AIProjects/VibeOS/src/core/composables/useAI.ts": {"path":"/Users/test/Documents/Work/AIProjects/VibeOS/src/core/composables/useAI.ts","statementMap":{"0":{"start":{"line":15,"column":2},"end":{"line":15,"column":null}},"1":{"start":{"line":30,"column":8},"end":{"line":30,"column":null}},"2":{"start":{"line":31,"column":8},"end":{"line":31,"column":null}},"3":{"start":{"line":34,"column":4},"end":{"line":34,"column":null}},"4":{"start":{"line":35,"column":4},"end":{"line":35,"column":null}},"5":{"start":{"line":36,"column":4},"end":{"line":43,"column":null}},"6":{"start":{"line":37,"column":6},"end":{"line":37,"column":null}},"7":{"start":{"line":39,"column":6},"end":{"line":39,"column":null}},"8":{"start":{"line":40,"column":6},"end":{"line":40,"column":null}},"9":{"start":{"line":42,"column":6},"end":{"line":42,"column":null}},"10":{"start":{"line":46,"column":2},"end":{"line":46,"column":null}}},"fnMap":{"0":{"name":"aiComplete","decl":{"start":{"line":14,"column":22},"end":{"line":14,"column":33}},"loc":{"start":{"line":14,"column":84},"end":{"line":16,"column":null}},"line":14},"1":{"name":"useAI","decl":{"start":{"line":29,"column":16},"end":{"line":29,"column":22}},"loc":{"start":{"line":29,"column":40},"end":{"line":47,"column":null}},"line":29},"2":{"name":"complete","decl":{"start":{"line":33,"column":17},"end":{"line":33,"column":26}},"loc":{"start":{"line":33,"column":81},"end":{"line":44,"column":null}},"line":33}},"branchMap":{"0":{"loc":{"start":{"line":37,"column":46},"end":{"line":37,"column":77}},"type":"binary-expr","locations":[{"start":{"line":37,"column":46},"end":{"line":37,"column":65}},{"start":{"line":37,"column":65},"end":{"line":37,"column":77}}],"line":37},"1":{"loc":{"start":{"line":39,"column":20},"end":{"line":39,"column":null}},"type":"cond-expr","locations":[{"start":{"line":39,"column":41},"end":{"line":39,"column":53}},{"start":{"line":39,"column":53},"end":{"line":39,"column":null}}],"line":39}},"s":{"0":0,"1":0,"2":0,"3":0,"4":0,"5":0,"6":0,"7":0,"8":0,"9":0,"10":0},"f":{"0":0,"1":0,"2":0},"b":{"0":[0,0],"1":[0,0]},"meta":{"lastBranch":2,"lastFunction":3,"lastStatement":11,"seen":{"f:14:22:14:33":0,"s:15:2:15:Infinity":0,"f:29:16:29:22":1,"s:30:8:30:Infinity":1,"s:31:8:31:Infinity":2,"f:33:17:33:26":2,"s:34:4:34:Infinity":3,"s:35:4:35:Infinity":4,"s:36:4:43:Infinity":5,"s:37:6:37:Infinity":6,"b:37:46:37:65:37:65:37:77":0,"s:39:6:39:Infinity":7,"b:39:41:39:53:39:53:39:Infinity":1,"s:40:6:40:Infinity":8,"s:42:6:42:Infinity":9,"s:46:2:46:Infinity":10}}}
,"/Users/test/Documents/Work/AIProjects/VibeOS/src/core/composables/useAiInsight.ts": {"path":"/Users/test/Documents/Work/AIProjects/VibeOS/src/core/composables/useAiInsight.ts","statementMap":{"0":{"start":{"line":31,"column":8},"end":{"line":31,"column":null}},"1":{"start":{"line":32,"column":8},"end":{"line":32,"column":null}},"2":{"start":{"line":35,"column":4},"end":{"line":35,"column":null}},"3":{"start":{"line":36,"column":4},"end":{"line":36,"column":null}},"4":{"start":{"line":37,"column":4},"end":{"line":40,"column":null}},"5":{"start":{"line":38,"column":20},"end":{"line":38,"column":38}},"6":{"start":{"line":40,"column":23},"end":{"line":40,"column":45}},"7":{"start":{"line":44,"column":4},"end":{"line":44,"column":null}},"8":{"start":{"line":47,"column":2},"end":{"line":47,"column":null}}},"fnMap":{"0":{"name":"useAiInsight","decl":{"start":{"line":25,"column":16},"end":{"line":25,"column":null}},"loc":{"start":{"line":30,"column":2},"end":{"line":48,"column":null}},"line":30},"1":{"name":"run","decl":{"start":{"line":34,"column":11},"end":{"line":34,"column":15}},"loc":{"start":{"line":34,"column":37},"end":{"line":41,"column":null}},"line":34},"2":{"name":"(anonymous_2)","decl":{"start":{"line":38,"column":12},"end":{"line":38,"column":18}},"loc":{"start":{"line":38,"column":18},"end":{"line":38,"column":39}},"line":38},"3":{"name":"(anonymous_3)","decl":{"start":{"line":39,"column":13},"end":{"line":39,"column":19}},"loc":{"start":{"line":39,"column":19},"end":{"line":39,"column":62}},"line":39},"4":{"name":"(anonymous_4)","decl":{"start":{"line":40,"column":15},"end":{"line":40,"column":21}},"loc":{"start":{"line":40,"column":21},"end":{"line":40,"column":46}},"line":40},"5":{"name":"dismiss","decl":{"start":{"line":43,"column":11},"end":{"line":43,"column":27}},"loc":{"start":{"line":43,"column":27},"end":{"line":45,"column":null}},"line":43}},"branchMap":{},"s":{"0":0,"1":0,"2":0,"3":0,"4":0,"5":0,"6":0,"7":0,"8":0},"f":{"0":0,"1":0,"2":0,"3":0,"4":0,"5":0},"b":{},"meta":{"lastBranch":0,"lastFunction":6,"lastStatement":9,"seen":{"f:25:16:25:Infinity":0,"s:31:8:31:Infinity":0,"s:32:8:32:Infinity":1,"f:34:11:34:15":1,"s:35:4:35:Infinity":2,"s:36:4:36:Infinity":3,"s:37:4:40:Infinity":4,"f:38:12:38:18":2,"s:38:20:38:38":5,"f:39:13:39:19":3,"f:40:15:40:21":4,"s:40:23:40:45":6,"f:43:11:43:27":5,"s:44:4:44:Infinity":7,"s:47:2:47:Infinity":8}}}
,"/Users/test/Documents/Work/AIProjects/VibeOS/src/core/composables/useAsync.ts": {"path":"/Users/test/Documents/Work/AIProjects/VibeOS/src/core/composables/useAsync.ts","statementMap":{"0":{"start":{"line":16,"column":8},"end":{"line":16,"column":null}},"1":{"start":{"line":17,"column":8},"end":{"line":17,"column":null}},"2":{"start":{"line":18,"column":8},"end":{"line":18,"column":null}},"3":{"start":{"line":21,"column":4},"end":{"line":21,"column":null}},"4":{"start":{"line":22,"column":4},"end":{"line":22,"column":null}},"5":{"start":{"line":23,"column":4},"end":{"line":31,"column":null}},"6":{"start":{"line":24,"column":6},"end":{"line":24,"column":null}},"7":{"start":{"line":25,"column":6},"end":{"line":25,"column":null}},"8":{"start":{"line":27,"column":6},"end":{"line":27,"column":null}},"9":{"start":{"line":28,"column":6},"end":{"line":28,"column":null}},"10":{"start":{"line":30,"column":6},"end":{"line":30,"column":null}},"11":{"start":{"line":35,"column":4},"end":{"line":35,"column":null}},"12":{"start":{"line":36,"column":4},"end":{"line":36,"column":null}},"13":{"start":{"line":37,"column":4},"end":{"line":37,"column":null}},"14":{"start":{"line":40,"column":2},"end":{"line":40,"column":null}}},"fnMap":{"0":{"name":"useAsync","decl":{"start":{"line":15,"column":16},"end":{"line":15,"column":28}},"loc":{"start":{"line":15,"column":84},"end":{"line":41,"column":null}},"line":15},"1":{"name":"execute","decl":{"start":{"line":20,"column":17},"end":{"line":20,"column":28}},"loc":{"start":{"line":20,"column":64},"end":{"line":32,"column":null}},"line":20},"2":{"name":"reset","decl":{"start":{"line":34,"column":11},"end":{"line":34,"column":19}},"loc":{"start":{"line":34,"column":19},"end":{"line":38,"column":null}},"line":34}},"branchMap":{"0":{"loc":{"start":{"line":27,"column":20},"end":{"line":27,"column":null}},"type":"cond-expr","locations":[{"start":{"line":27,"column":41},"end":{"line":27,"column":53}},{"start":{"line":27,"column":53},"end":{"line":27,"column":null}}],"line":27}},"s":{"0":0,"1":0,"2":0,"3":0,"4":0,"5":0,"6":0,"7":0,"8":0,"9":0,"10":0,"11":0,"12":0,"13":0,"14":0},"f":{"0":0,"1":0,"2":0},"b":{"0":[0,0]},"meta":{"lastBranch":1,"lastFunction":3,"lastStatement":15,"seen":{"f:15:16:15:28":0,"s:16:8:16:Infinity":0,"s:17:8:17:Infinity":1,"s:18:8:18:Infinity":2,"f:20:17:20:28":1,"s:21:4:21:Infinity":3,"s:22:4:22:Infinity":4,"s:23:4:31:Infinity":5,"s:24:6:24:Infinity":6,"s:25:6:25:Infinity":7,"s:27:6:27:Infinity":8,"b:27:41:27:53:27:53:27:Infinity":0,"s:28:6:28:Infinity":9,"s:30:6:30:Infinity":10,"f:34:11:34:19":2,"s:35:4:35:Infinity":11,"s:36:4:36:Infinity":12,"s:37:4:37:Infinity":13,"s:40:2:40:Infinity":14}}}
,"/Users/test/Documents/Work/AIProjects/VibeOS/src/core/composables/useBackendSync.ts": {"path":"/Users/test/Documents/Work/AIProjects/VibeOS/src/core/composables/useBackendSync.ts","statementMap":{"0":{"start":{"line":7,"column":18},"end":{"line":7,"column":null}},"1":{"start":{"line":8,"column":53},"end":{"line":8,"column":null}},"2":{"start":{"line":11,"column":4},"end":{"line":11,"column":null}},"3":{"start":{"line":11,"column":16},"end":{"line":11,"column":null}},"4":{"start":{"line":12,"column":4},"end":{"line":16,"column":null}},"5":{"start":{"line":13,"column":6},"end":{"line":15,"column":null}},"6":{"start":{"line":14,"column":8},"end":{"line":14,"column":null}},"7":{"start":{"line":19,"column":2},"end":{"line":19,"column":null}}},"fnMap":{"0":{"name":"useBackendSync","decl":{"start":{"line":6,"column":16},"end":{"line":6,"column":31}},"loc":{"start":{"line":6,"column":51},"end":{"line":20,"column":null}},"line":6},"1":{"name":"push","decl":{"start":{"line":10,"column":11},"end":{"line":10,"column":16}},"loc":{"start":{"line":10,"column":37},"end":{"line":17,"column":null}},"line":10},"2":{"name":"(anonymous_2)","decl":{"start":{"line":12,"column":24},"end":{"line":12,"column":30}},"loc":{"start":{"line":12,"column":30},"end":{"line":16,"column":7}},"line":12},"3":{"name":"(anonymous_3)","decl":{"start":{"line":13,"column":38},"end":{"line":13,"column":null}},"loc":{"start":{"line":14,"column":8},"end":{"line":14,"column":null}},"line":14}},"branchMap":{"0":{"loc":{"start":{"line":11,"column":4},"end":{"line":11,"column":null}},"type":"if","locations":[{"start":{"line":11,"column":4},"end":{"line":11,"column":null}},{"start":{},"end":{}}],"line":11}},"s":{"0":130,"1":130,"2":102,"3":7,"4":102,"5":0,"6":0,"7":130},"f":{"0":130,"1":102,"2":0,"3":0},"b":{"0":[7,95]},"meta":{"lastBranch":1,"lastFunction":4,"lastStatement":8,"seen":{"f:6:16:6:31":0,"s:7:18:7:Infinity":0,"s:8:53:8:Infinity":1,"f:10:11:10:16":1,"b:11:4:11:Infinity:undefined:undefined:undefined:undefined":0,"s:11:4:11:Infinity":2,"s:11:16:11:Infinity":3,"s:12:4:16:Infinity":4,"f:12:24:12:30":2,"s:13:6:15:Infinity":5,"f:13:38:13:Infinity":3,"s:14:8:14:Infinity":6,"s:19:2:19:Infinity":7}}}
,"/Users/test/Documents/Work/AIProjects/VibeOS/src/core/composables/useCloudSync.ts": {"path":"/Users/test/Documents/Work/AIProjects/VibeOS/src/core/composables/useCloudSync.ts","statementMap":{"0":{"start":{"line":36,"column":20},"end":{"line":36,"column":null}},"1":{"start":{"line":37,"column":20},"end":{"line":37,"column":null}},"2":{"start":{"line":38,"column":2},"end":{"line":38,"column":null}},"3":{"start":{"line":42,"column":14},"end":{"line":42,"column":null}},"4":{"start":{"line":42,"column":37},"end":{"line":42,"column":46}},"5":{"start":{"line":43,"column":2},"end":{"line":46,"column":null}},"6":{"start":{"line":44,"column":14},"end":{"line":44,"column":null}},"7":{"start":{"line":45,"column":4},"end":{"line":45,"column":null}},"8":{"start":{"line":45,"column":47},"end":{"line":45,"column":null}},"9":{"start":{"line":47,"column":2},"end":{"line":47,"column":null}},"10":{"start":{"line":51,"column":35},"end":{"line":63,"column":null}},"11":{"start":{"line":66,"column":30},"end":{"line":66,"column":null}},"12":{"start":{"line":69,"column":17},"end":{"line":69,"column":null}},"13":{"start":{"line":70,"column":2},"end":{"line":79,"column":null}},"14":{"start":{"line":71,"column":16},"end":{"line":71,"column":null}},"15":{"start":{"line":72,"column":4},"end":{"line":72,"column":null}},"16":{"start":{"line":72,"column":14},"end":{"line":72,"column":null}},"17":{"start":{"line":73,"column":4},"end":{"line":78,"column":null}},"18":{"start":{"line":74,"column":20},"end":{"line":74,"column":null}},"19":{"start":{"line":75,"column":6},"end":{"line":75,"column":null}},"20":{"start":{"line":75,"column":33},"end":{"line":75,"column":null}},"21":{"start":{"line":76,"column":19},"end":{"line":76,"column":null}},"22":{"start":{"line":76,"column":37},"end":{"line":76,"column":74}},"23":{"start":{"line":77,"column":6},"end":{"line":77,"column":null}},"24":{"start":{"line":77,"column":40},"end":{"line":77,"column":null}},"25":{"start":{"line":83,"column":18},"end":{"line":83,"column":null}},"26":{"start":{"line":86,"column":8},"end":{"line":86,"column":null}},"27":{"start":{"line":87,"column":2},"end":{"line":87,"column":null}},"28":{"start":{"line":87,"column":26},"end":{"line":87,"column":39}},"29":{"start":{"line":87,"column":39},"end":{"line":87,"column":64}},"30":{"start":{"line":91,"column":2},"end":{"line":91,"column":null}},"31":{"start":{"line":91,"column":71},"end":{"line":91,"column":80}},"32":{"start":{"line":95,"column":6},"end":{"line":95,"column":null}},"33":{"start":{"line":96,"column":6},"end":{"line":96,"column":null}},"34":{"start":{"line":97,"column":6},"end":{"line":97,"column":null}},"35":{"start":{"line":103,"column":4},"end":{"line":103,"column":null}},"36":{"start":{"line":103,"column":31},"end":{"line":103,"column":null}},"37":{"start":{"line":104,"column":4},"end":{"line":104,"column":null}},"38":{"start":{"line":104,"column":29},"end":{"line":104,"column":44}},"39":{"start":{"line":104,"column":44},"end":{"line":104,"column":51}},"40":{"start":{"line":106,"column":4},"end":{"line":118,"column":null}},"41":{"start":{"line":107,"column":12},"end":{"line":107,"column":null}},"42":{"start":{"line":108,"column":33},"end":{"line":108,"column":null}},"43":{"start":{"line":109,"column":6},"end":{"line":109,"column":null}},"44":{"start":{"line":109,"column":19},"end":{"line":109,"column":34}},"45":{"start":{"line":109,"column":34},"end":{"line":109,"column":41}},"46":{"start":{"line":112,"column":24},"end":{"line":115,"column":null}},"47":{"start":{"line":116,"column":6},"end":{"line":117,"column":null}},"48":{"start":{"line":116,"column":19},"end":{"line":116,"column":78}},"49":{"start":{"line":116,"column":78},"end":{"line":116,"column":92}},"50":{"start":{"line":117,"column":11},"end":{"line":117,"column":null}},"51":{"start":{"line":118,"column":14},"end":{"line":118,"column":28}},"52":{"start":{"line":122,"column":4},"end":{"line":122,"column":null}},"53":{"start":{"line":122,"column":52},"end":{"line":122,"column":null}},"54":{"start":{"line":123,"column":10},"end":{"line":123,"column":null}},"55":{"start":{"line":124,"column":4},"end":{"line":124,"column":null}},"56":{"start":{"line":124,"column":23},"end":{"line":124,"column":null}},"57":{"start":{"line":126,"column":10},"end":{"line":126,"column":null}},"58":{"start":{"line":127,"column":31},"end":{"line":127,"column":null}},"59":{"start":{"line":128,"column":4},"end":{"line":128,"column":null}},"60":{"start":{"line":128,"column":15},"end":{"line":128,"column":null}},"61":{"start":{"line":130,"column":4},"end":{"line":140,"column":null}},"62":{"start":{"line":131,"column":12},"end":{"line":131,"column":null}},"63":{"start":{"line":132,"column":6},"end":{"line":132,"column":null}},"64":{"start":{"line":132,"column":28},"end":{"line":132,"column":43}},"65":{"start":{"line":132,"column":43},"end":{"line":132,"column":52}},"66":{"start":{"line":135,"column":24},"end":{"line":138,"column":null}},"67":{"start":{"line":139,"column":6},"end":{"line":139,"column":null}},"68":{"start":{"line":139,"column":18},"end":{"line":139,"column":null}},"69":{"start":{"line":144,"column":4},"end":{"line":144,"column":null}},"70":{"start":{"line":144,"column":31},"end":{"line":144,"column":null}},"71":{"start":{"line":145,"column":4},"end":{"line":145,"column":null}},"72":{"start":{"line":146,"column":4},"end":{"line":146,"column":null}},"73":{"start":{"line":148,"column":4},"end":{"line":177,"column":null}},"74":{"start":{"line":149,"column":12},"end":{"line":149,"column":null}},"75":{"start":{"line":150,"column":33},"end":{"line":150,"column":null}},"76":{"start":{"line":151,"column":6},"end":{"line":151,"column":null}},"77":{"start":{"line":151,"column":19},"end":{"line":151,"column":46}},"78":{"start":{"line":151,"column":46},"end":{"line":151,"column":53}},"79":{"start":{"line":154,"column":30},"end":{"line":156,"column":null}},"80":{"start":{"line":158,"column":6},"end":{"line":158,"column":null}},"81":{"start":{"line":158,"column":17},"end":{"line":158,"column":null}},"82":{"start":{"line":160,"column":6},"end":{"line":167,"column":null}},"83":{"start":{"line":161,"column":8},"end":{"line":166,"column":null}},"84":{"start":{"line":162,"column":10},"end":{"line":162,"column":null}},"85":{"start":{"line":162,"column":44},"end":{"line":162,"column":null}},"86":{"start":{"line":163,"column":16},"end":{"line":163,"column":null}},"87":{"start":{"line":164,"column":25},"end":{"line":164,"column":null}},"88":{"start":{"line":165,"column":10},"end":{"line":165,"column":null}},"89":{"start":{"line":165,"column":29},"end":{"line":165,"column":null}},"90":{"start":{"line":169,"column":6},"end":{"line":169,"column":null}},"91":{"start":{"line":170,"column":6},"end":{"line":170,"column":null}},"92":{"start":{"line":171,"column":6},"end":{"line":171,"column":null}},"93":{"start":{"line":172,"column":6},"end":{"line":172,"column":null}},"94":{"start":{"line":174,"column":6},"end":{"line":174,"column":null}},"95":{"start":{"line":175,"column":6},"end":{"line":175,"column":null}},"96":{"start":{"line":176,"column":6},"end":{"line":176,"column":null}},"97":{"start":{"line":181,"column":4},"end":{"line":181,"column":null}},"98":{"start":{"line":181,"column":31},"end":{"line":181,"column":null}},"99":{"start":{"line":182,"column":4},"end":{"line":182,"column":null}},"100":{"start":{"line":183,"column":4},"end":{"line":183,"column":null}},"101":{"start":{"line":185,"column":4},"end":{"line":207,"column":null}},"102":{"start":{"line":186,"column":12},"end":{"line":186,"column":null}},"103":{"start":{"line":187,"column":19},"end":{"line":192,"column":null}},"104":{"start":{"line":189,"column":16},"end":{"line":189,"column":null}},"105":{"start":{"line":190,"column":10},"end":{"line":190,"column":null}},"106":{"start":{"line":194,"column":6},"end":{"line":199,"column":null}},"107":{"start":{"line":196,"column":26},"end":{"line":197,"column":null}},"108":{"start":{"line":198,"column":8},"end":{"line":198,"column":null}},"109":{"start":{"line":198,"column":19},"end":{"line":198,"column":null}},"110":{"start":{"line":201,"column":6},"end":{"line":201,"column":null}},"111":{"start":{"line":202,"column":6},"end":{"line":202,"column":null}},"112":{"start":{"line":204,"column":6},"end":{"line":204,"column":null}},"113":{"start":{"line":205,"column":6},"end":{"line":205,"column":null}},"114":{"start":{"line":206,"column":6},"end":{"line":206,"column":null}},"115":{"start":{"line":214,"column":2},"end":{"line":225,"column":null}}},"fnMap":{"0":{"name":"effectiveTs","decl":{"start":{"line":35,"column":16},"end":{"line":35,"column":28}},"loc":{"start":{"line":35,"column":56},"end":{"line":39,"column":null}},"line":35},"1":{"name":"mergeRecords","decl":{"start":{"line":41,"column":16},"end":{"line":41,"column":56}},"loc":{"start":{"line":41,"column":86},"end":{"line":48,"column":null}},"line":41},"2":{"name":"(anonymous_2)","decl":{"start":{"line":42,"column":32},"end":{"line":42,"column":37}},"loc":{"start":{"line":42,"column":37},"end":{"line":42,"column":46}},"line":42},"3":{"name":"gcTombstones","decl":{"start":{"line":68,"column":16},"end":{"line":68,"column":29}},"loc":{"start":{"line":68,"column":52},"end":{"line":80,"column":null}},"line":68},"4":{"name":"(anonymous_4)","decl":{"start":{"line":76,"column":32},"end":{"line":76,"column":37}},"loc":{"start":{"line":76,"column":37},"end":{"line":76,"column":74}},"line":76},"5":{"name":"_enqueue","decl":{"start":{"line":85,"column":9},"end":{"line":85,"column":18}},"loc":{"start":{"line":85,"column":37},"end":{"line":88,"column":null}},"line":85},"6":{"name":"_dequeue","decl":{"start":{"line":90,"column":9},"end":{"line":90,"column":18}},"loc":{"start":{"line":90,"column":37},"end":{"line":92,"column":null}},"line":90},"7":{"name":"(anonymous_7)","decl":{"start":{"line":91,"column":66},"end":{"line":91,"column":71}},"loc":{"start":{"line":91,"column":71},"end":{"line":91,"column":80}},"line":91},"8":{"name":"useCloudSync","decl":{"start":{"line":100,"column":16},"end":{"line":100,"column":31}},"loc":{"start":{"line":100,"column":31},"end":{"line":226,"column":null}},"line":100},"9":{"name":"pushKey","decl":{"start":{"line":102,"column":17},"end":{"line":102,"column":25}},"loc":{"start":{"line":102,"column":68},"end":{"line":119,"column":null}},"line":102},"10":{"name":"drainQueue","decl":{"start":{"line":121,"column":17},"end":{"line":121,"column":45}},"loc":{"start":{"line":121,"column":45},"end":{"line":141,"column":null}},"line":121},"11":{"name":"pullAll","decl":{"start":{"line":143,"column":17},"end":{"line":143,"column":42}},"loc":{"start":{"line":143,"column":42},"end":{"line":178,"column":null}},"line":143},"12":{"name":"pushAll","decl":{"start":{"line":180,"column":17},"end":{"line":180,"column":25}},"loc":{"start":{"line":180,"column":56},"end":{"line":208,"column":null}},"line":180},"13":{"name":"(anonymous_13)","decl":{"start":{"line":188,"column":13},"end":{"line":188,"column":20}},"loc":{"start":{"line":188,"column":20},"end":{"line":191,"column":9}},"line":188},"14":{"name":"pushRecord","decl":{"start":{"line":211,"column":17},"end":{"line":211,"column":28}},"loc":{"start":{"line":211,"column":80},"end":{"line":211,"column":null}},"line":211},"15":{"name":"deleteRecord","decl":{"start":{"line":212,"column":17},"end":{"line":212,"column":30}},"loc":{"start":{"line":212,"column":74},"end":{"line":212,"column":null}},"line":212}},"branchMap":{"0":{"loc":{"start":{"line":36,"column":20},"end":{"line":36,"column":null}},"type":"cond-expr","locations":[{"start":{"line":36,"column":35},"end":{"line":36,"column":70}},{"start":{"line":36,"column":70},"end":{"line":36,"column":null}}],"line":36},"1":{"loc":{"start":{"line":37,"column":20},"end":{"line":37,"column":null}},"type":"binary-expr","locations":[{"start":{"line":37,"column":20},"end":{"line":37,"column":35}},{"start":{"line":37,"column":35},"end":{"line":37,"column":null}}],"line":37},"2":{"loc":{"start":{"line":45,"column":4},"end":{"line":45,"column":null}},"type":"if","locations":[{"start":{"line":45,"column":4},"end":{"line":45,"column":null}},{"start":{},"end":{}}],"line":45},"3":{"loc":{"start":{"line":45,"column":8},"end":{"line":45,"column":47}},"type":"binary-expr","locations":[{"start":{"line":45,"column":8},"end":{"line":45,"column":14}},{"start":{"line":45,"column":14},"end":{"line":45,"column":47}}],"line":45},"4":{"loc":{"start":{"line":68,"column":29},"end":{"line":68,"column":52}},"type":"default-arg","locations":[{"start":{"line":68,"column":42},"end":{"line":68,"column":52}}],"line":68},"5":{"loc":{"start":{"line":72,"column":4},"end":{"line":72,"column":null}},"type":"if","locations":[{"start":{"line":72,"column":4},"end":{"line":72,"column":null}},{"start":{},"end":{}}],"line":72},"6":{"loc":{"start":{"line":75,"column":6},"end":{"line":75,"column":null}},"type":"if","locations":[{"start":{"line":75,"column":6},"end":{"line":75,"column":null}},{"start":{},"end":{}}],"line":75},"7":{"loc":{"start":{"line":76,"column":37},"end":{"line":76,"column":74}},"type":"binary-expr","locations":[{"start":{"line":76,"column":37},"end":{"line":76,"column":53}},{"start":{"line":76,"column":53},"end":{"line":76,"column":74}}],"line":76},"8":{"loc":{"start":{"line":77,"column":6},"end":{"line":77,"column":null}},"type":"if","locations":[{"start":{"line":77,"column":6},"end":{"line":77,"column":null}},{"start":{},"end":{}}],"line":77},"9":{"loc":{"start":{"line":87,"column":2},"end":{"line":87,"column":null}},"type":"if","locations":[{"start":{"line":87,"column":2},"end":{"line":87,"column":null}},{"start":{},"end":{}}],"line":87},"10":{"loc":{"start":{"line":95,"column":35},"end":{"line":95,"column":81}},"type":"cond-expr","locations":[{"start":{"line":95,"column":58},"end":{"line":95,"column":67}},{"start":{"line":95,"column":67},"end":{"line":95,"column":81}}],"line":95},"11":{"loc":{"start":{"line":103,"column":4},"end":{"line":103,"column":null}},"type":"if","locations":[{"start":{"line":103,"column":4},"end":{"line":103,"column":null}},{"start":{},"end":{}}],"line":103},"12":{"loc":{"start":{"line":104,"column":4},"end":{"line":104,"column":null}},"type":"if","locations":[{"start":{"line":104,"column":4},"end":{"line":104,"column":null}},{"start":{},"end":{}}],"line":104},"13":{"loc":{"start":{"line":109,"column":6},"end":{"line":109,"column":null}},"type":"if","locations":[{"start":{"line":109,"column":6},"end":{"line":109,"column":null}},{"start":{},"end":{}}],"line":109},"14":{"loc":{"start":{"line":116,"column":6},"end":{"line":117,"column":null}},"type":"if","locations":[{"start":{"line":116,"column":6},"end":{"line":117,"column":null}},{"start":{"line":117,"column":11},"end":{"line":117,"column":null}}],"line":116},"15":{"loc":{"start":{"line":122,"column":4},"end":{"line":122,"column":null}},"type":"if","locations":[{"start":{"line":122,"column":4},"end":{"line":122,"column":null}},{"start":{},"end":{}}],"line":122},"16":{"loc":{"start":{"line":122,"column":8},"end":{"line":122,"column":52}},"type":"binary-expr","locations":[{"start":{"line":122,"column":8},"end":{"line":122,"column":33}},{"start":{"line":122,"column":33},"end":{"line":122,"column":52}}],"line":122},"17":{"loc":{"start":{"line":124,"column":4},"end":{"line":124,"column":null}},"type":"if","locations":[{"start":{"line":124,"column":4},"end":{"line":124,"column":null}},{"start":{},"end":{}}],"line":124},"18":{"loc":{"start":{"line":128,"column":4},"end":{"line":128,"column":null}},"type":"if","locations":[{"start":{"line":128,"column":4},"end":{"line":128,"column":null}},{"start":{},"end":{}}],"line":128},"19":{"loc":{"start":{"line":132,"column":6},"end":{"line":132,"column":null}},"type":"if","locations":[{"start":{"line":132,"column":6},"end":{"line":132,"column":null}},{"start":{},"end":{}}],"line":132},"20":{"loc":{"start":{"line":139,"column":6},"end":{"line":139,"column":null}},"type":"if","locations":[{"start":{"line":139,"column":6},"end":{"line":139,"column":null}},{"start":{},"end":{}}],"line":139},"21":{"loc":{"start":{"line":144,"column":4},"end":{"line":144,"column":null}},"type":"if","locations":[{"start":{"line":144,"column":4},"end":{"line":144,"column":null}},{"start":{},"end":{}}],"line":144},"22":{"loc":{"start":{"line":151,"column":6},"end":{"line":151,"column":null}},"type":"if","locations":[{"start":{"line":151,"column":6},"end":{"line":151,"column":null}},{"start":{},"end":{}}],"line":151},"23":{"loc":{"start":{"line":158,"column":6},"end":{"line":158,"column":null}},"type":"if","locations":[{"start":{"line":158,"column":6},"end":{"line":158,"column":null}},{"start":{},"end":{}}],"line":158},"24":{"loc":{"start":{"line":160,"column":6},"end":{"line":167,"column":null}},"type":"if","locations":[{"start":{"line":160,"column":6},"end":{"line":167,"column":null}},{"start":{},"end":{}}],"line":160},"25":{"loc":{"start":{"line":162,"column":10},"end":{"line":162,"column":null}},"type":"if","locations":[{"start":{"line":162,"column":10},"end":{"line":162,"column":null}},{"start":{},"end":{}}],"line":162},"26":{"loc":{"start":{"line":164,"column":25},"end":{"line":164,"column":null}},"type":"cond-expr","locations":[{"start":{"line":164,"column":53},"end":{"line":164,"column":87}},{"start":{"line":164,"column":87},"end":{"line":164,"column":null}}],"line":164},"27":{"loc":{"start":{"line":165,"column":10},"end":{"line":165,"column":null}},"type":"if","locations":[{"start":{"line":165,"column":10},"end":{"line":165,"column":null}},{"start":{},"end":{}}],"line":165},"28":{"loc":{"start":{"line":174,"column":25},"end":{"line":174,"column":null}},"type":"cond-expr","locations":[{"start":{"line":174,"column":48},"end":{"line":174,"column":62}},{"start":{"line":174,"column":62},"end":{"line":174,"column":null}}],"line":174},"29":{"loc":{"start":{"line":181,"column":4},"end":{"line":181,"column":null}},"type":"if","locations":[{"start":{"line":181,"column":4},"end":{"line":181,"column":null}},{"start":{},"end":{}}],"line":181},"30":{"loc":{"start":{"line":190,"column":17},"end":{"line":190,"column":null}},"type":"cond-expr","locations":[{"start":{"line":190,"column":34},"end":{"line":190,"column":68}},{"start":{"line":190,"column":68},"end":{"line":190,"column":null}}],"line":190},"31":{"loc":{"start":{"line":194,"column":6},"end":{"line":199,"column":null}},"type":"if","locations":[{"start":{"line":194,"column":6},"end":{"line":199,"column":null}},{"start":{},"end":{}}],"line":194},"32":{"loc":{"start":{"line":198,"column":8},"end":{"line":198,"column":null}},"type":"if","locations":[{"start":{"line":198,"column":8},"end":{"line":198,"column":null}},{"start":{},"end":{}}],"line":198},"33":{"loc":{"start":{"line":204,"column":25},"end":{"line":204,"column":null}},"type":"cond-expr","locations":[{"start":{"line":204,"column":48},"end":{"line":204,"column":62}},{"start":{"line":204,"column":62},"end":{"line":204,"column":null}}],"line":204}},"s":{"0":13,"1":13,"2":13,"3":7,"4":6,"5":7,"6":6,"7":6,"8":5,"9":7,"10":10,"11":10,"12":2,"13":2,"14":22,"15":22,"16":20,"17":2,"18":2,"19":2,"20":0,"21":2,"22":4,"23":2,"24":1,"25":10,"26":0,"27":0,"28":0,"29":0,"30":0,"31":0,"32":10,"33":10,"34":10,"35":0,"36":0,"37":0,"38":0,"39":0,"40":0,"41":0,"42":0,"43":0,"44":0,"45":0,"46":0,"47":0,"48":0,"49":0,"50":0,"51":0,"52":0,"53":0,"54":0,"55":0,"56":0,"57":0,"58":0,"59":0,"60":0,"61":0,"62":0,"63":0,"64":0,"65":0,"66":0,"67":0,"68":0,"69":0,"70":0,"71":0,"72":0,"73":0,"74":0,"75":0,"76":0,"77":0,"78":0,"79":0,"80":0,"81":0,"82":0,"83":0,"84":0,"85":0,"86":0,"87":0,"88":0,"89":0,"90":0,"91":0,"92":0,"93":0,"94":0,"95":0,"96":0,"97":0,"98":0,"99":0,"100":0,"101":0,"102":0,"103":0,"104":0,"105":0,"106":0,"107":0,"108":0,"109":0,"110":0,"111":0,"112":0,"113":0,"114":0,"115":130},"f":{"0":13,"1":7,"2":6,"3":2,"4":4,"5":0,"6":0,"7":0,"8":130,"9":0,"10":0,"11":0,"12":0,"13":0,"14":0,"15":0},"b":{"0":[12,1],"1":[13,7],"2":[5,1],"3":[6,5],"4":[2],"5":[20,2],"6":[0,2],"7":[4,2],"8":[1,1],"9":[0,0],"10":[9,1],"11":[0,0],"12":[0,0],"13":[0,0],"14":[0,0],"15":[0,0],"16":[0,0],"17":[0,0],"18":[0,0],"19":[0,0],"20":[0,0],"21":[0,0],"22":[0,0],"23":[0,0],"24":[0,0],"25":[0,0],"26":[0,0],"27":[0,0],"28":[0,0],"29":[0,0],"30":[0,0],"31":[0,0],"32":[0,0],"33":[0,0]},"meta":{"lastBranch":34,"lastFunction":16,"lastStatement":116,"seen":{"f:35:16:35:28":0,"s:36:20:36:Infinity":0,"b:36:35:36:70:36:70:36:Infinity":0,"s:37:20:37:Infinity":1,"b:37:20:37:35:37:35:37:Infinity":1,"s:38:2:38:Infinity":2,"f:41:16:41:56":1,"s:42:14:42:Infinity":3,"f:42:32:42:37":2,"s:42:37:42:46":4,"s:43:2:46:Infinity":5,"s:44:14:44:Infinity":6,"b:45:4:45:Infinity:undefined:undefined:undefined:undefined":2,"s:45:4:45:Infinity":7,"b:45:8:45:14:45:14:45:47":3,"s:45:47:45:Infinity":8,"s:47:2:47:Infinity":9,"s:51:35:63:Infinity":10,"s:66:30:66:Infinity":11,"f:68:16:68:29":3,"b:68:42:68:52":4,"s:69:17:69:Infinity":12,"s:70:2:79:Infinity":13,"s:71:16:71:Infinity":14,"b:72:4:72:Infinity:undefined:undefined:undefined:undefined":5,"s:72:4:72:Infinity":15,"s:72:14:72:Infinity":16,"s:73:4:78:Infinity":17,"s:74:20:74:Infinity":18,"b:75:6:75:Infinity:undefined:undefined:undefined:undefined":6,"s:75:6:75:Infinity":19,"s:75:33:75:Infinity":20,"s:76:19:76:Infinity":21,"f:76:32:76:37":4,"s:76:37:76:74":22,"b:76:37:76:53:76:53:76:74":7,"b:77:6:77:Infinity:undefined:undefined:undefined:undefined":8,"s:77:6:77:Infinity":23,"s:77:40:77:Infinity":24,"s:83:18:83:Infinity":25,"f:85:9:85:18":5,"s:86:8:86:Infinity":26,"b:87:2:87:Infinity:undefined:undefined:undefined:undefined":9,"s:87:2:87:Infinity":27,"s:87:26:87:39":28,"s:87:39:87:64":29,"f:90:9:90:18":6,"s:91:2:91:Infinity":30,"f:91:66:91:71":7,"s:91:71:91:80":31,"s:95:6:95:Infinity":32,"b:95:58:95:67:95:67:95:81":10,"s:96:6:96:Infinity":33,"s:97:6:97:Infinity":34,"f:100:16:100:31":8,"f:102:17:102:25":9,"b:103:4:103:Infinity:undefined:undefined:undefined:undefined":11,"s:103:4:103:Infinity":35,"s:103:31:103:Infinity":36,"b:104:4:104:Infinity:undefined:undefined:undefined:undefined":12,"s:104:4:104:Infinity":37,"s:104:29:104:44":38,"s:104:44:104:51":39,"s:106:4:118:Infinity":40,"s:107:12:107:Infinity":41,"s:108:33:108:Infinity":42,"b:109:6:109:Infinity:undefined:undefined:undefined:undefined":13,"s:109:6:109:Infinity":43,"s:109:19:109:34":44,"s:109:34:109:41":45,"s:112:24:115:Infinity":46,"b:116:6:117:Infinity:117:11:117:Infinity":14,"s:116:6:117:Infinity":47,"s:116:19:116:78":48,"s:116:78:116:92":49,"s:117:11:117:Infinity":50,"s:118:14:118:28":51,"f:121:17:121:45":10,"b:122:4:122:Infinity:undefined:undefined:undefined:undefined":15,"s:122:4:122:Infinity":52,"b:122:8:122:33:122:33:122:52":16,"s:122:52:122:Infinity":53,"s:123:10:123:Infinity":54,"b:124:4:124:Infinity:undefined:undefined:undefined:undefined":17,"s:124:4:124:Infinity":55,"s:124:23:124:Infinity":56,"s:126:10:126:Infinity":57,"s:127:31:127:Infinity":58,"b:128:4:128:Infinity:undefined:undefined:undefined:undefined":18,"s:128:4:128:Infinity":59,"s:128:15:128:Infinity":60,"s:130:4:140:Infinity":61,"s:131:12:131:Infinity":62,"b:132:6:132:Infinity:undefined:undefined:undefined:undefined":19,"s:132:6:132:Infinity":63,"s:132:28:132:43":64,"s:132:43:132:52":65,"s:135:24:138:Infinity":66,"b:139:6:139:Infinity:undefined:undefined:undefined:undefined":20,"s:139:6:139:Infinity":67,"s:139:18:139:Infinity":68,"f:143:17:143:42":11,"b:144:4:144:Infinity:undefined:undefined:undefined:undefined":21,"s:144:4:144:Infinity":69,"s:144:31:144:Infinity":70,"s:145:4:145:Infinity":71,"s:146:4:146:Infinity":72,"s:148:4:177:Infinity":73,"s:149:12:149:Infinity":74,"s:150:33:150:Infinity":75,"b:151:6:151:Infinity:undefined:undefined:undefined:undefined":22,"s:151:6:151:Infinity":76,"s:151:19:151:46":77,"s:151:46:151:53":78,"s:154:30:156:Infinity":79,"b:158:6:158:Infinity:undefined:undefined:undefined:undefined":23,"s:158:6:158:Infinity":80,"s:158:17:158:Infinity":81,"b:160:6:167:Infinity:undefined:undefined:undefined:undefined":24,"s:160:6:167:Infinity":82,"s:161:8:166:Infinity":83,"b:162:10:162:Infinity:undefined:undefined:undefined:undefined":25,"s:162:10:162:Infinity":84,"s:162:44:162:Infinity":85,"s:163:16:163:Infinity":86,"s:164:25:164:Infinity":87,"b:164:53:164:87:164:87:164:Infinity":26,"b:165:10:165:Infinity:undefined:undefined:undefined:undefined":27,"s:165:10:165:Infinity":88,"s:165:29:165:Infinity":89,"s:169:6:169:Infinity":90,"s:170:6:170:Infinity":91,"s:171:6:171:Infinity":92,"s:172:6:172:Infinity":93,"s:174:6:174:Infinity":94,"b:174:48:174:62:174:62:174:Infinity":28,"s:175:6:175:Infinity":95,"s:176:6:176:Infinity":96,"f:180:17:180:25":12,"b:181:4:181:Infinity:undefined:undefined:undefined:undefined":29,"s:181:4:181:Infinity":97,"s:181:31:181:Infinity":98,"s:182:4:182:Infinity":99,"s:183:4:183:Infinity":100,"s:185:4:207:Infinity":101,"s:186:12:186:Infinity":102,"s:187:19:192:Infinity":103,"f:188:13:188:20":13,"s:189:16:189:Infinity":104,"s:190:10:190:Infinity":105,"b:190:34:190:68:190:68:190:Infinity":30,"b:194:6:199:Infinity:undefined:undefined:undefined:undefined":31,"s:194:6:199:Infinity":106,"s:196:26:197:Infinity":107,"b:198:8:198:Infinity:undefined:undefined:undefined:undefined":32,"s:198:8:198:Infinity":108,"s:198:19:198:Infinity":109,"s:201:6:201:Infinity":110,"s:202:6:202:Infinity":111,"s:204:6:204:Infinity":112,"b:204:48:204:62:204:62:204:Infinity":33,"s:205:6:205:Infinity":113,"s:206:6:206:Infinity":114,"f:211:17:211:28":14,"f:212:17:212:30":15,"s:214:2:225:Infinity":115}}}
,"/Users/test/Documents/Work/AIProjects/VibeOS/src/core/composables/useConfirm.ts": {"path":"/Users/test/Documents/Work/AIProjects/VibeOS/src/core/composables/useConfirm.ts","statementMap":{"0":{"start":{"line":12,"column":6},"end":{"line":12,"column":null}},"1":{"start":{"line":13,"column":6},"end":{"line":13,"column":null}},"2":{"start":{"line":14,"column":6},"end":{"line":14,"column":null}},"3":{"start":{"line":15,"column":6},"end":{"line":15,"column":null}},"4":{"start":{"line":16,"column":6},"end":{"line":16,"column":null}},"5":{"start":{"line":17,"column":6},"end":{"line":17,"column":null}},"6":{"start":{"line":19,"column":50},"end":{"line":19,"column":null}},"7":{"start":{"line":23,"column":4},"end":{"line":23,"column":null}},"8":{"start":{"line":24,"column":4},"end":{"line":24,"column":null}},"9":{"start":{"line":25,"column":4},"end":{"line":25,"column":null}},"10":{"start":{"line":26,"column":4},"end":{"line":26,"column":null}},"11":{"start":{"line":27,"column":4},"end":{"line":27,"column":null}},"12":{"start":{"line":28,"column":4},"end":{"line":28,"column":null}},"13":{"start":{"line":30,"column":4},"end":{"line":30,"column":null}},"14":{"start":{"line":30,"column":38},"end":{"line":30,"column":57}},"15":{"start":{"line":34,"column":4},"end":{"line":34,"column":null}},"16":{"start":{"line":35,"column":4},"end":{"line":35,"column":null}},"17":{"start":{"line":36,"column":4},"end":{"line":36,"column":null}},"18":{"start":{"line":40,"column":4},"end":{"line":40,"column":null}},"19":{"start":{"line":41,"column":4},"end":{"line":41,"column":null}},"20":{"start":{"line":42,"column":4},"end":{"line":42,"column":null}},"21":{"start":{"line":45,"column":2},"end":{"line":45,"column":null}}},"fnMap":{"0":{"name":"useConfirm","decl":{"start":{"line":21,"column":16},"end":{"line":21,"column":29}},"loc":{"start":{"line":21,"column":29},"end":{"line":46,"column":null}},"line":21},"1":{"name":"confirm","decl":{"start":{"line":22,"column":11},"end":{"line":22,"column":19}},"loc":{"start":{"line":22,"column":64},"end":{"line":31,"column":null}},"line":22},"2":{"name":"(anonymous_2)","decl":{"start":{"line":30,"column":23},"end":{"line":30,"column":24}},"loc":{"start":{"line":30,"column":36},"end":{"line":30,"column":58}},"line":30},"3":{"name":"accept","decl":{"start":{"line":33,"column":11},"end":{"line":33,"column":26}},"loc":{"start":{"line":33,"column":26},"end":{"line":37,"column":null}},"line":33},"4":{"name":"dismiss","decl":{"start":{"line":39,"column":11},"end":{"line":39,"column":27}},"loc":{"start":{"line":39,"column":27},"end":{"line":43,"column":null}},"line":39}},"branchMap":{"0":{"loc":{"start":{"line":22,"column":19},"end":{"line":22,"column":64}},"type":"default-arg","locations":[{"start":{"line":22,"column":42},"end":{"line":22,"column":64}}],"line":22},"1":{"loc":{"start":{"line":23,"column":25},"end":{"line":23,"column":null}},"type":"binary-expr","locations":[{"start":{"line":23,"column":25},"end":{"line":23,"column":46}},{"start":{"line":23,"column":46},"end":{"line":23,"column":null}}],"line":23},"2":{"loc":{"start":{"line":24,"column":25},"end":{"line":24,"column":null}},"type":"binary-expr","locations":[{"start":{"line":24,"column":25},"end":{"line":24,"column":46}},{"start":{"line":24,"column":46},"end":{"line":24,"column":null}}],"line":24},"3":{"loc":{"start":{"line":25,"column":25},"end":{"line":25,"column":null}},"type":"binary-expr","locations":[{"start":{"line":25,"column":25},"end":{"line":25,"column":46}},{"start":{"line":25,"column":46},"end":{"line":25,"column":null}}],"line":25},"4":{"loc":{"start":{"line":26,"column":25},"end":{"line":26,"column":null}},"type":"binary-expr","locations":[{"start":{"line":26,"column":25},"end":{"line":26,"column":47}},{"start":{"line":26,"column":47},"end":{"line":26,"column":null}}],"line":26},"5":{"loc":{"start":{"line":26,"column":47},"end":{"line":26,"column":null}},"type":"cond-expr","locations":[{"start":{"line":26,"column":61},"end":{"line":26,"column":72}},{"start":{"line":26,"column":72},"end":{"line":26,"column":null}}],"line":26},"6":{"loc":{"start":{"line":27,"column":25},"end":{"line":27,"column":null}},"type":"binary-expr","locations":[{"start":{"line":27,"column":25},"end":{"line":27,"column":46}},{"start":{"line":27,"column":46},"end":{"line":27,"column":null}}],"line":27}},"s":{"0":1,"1":1,"2":1,"3":1,"4":1,"5":1,"6":1,"7":0,"8":0,"9":0,"10":0,"11":0,"12":0,"13":0,"14":0,"15":0,"16":0,"17":0,"18":0,"19":0,"20":0,"21":0},"f":{"0":0,"1":0,"2":0,"3":0,"4":0},"b":{"0":[0],"1":[0,0],"2":[0,0],"3":[0,0],"4":[0,0],"5":[0,0],"6":[0,0]},"meta":{"lastBranch":7,"lastFunction":5,"lastStatement":22,"seen":{"s:12:6:12:Infinity":0,"s:13:6:13:Infinity":1,"s:14:6:14:Infinity":2,"s:15:6:15:Infinity":3,"s:16:6:16:Infinity":4,"s:17:6:17:Infinity":5,"s:19:50:19:Infinity":6,"f:21:16:21:29":0,"f:22:11:22:19":1,"b:22:42:22:64":0,"s:23:4:23:Infinity":7,"b:23:25:23:46:23:46:23:Infinity":1,"s:24:4:24:Infinity":8,"b:24:25:24:46:24:46:24:Infinity":2,"s:25:4:25:Infinity":9,"b:25:25:25:46:25:46:25:Infinity":3,"s:26:4:26:Infinity":10,"b:26:25:26:47:26:47:26:Infinity":4,"b:26:61:26:72:26:72:26:Infinity":5,"s:27:4:27:Infinity":11,"b:27:25:27:46:27:46:27:Infinity":6,"s:28:4:28:Infinity":12,"s:30:4:30:Infinity":13,"f:30:23:30:24":2,"s:30:38:30:57":14,"f:33:11:33:26":3,"s:34:4:34:Infinity":15,"s:35:4:35:Infinity":16,"s:36:4:36:Infinity":17,"f:39:11:39:27":4,"s:40:4:40:Infinity":18,"s:41:4:41:Infinity":19,"s:42:4:42:Infinity":20,"s:45:2:45:Infinity":21}}}
,"/Users/test/Documents/Work/AIProjects/VibeOS/src/core/composables/useFeatureGate.ts": {"path":"/Users/test/Documents/Work/AIProjects/VibeOS/src/core/composables/useFeatureGate.ts","statementMap":{"0":{"start":{"line":19,"column":19},"end":{"line":19,"column":null}},"1":{"start":{"line":20,"column":23},"end":{"line":20,"column":null}},"2":{"start":{"line":35,"column":65},"end":{"line":45,"column":null}},"3":{"start":{"line":49,"column":8},"end":{"line":49,"column":null}},"4":{"start":{"line":51,"column":8},"end":{"line":51,"column":null}},"5":{"start":{"line":51,"column":37},"end":{"line":51,"column":46}},"6":{"start":{"line":54,"column":20},"end":{"line":54,"column":null}},"7":{"start":{"line":55,"column":4},"end":{"line":55,"column":null}},"8":{"start":{"line":59,"column":20},"end":{"line":59,"column":null}},"9":{"start":{"line":60,"column":4},"end":{"line":62,"column":null}},"10":{"start":{"line":61,"column":6},"end":{"line":61,"column":null}},"11":{"start":{"line":63,"column":4},"end":{"line":63,"column":null}},"12":{"start":{"line":68,"column":4},"end":{"line":68,"column":null}},"13":{"start":{"line":68,"column":51},"end":{"line":68,"column":null}},"14":{"start":{"line":69,"column":16},"end":{"line":69,"column":null}},"15":{"start":{"line":70,"column":4},"end":{"line":70,"column":null}},"16":{"start":{"line":70,"column":45},"end":{"line":70,"column":null}},"17":{"start":{"line":71,"column":4},"end":{"line":71,"column":null}},"18":{"start":{"line":73,"column":4},"end":{"line":78,"column":null}},"19":{"start":{"line":74,"column":6},"end":{"line":77,"column":null}},"20":{"start":{"line":76,"column":20},"end":{"line":76,"column":55}},"21":{"start":{"line":81,"column":2},"end":{"line":86,"column":null}}},"fnMap":{"0":{"name":"useFeatureGate","decl":{"start":{"line":48,"column":16},"end":{"line":48,"column":33}},"loc":{"start":{"line":48,"column":33},"end":{"line":87,"column":null}},"line":48},"1":{"name":"(anonymous_1)","decl":{"start":{"line":51,"column":31},"end":{"line":51,"column":37}},"loc":{"start":{"line":51,"column":37},"end":{"line":51,"column":46}},"line":51},"2":{"name":"can","decl":{"start":{"line":53,"column":11},"end":{"line":53,"column":15}},"loc":{"start":{"line":53,"column":42},"end":{"line":56,"column":null}},"line":53},"3":{"name":"require","decl":{"start":{"line":58,"column":11},"end":{"line":58,"column":19}},"loc":{"start":{"line":58,"column":69},"end":{"line":64,"column":null}},"line":58},"4":{"name":"nudgeWrite","decl":{"start":{"line":67,"column":11},"end":{"line":67,"column":30}},"loc":{"start":{"line":67,"column":30},"end":{"line":79,"column":null}},"line":67},"5":{"name":"(anonymous_5)","decl":{"start":{"line":73,"column":56},"end":{"line":73,"column":78}},"loc":{"start":{"line":73,"column":84},"end":{"line":78,"column":5}},"line":73},"6":{"name":"(anonymous_6)","decl":{"start":{"line":76,"column":12},"end":{"line":76,"column":18}},"loc":{"start":{"line":76,"column":18},"end":{"line":76,"column":null}},"line":76}},"branchMap":{"0":{"loc":{"start":{"line":55,"column":11},"end":{"line":55,"column":null}},"type":"cond-expr","locations":[{"start":{"line":55,"column":21},"end":{"line":55,"column":59}},{"start":{"line":55,"column":59},"end":{"line":55,"column":null}}],"line":55},"1":{"loc":{"start":{"line":60,"column":4},"end":{"line":62,"column":null}},"type":"if","locations":[{"start":{"line":60,"column":4},"end":{"line":62,"column":null}},{"start":{},"end":{}}],"line":60},"2":{"loc":{"start":{"line":68,"column":4},"end":{"line":68,"column":null}},"type":"if","locations":[{"start":{"line":68,"column":4},"end":{"line":68,"column":null}},{"start":{},"end":{}}],"line":68},"3":{"loc":{"start":{"line":68,"column":8},"end":{"line":68,"column":51}},"type":"binary-expr","locations":[{"start":{"line":68,"column":8},"end":{"line":68,"column":28}},{"start":{"line":68,"column":28},"end":{"line":68,"column":51}}],"line":68},"4":{"loc":{"start":{"line":70,"column":4},"end":{"line":70,"column":null}},"type":"if","locations":[{"start":{"line":70,"column":4},"end":{"line":70,"column":null}},{"start":{},"end":{}}],"line":70}},"s":{"0":6,"1":6,"2":6,"3":63,"4":63,"5":0,"6":0,"7":0,"8":0,"9":0,"10":0,"11":0,"12":79,"13":79,"14":0,"15":0,"16":0,"17":0,"18":0,"19":0,"20":0,"21":63},"f":{"0":63,"1":0,"2":0,"3":0,"4":79,"5":0,"6":0},"b":{"0":[0,0],"1":[0,0],"2":[79,0],"3":[79,0],"4":[0,0]},"meta":{"lastBranch":5,"lastFunction":7,"lastStatement":22,"seen":{"s:19:19:19:Infinity":0,"s:20:23:20:Infinity":1,"s:35:65:45:Infinity":2,"f:48:16:48:33":0,"s:49:8:49:Infinity":3,"s:51:8:51:Infinity":4,"f:51:31:51:37":1,"s:51:37:51:46":5,"f:53:11:53:15":2,"s:54:20:54:Infinity":6,"s:55:4:55:Infinity":7,"b:55:21:55:59:55:59:55:Infinity":0,"f:58:11:58:19":3,"s:59:20:59:Infinity":8,"b:60:4:62:Infinity:undefined:undefined:undefined:undefined":1,"s:60:4:62:Infinity":9,"s:61:6:61:Infinity":10,"s:63:4:63:Infinity":11,"f:67:11:67:30":4,"b:68:4:68:Infinity:undefined:undefined:undefined:undefined":2,"s:68:4:68:Infinity":12,"b:68:8:68:28:68:28:68:51":3,"s:68:51:68:Infinity":13,"s:69:16:69:Infinity":14,"b:70:4:70:Infinity:undefined:undefined:undefined:undefined":4,"s:70:4:70:Infinity":15,"s:70:45:70:Infinity":16,"s:71:4:71:Infinity":17,"s:73:4:78:Infinity":18,"f:73:56:73:78":5,"s:74:6:77:Infinity":19,"f:76:12:76:18":6,"s:76:20:76:55":20,"s:81:2:86:Infinity":21}}}
,"/Users/test/Documents/Work/AIProjects/VibeOS/src/core/composables/useFeedback.ts": {"path":"/Users/test/Documents/Work/AIProjects/VibeOS/src/core/composables/useFeedback.ts","statementMap":{"0":{"start":{"line":7,"column":20},"end":{"line":7,"column":null}},"1":{"start":{"line":10,"column":33},"end":{"line":10,"column":null}},"2":{"start":{"line":13,"column":8},"end":{"line":13,"column":null}},"3":{"start":{"line":14,"column":8},"end":{"line":14,"column":null}},"4":{"start":{"line":15,"column":8},"end":{"line":15,"column":null}},"5":{"start":{"line":17,"column":8},"end":{"line":17,"column":null}},"6":{"start":{"line":21,"column":4},"end":{"line":21,"column":null}},"7":{"start":{"line":21,"column":33},"end":{"line":21,"column":null}},"8":{"start":{"line":22,"column":4},"end":{"line":22,"column":null}},"9":{"start":{"line":22,"column":37},"end":{"line":22,"column":null}},"10":{"start":{"line":23,"column":4},"end":{"line":23,"column":null}},"11":{"start":{"line":23,"column":37},"end":{"line":23,"column":null}},"12":{"start":{"line":25,"column":4},"end":{"line":29,"column":null}},"13":{"start":{"line":26,"column":23},"end":{"line":26,"column":null}},"14":{"start":{"line":27,"column":26},"end":{"line":27,"column":null}},"15":{"start":{"line":27,"column":55},"end":{"line":27,"column":94}},"16":{"start":{"line":28,"column":6},"end":{"line":28,"column":null}},"17":{"start":{"line":28,"column":57},"end":{"line":28,"column":null}},"18":{"start":{"line":31,"column":4},"end":{"line":31,"column":null}},"19":{"start":{"line":35,"column":22},"end":{"line":37,"column":null}},"20":{"start":{"line":39,"column":33},"end":{"line":46,"column":null}},"21":{"start":{"line":47,"column":4},"end":{"line":47,"column":null}},"22":{"start":{"line":48,"column":4},"end":{"line":48,"column":null}},"23":{"start":{"line":50,"column":41},"end":{"line":55,"column":null}},"24":{"start":{"line":56,"column":4},"end":{"line":56,"column":null}},"25":{"start":{"line":60,"column":4},"end":{"line":60,"column":null}},"26":{"start":{"line":61,"column":4},"end":{"line":61,"column":null}},"27":{"start":{"line":63,"column":41},"end":{"line":67,"column":null}},"28":{"start":{"line":68,"column":4},"end":{"line":68,"column":null}},"29":{"start":{"line":72,"column":4},"end":{"line":72,"column":null}},"30":{"start":{"line":73,"column":41},"end":{"line":77,"column":null}},"31":{"start":{"line":78,"column":4},"end":{"line":78,"column":null}},"32":{"start":{"line":82,"column":4},"end":{"line":90,"column":null}},"33":{"start":{"line":83,"column":6},"end":{"line":83,"column":null}},"34":{"start":{"line":84,"column":43},"end":{"line":88,"column":null}},"35":{"start":{"line":89,"column":6},"end":{"line":89,"column":null}},"36":{"start":{"line":95,"column":4},"end":{"line":95,"column":null}},"37":{"start":{"line":98,"column":2},"end":{"line":106,"column":null}}},"fnMap":{"0":{"name":"useFeedback","decl":{"start":{"line":12,"column":16},"end":{"line":12,"column":30}},"loc":{"start":{"line":12,"column":30},"end":{"line":107,"column":null}},"line":12},"1":{"name":"shouldPrompt","decl":{"start":{"line":20,"column":11},"end":{"line":20,"column":35}},"loc":{"start":{"line":20,"column":35},"end":{"line":32,"column":null}},"line":20},"2":{"name":"(anonymous_2)","decl":{"start":{"line":27,"column":50},"end":{"line":27,"column":55}},"loc":{"start":{"line":27,"column":55},"end":{"line":27,"column":94}},"line":27},"3":{"name":"markSubmitted","decl":{"start":{"line":34,"column":11},"end":{"line":34,"column":25}},"loc":{"start":{"line":34,"column":64},"end":{"line":57,"column":null}},"line":34},"4":{"name":"markDismissed","decl":{"start":{"line":59,"column":11},"end":{"line":59,"column":33}},"loc":{"start":{"line":59,"column":33},"end":{"line":69,"column":null}},"line":59},"5":{"name":"openManually","decl":{"start":{"line":71,"column":11},"end":{"line":71,"column":32}},"loc":{"start":{"line":71,"column":32},"end":{"line":79,"column":null}},"line":71},"6":{"name":"checkAndPrompt","decl":{"start":{"line":81,"column":11},"end":{"line":81,"column":34}},"loc":{"start":{"line":81,"column":34},"end":{"line":91,"column":null}},"line":81},"7":{"name":"recordToday","decl":{"start":{"line":94,"column":11},"end":{"line":94,"column":31}},"loc":{"start":{"line":94,"column":31},"end":{"line":96,"column":null}},"line":94}},"branchMap":{"0":{"loc":{"start":{"line":21,"column":4},"end":{"line":21,"column":null}},"type":"if","locations":[{"start":{"line":21,"column":4},"end":{"line":21,"column":null}},{"start":{},"end":{}}],"line":21},"1":{"loc":{"start":{"line":22,"column":4},"end":{"line":22,"column":null}},"type":"if","locations":[{"start":{"line":22,"column":4},"end":{"line":22,"column":null}},{"start":{},"end":{}}],"line":22},"2":{"loc":{"start":{"line":23,"column":4},"end":{"line":23,"column":null}},"type":"if","locations":[{"start":{"line":23,"column":4},"end":{"line":23,"column":null}},{"start":{},"end":{}}],"line":23},"3":{"loc":{"start":{"line":25,"column":4},"end":{"line":29,"column":null}},"type":"if","locations":[{"start":{"line":25,"column":4},"end":{"line":29,"column":null}},{"start":{},"end":{}}],"line":25},"4":{"loc":{"start":{"line":28,"column":6},"end":{"line":28,"column":null}},"type":"if","locations":[{"start":{"line":28,"column":6},"end":{"line":28,"column":null}},{"start":{},"end":{}}],"line":28},"5":{"loc":{"start":{"line":35,"column":22},"end":{"line":37,"column":null}},"type":"cond-expr","locations":[{"start":{"line":36,"column":9},"end":{"line":36,"column":null}},{"start":{"line":37,"column":8},"end":{"line":37,"column":null}}],"line":35},"6":{"loc":{"start":{"line":82,"column":4},"end":{"line":90,"column":null}},"type":"if","locations":[{"start":{"line":82,"column":4},"end":{"line":90,"column":null}},{"start":{},"end":{}}],"line":82}},"s":{"0":0,"1":0,"2":0,"3":0,"4":0,"5":0,"6":0,"7":0,"8":0,"9":0,"10":0,"11":0,"12":0,"13":0,"14":0,"15":0,"16":0,"17":0,"18":0,"19":0,"20":0,"21":0,"22":0,"23":0,"24":0,"25":0,"26":0,"27":0,"28":0,"29":0,"30":0,"31":0,"32":0,"33":0,"34":0,"35":0,"36":0,"37":0},"f":{"0":0,"1":0,"2":0,"3":0,"4":0,"5":0,"6":0,"7":0},"b":{"0":[0,0],"1":[0,0],"2":[0,0],"3":[0,0],"4":[0,0],"5":[0,0],"6":[0,0]},"meta":{"lastBranch":7,"lastFunction":8,"lastStatement":38,"seen":{"s:7:20:7:Infinity":0,"s:10:33:10:Infinity":1,"f:12:16:12:30":0,"s:13:8:13:Infinity":2,"s:14:8:14:Infinity":3,"s:15:8:15:Infinity":4,"s:17:8:17:Infinity":5,"f:20:11:20:35":1,"b:21:4:21:Infinity:undefined:undefined:undefined:undefined":0,"s:21:4:21:Infinity":6,"s:21:33:21:Infinity":7,"b:22:4:22:Infinity:undefined:undefined:undefined:undefined":1,"s:22:4:22:Infinity":8,"s:22:37:22:Infinity":9,"b:23:4:23:Infinity:undefined:undefined:undefined:undefined":2,"s:23:4:23:Infinity":10,"s:23:37:23:Infinity":11,"b:25:4:29:Infinity:undefined:undefined:undefined:undefined":3,"s:25:4:29:Infinity":12,"s:26:23:26:Infinity":13,"s:27:26:27:Infinity":14,"f:27:50:27:55":2,"s:27:55:27:94":15,"b:28:6:28:Infinity:undefined:undefined:undefined:undefined":4,"s:28:6:28:Infinity":16,"s:28:57:28:Infinity":17,"s:31:4:31:Infinity":18,"f:34:11:34:25":3,"s:35:22:37:Infinity":19,"b:36:9:36:Infinity:37:8:37:Infinity":5,"s:39:33:46:Infinity":20,"s:47:4:47:Infinity":21,"s:48:4:48:Infinity":22,"s:50:41:55:Infinity":23,"s:56:4:56:Infinity":24,"f:59:11:59:33":4,"s:60:4:60:Infinity":25,"s:61:4:61:Infinity":26,"s:63:41:67:Infinity":27,"s:68:4:68:Infinity":28,"f:71:11:71:32":5,"s:72:4:72:Infinity":29,"s:73:41:77:Infinity":30,"s:78:4:78:Infinity":31,"f:81:11:81:34":6,"b:82:4:90:Infinity:undefined:undefined:undefined:undefined":6,"s:82:4:90:Infinity":32,"s:83:6:83:Infinity":33,"s:84:43:88:Infinity":34,"s:89:6:89:Infinity":35,"f:94:11:94:31":7,"s:95:4:95:Infinity":36,"s:98:2:106:Infinity":37}}}
,"/Users/test/Documents/Work/AIProjects/VibeOS/src/core/composables/useFormValidation.ts": {"path":"/Users/test/Documents/Work/AIProjects/VibeOS/src/core/composables/useFormValidation.ts","statementMap":{"0":{"start":{"line":16,"column":24},"end":{"line":17,"column":null}},"1":{"start":{"line":17,"column":2},"end":{"line":17,"column":null}},"2":{"start":{"line":17,"column":9},"end":{"line":17,"column":null}},"3":{"start":{"line":19,"column":21},"end":{"line":20,"column":null}},"4":{"start":{"line":20,"column":2},"end":{"line":20,"column":null}},"5":{"start":{"line":20,"column":9},"end":{"line":20,"column":null}},"6":{"start":{"line":22,"column":25},"end":{"line":23,"column":null}},"7":{"start":{"line":23,"column":2},"end":{"line":23,"column":null}},"8":{"start":{"line":23,"column":9},"end":{"line":23,"column":null}},"9":{"start":{"line":25,"column":25},"end":{"line":26,"column":null}},"10":{"start":{"line":26,"column":2},"end":{"line":26,"column":null}},"11":{"start":{"line":26,"column":9},"end":{"line":26,"column":null}},"12":{"start":{"line":33,"column":17},"end":{"line":33,"column":null}},"13":{"start":{"line":36,"column":8},"end":{"line":36,"column":null}},"14":{"start":{"line":36,"column":94},"end":{"line":36,"column":103}},"15":{"start":{"line":37,"column":8},"end":{"line":37,"column":null}},"16":{"start":{"line":37,"column":88},"end":{"line":37,"column":98}},"17":{"start":{"line":40,"column":23},"end":{"line":40,"column":null}},"18":{"start":{"line":41,"column":18},"end":{"line":41,"column":null}},"19":{"start":{"line":42,"column":4},"end":{"line":45,"column":null}},"20":{"start":{"line":43,"column":18},"end":{"line":43,"column":null}},"21":{"start":{"line":44,"column":6},"end":{"line":44,"column":null}},"22":{"start":{"line":44,"column":24},"end":{"line":44,"column":null}},"23":{"start":{"line":46,"column":4},"end":{"line":46,"column":null}},"24":{"start":{"line":50,"column":4},"end":{"line":50,"column":null}},"25":{"start":{"line":51,"column":4},"end":{"line":51,"column":null}},"26":{"start":{"line":55,"column":16},"end":{"line":55,"column":null}},"27":{"start":{"line":56,"column":4},"end":{"line":60,"column":null}},"28":{"start":{"line":57,"column":6},"end":{"line":57,"column":null}},"29":{"start":{"line":58,"column":6},"end":{"line":58,"column":null}},"30":{"start":{"line":59,"column":6},"end":{"line":59,"column":null}},"31":{"start":{"line":59,"column":35},"end":{"line":59,"column":null}},"32":{"start":{"line":61,"column":4},"end":{"line":61,"column":null}},"33":{"start":{"line":65,"column":4},"end":{"line":68,"column":null}},"34":{"start":{"line":66,"column":6},"end":{"line":66,"column":null}},"35":{"start":{"line":67,"column":6},"end":{"line":67,"column":null}},"36":{"start":{"line":71,"column":2},"end":{"line":77,"column":null}}},"fnMap":{"0":{"name":"(anonymous_0)","decl":{"start":{"line":16,"column":24},"end":{"line":16,"column":25}},"loc":{"start":{"line":17,"column":2},"end":{"line":17,"column":null}},"line":17},"1":{"name":"(anonymous_1)","decl":{"start":{"line":17,"column":2},"end":{"line":17,"column":3}},"loc":{"start":{"line":17,"column":9},"end":{"line":17,"column":null}},"line":17},"2":{"name":"(anonymous_2)","decl":{"start":{"line":19,"column":21},"end":{"line":19,"column":22}},"loc":{"start":{"line":20,"column":2},"end":{"line":20,"column":null}},"line":20},"3":{"name":"(anonymous_3)","decl":{"start":{"line":20,"column":2},"end":{"line":20,"column":3}},"loc":{"start":{"line":20,"column":9},"end":{"line":20,"column":null}},"line":20},"4":{"name":"(anonymous_4)","decl":{"start":{"line":22,"column":25},"end":{"line":22,"column":26}},"loc":{"start":{"line":23,"column":2},"end":{"line":23,"column":null}},"line":23},"5":{"name":"(anonymous_5)","decl":{"start":{"line":23,"column":2},"end":{"line":23,"column":3}},"loc":{"start":{"line":23,"column":9},"end":{"line":23,"column":null}},"line":23},"6":{"name":"(anonymous_6)","decl":{"start":{"line":25,"column":25},"end":{"line":25,"column":26}},"loc":{"start":{"line":26,"column":2},"end":{"line":26,"column":null}},"line":26},"7":{"name":"(anonymous_7)","decl":{"start":{"line":26,"column":2},"end":{"line":26,"column":3}},"loc":{"start":{"line":26,"column":9},"end":{"line":26,"column":null}},"line":26},"8":{"name":"useFormValidation","decl":{"start":{"line":29,"column":16},"end":{"line":29,"column":null}},"loc":{"start":{"line":32,"column":21},"end":{"line":78,"column":null}},"line":32},"9":{"name":"(anonymous_9)","decl":{"start":{"line":36,"column":89},"end":{"line":36,"column":94}},"loc":{"start":{"line":36,"column":94},"end":{"line":36,"column":103}},"line":36},"10":{"name":"(anonymous_10)","decl":{"start":{"line":37,"column":83},"end":{"line":37,"column":88}},"loc":{"start":{"line":37,"column":88},"end":{"line":37,"column":98}},"line":37},"11":{"name":"runField","decl":{"start":{"line":39,"column":11},"end":{"line":39,"column":20}},"loc":{"start":{"line":39,"column":45},"end":{"line":47,"column":null}},"line":39},"12":{"name":"onBlur","decl":{"start":{"line":49,"column":11},"end":{"line":49,"column":18}},"loc":{"start":{"line":49,"column":34},"end":{"line":52,"column":null}},"line":49},"13":{"name":"validate","decl":{"start":{"line":54,"column":11},"end":{"line":54,"column":31}},"loc":{"start":{"line":54,"column":31},"end":{"line":62,"column":null}},"line":54},"14":{"name":"reset","decl":{"start":{"line":64,"column":11},"end":{"line":64,"column":25}},"loc":{"start":{"line":64,"column":25},"end":{"line":69,"column":null}},"line":64}},"branchMap":{"0":{"loc":{"start":{"line":16,"column":25},"end":{"line":16,"column":null}},"type":"default-arg","locations":[{"start":{"line":16,"column":31},"end":{"line":16,"column":null}}],"line":16},"1":{"loc":{"start":{"line":17,"column":9},"end":{"line":17,"column":null}},"type":"cond-expr","locations":[{"start":{"line":17,"column":33},"end":{"line":17,"column":39}},{"start":{"line":17,"column":39},"end":{"line":17,"column":null}}],"line":17},"2":{"loc":{"start":{"line":19,"column":22},"end":{"line":19,"column":null}},"type":"default-arg","locations":[{"start":{"line":19,"column":28},"end":{"line":19,"column":null}}],"line":19},"3":{"loc":{"start":{"line":20,"column":9},"end":{"line":20,"column":null}},"type":"cond-expr","locations":[{"start":{"line":20,"column":55},"end":{"line":20,"column":62}},{"start":{"line":20,"column":62},"end":{"line":20,"column":null}}],"line":20},"4":{"loc":{"start":{"line":23,"column":9},"end":{"line":23,"column":null}},"type":"cond-expr","locations":[{"start":{"line":23,"column":25},"end":{"line":23,"column":33}},{"start":{"line":23,"column":33},"end":{"line":23,"column":null}}],"line":23},"5":{"loc":{"start":{"line":23,"column":33},"end":{"line":23,"column":null}},"type":"binary-expr","locations":[{"start":{"line":23,"column":33},"end":{"line":23,"column":40}},{"start":{"line":23,"column":40},"end":{"line":23,"column":null}}],"line":23},"6":{"loc":{"start":{"line":25,"column":46},"end":{"line":25,"column":null}},"type":"default-arg","locations":[{"start":{"line":25,"column":52},"end":{"line":25,"column":null}}],"line":25},"7":{"loc":{"start":{"line":26,"column":9},"end":{"line":26,"column":null}},"type":"cond-expr","locations":[{"start":{"line":26,"column":29},"end":{"line":26,"column":36}},{"start":{"line":26,"column":36},"end":{"line":26,"column":null}}],"line":26},"8":{"loc":{"start":{"line":44,"column":6},"end":{"line":44,"column":null}},"type":"if","locations":[{"start":{"line":44,"column":6},"end":{"line":44,"column":null}},{"start":{},"end":{}}],"line":44},"9":{"loc":{"start":{"line":59,"column":6},"end":{"line":59,"column":null}},"type":"if","locations":[{"start":{"line":59,"column":6},"end":{"line":59,"column":null}},{"start":{},"end":{}}],"line":59}},"s":{"0":1,"1":14,"2":13,"3":1,"4":7,"5":7,"6":1,"7":8,"8":4,"9":1,"10":1,"11":3,"12":6,"13":6,"14":12,"15":6,"16":12,"17":9,"18":9,"19":9,"20":12,"21":12,"22":7,"23":2,"24":1,"25":1,"26":4,"27":4,"28":8,"29":8,"30":8,"31":6,"32":4,"33":1,"34":2,"35":2,"36":6},"f":{"0":14,"1":13,"2":7,"3":7,"4":8,"5":4,"6":1,"7":3,"8":6,"9":12,"10":12,"11":9,"12":1,"13":4,"14":1},"b":{"0":[14],"1":[9,4],"2":[7],"3":[3,4],"4":[2,2],"5":[2,1],"6":[1],"7":[2,1],"8":[7,5],"9":[6,2]},"meta":{"lastBranch":10,"lastFunction":15,"lastStatement":37,"seen":{"s:16:24:17:Infinity":0,"f:16:24:16:25":0,"s:17:2:17:Infinity":1,"b:16:31:16:Infinity":0,"f:17:2:17:3":1,"s:17:9:17:Infinity":2,"b:17:33:17:39:17:39:17:Infinity":1,"s:19:21:20:Infinity":3,"f:19:21:19:22":2,"s:20:2:20:Infinity":4,"b:19:28:19:Infinity":2,"f:20:2:20:3":3,"s:20:9:20:Infinity":5,"b:20:55:20:62:20:62:20:Infinity":3,"s:22:25:23:Infinity":6,"f:22:25:22:26":4,"s:23:2:23:Infinity":7,"f:23:2:23:3":5,"s:23:9:23:Infinity":8,"b:23:25:23:33:23:33:23:Infinity":4,"b:23:33:23:40:23:40:23:Infinity":5,"s:25:25:26:Infinity":9,"f:25:25:25:26":6,"s:26:2:26:Infinity":10,"b:25:52:25:Infinity":6,"f:26:2:26:3":7,"s:26:9:26:Infinity":11,"b:26:29:26:36:26:36:26:Infinity":7,"f:29:16:29:Infinity":8,"s:33:17:33:Infinity":12,"s:36:8:36:Infinity":13,"f:36:89:36:94":9,"s:36:94:36:103":14,"s:37:8:37:Infinity":15,"f:37:83:37:88":10,"s:37:88:37:98":16,"f:39:11:39:20":11,"s:40:23:40:Infinity":17,"s:41:18:41:Infinity":18,"s:42:4:45:Infinity":19,"s:43:18:43:Infinity":20,"b:44:6:44:Infinity:undefined:undefined:undefined:undefined":8,"s:44:6:44:Infinity":21,"s:44:24:44:Infinity":22,"s:46:4:46:Infinity":23,"f:49:11:49:18":12,"s:50:4:50:Infinity":24,"s:51:4:51:Infinity":25,"f:54:11:54:31":13,"s:55:16:55:Infinity":26,"s:56:4:60:Infinity":27,"s:57:6:57:Infinity":28,"s:58:6:58:Infinity":29,"b:59:6:59:Infinity:undefined:undefined:undefined:undefined":9,"s:59:6:59:Infinity":30,"s:59:35:59:Infinity":31,"s:61:4:61:Infinity":32,"f:64:11:64:25":14,"s:65:4:68:Infinity":33,"s:66:6:66:Infinity":34,"s:67:6:67:Infinity":35,"s:71:2:77:Infinity":36}}}
,"/Users/test/Documents/Work/AIProjects/VibeOS/src/core/composables/useHabitNotifications.ts": {"path":"/Users/test/Documents/Work/AIProjects/VibeOS/src/core/composables/useHabitNotifications.ts","statementMap":{"0":{"start":{"line":6,"column":6},"end":{"line":6,"column":null}},"1":{"start":{"line":9,"column":8},"end":{"line":9,"column":null}},"2":{"start":{"line":10,"column":8},"end":{"line":12,"column":null}},"3":{"start":{"line":15,"column":4},"end":{"line":15,"column":null}},"4":{"start":{"line":15,"column":45},"end":{"line":15,"column":null}},"5":{"start":{"line":16,"column":19},"end":{"line":16,"column":null}},"6":{"start":{"line":17,"column":4},"end":{"line":17,"column":null}},"7":{"start":{"line":18,"column":4},"end":{"line":18,"column":null}},"8":{"start":{"line":22,"column":20},"end":{"line":22,"column":null}},"9":{"start":{"line":23,"column":4},"end":{"line":23,"column":null}},"10":{"start":{"line":27,"column":4},"end":{"line":27,"column":null}},"11":{"start":{"line":31,"column":4},"end":{"line":31,"column":null}},"12":{"start":{"line":31,"column":58},"end":{"line":31,"column":null}},"13":{"start":{"line":32,"column":10},"end":{"line":32,"column":null}},"14":{"start":{"line":33,"column":4},"end":{"line":33,"column":null}},"15":{"start":{"line":33,"column":39},"end":{"line":33,"column":null}},"16":{"start":{"line":35,"column":10},"end":{"line":35,"column":null}},"17":{"start":{"line":36,"column":4},"end":{"line":36,"column":null}},"18":{"start":{"line":36,"column":19},"end":{"line":36,"column":null}},"19":{"start":{"line":38,"column":10},"end":{"line":38,"column":null}},"20":{"start":{"line":39,"column":19},"end":{"line":43,"column":null}},"21":{"start":{"line":40,"column":6},"end":{"line":40,"column":null}},"22":{"start":{"line":40,"column":44},"end":{"line":40,"column":null}},"23":{"start":{"line":41,"column":12},"end":{"line":41,"column":null}},"24":{"start":{"line":42,"column":6},"end":{"line":42,"column":null}},"25":{"start":{"line":45,"column":4},"end":{"line":45,"column":null}},"26":{"start":{"line":45,"column":26},"end":{"line":45,"column":55}},"27":{"start":{"line":45,"column":55},"end":{"line":45,"column":62}},"28":{"start":{"line":47,"column":18},"end":{"line":47,"column":null}},"29":{"start":{"line":47,"column":34},"end":{"line":47,"column":56}},"30":{"start":{"line":48,"column":4},"end":{"line":52,"column":null}},"31":{"start":{"line":53,"column":4},"end":{"line":53,"column":null}},"32":{"start":{"line":57,"column":56},"end":{"line":57,"column":null}},"33":{"start":{"line":60,"column":4},"end":{"line":60,"column":null}},"34":{"start":{"line":60,"column":18},"end":{"line":60,"column":null}},"35":{"start":{"line":61,"column":4},"end":{"line":61,"column":null}},"36":{"start":{"line":62,"column":4},"end":{"line":62,"column":null}},"37":{"start":{"line":66,"column":4},"end":{"line":66,"column":null}},"38":{"start":{"line":66,"column":20},"end":{"line":66,"column":45}},"39":{"start":{"line":66,"column":45},"end":{"line":66,"column":61}},"40":{"start":{"line":69,"column":2},"end":{"line":69,"column":null}},"41":{"start":{"line":69,"column":28},"end":{"line":69,"column":65}},"42":{"start":{"line":71,"column":2},"end":{"line":71,"column":null}},"43":{"start":{"line":73,"column":2},"end":{"line":73,"column":null}}},"fnMap":{"0":{"name":"useHabitNotifications","decl":{"start":{"line":8,"column":16},"end":{"line":8,"column":40}},"loc":{"start":{"line":8,"column":40},"end":{"line":74,"column":null}},"line":8},"1":{"name":"requestPermission","decl":{"start":{"line":14,"column":17},"end":{"line":14,"column":55}},"loc":{"start":{"line":14,"column":55},"end":{"line":19,"column":null}},"line":14},"2":{"name":"enable","decl":{"start":{"line":21,"column":17},"end":{"line":21,"column":41}},"loc":{"start":{"line":21,"column":41},"end":{"line":24,"column":null}},"line":21},"3":{"name":"disable","decl":{"start":{"line":26,"column":11},"end":{"line":26,"column":27}},"loc":{"start":{"line":26,"column":27},"end":{"line":28,"column":null}},"line":26},"4":{"name":"checkAndNotify","decl":{"start":{"line":30,"column":11},"end":{"line":30,"column":34}},"loc":{"start":{"line":30,"column":34},"end":{"line":54,"column":null}},"line":30},"5":{"name":"(anonymous_5)","decl":{"start":{"line":39,"column":45},"end":{"line":39,"column":50}},"loc":{"start":{"line":39,"column":50},"end":{"line":43,"column":5}},"line":39},"6":{"name":"(anonymous_6)","decl":{"start":{"line":47,"column":29},"end":{"line":47,"column":34}},"loc":{"start":{"line":47,"column":34},"end":{"line":47,"column":56}},"line":47},"7":{"name":"startPolling","decl":{"start":{"line":59,"column":11},"end":{"line":59,"column":32}},"loc":{"start":{"line":59,"column":32},"end":{"line":63,"column":null}},"line":59},"8":{"name":"stopPolling","decl":{"start":{"line":65,"column":11},"end":{"line":65,"column":31}},"loc":{"start":{"line":65,"column":31},"end":{"line":67,"column":null}},"line":65},"9":{"name":"(anonymous_9)","decl":{"start":{"line":69,"column":17},"end":{"line":69,"column":18}},"loc":{"start":{"line":69,"column":26},"end":{"line":69,"column":68}},"line":69}},"branchMap":{"0":{"loc":{"start":{"line":11,"column":4},"end":{"line":11,"column":null}},"type":"cond-expr","locations":[{"start":{"line":11,"column":42},"end":{"line":11,"column":68}},{"start":{"line":11,"column":68},"end":{"line":11,"column":null}}],"line":11},"1":{"loc":{"start":{"line":15,"column":4},"end":{"line":15,"column":null}},"type":"if","locations":[{"start":{"line":15,"column":4},"end":{"line":15,"column":null}},{"start":{},"end":{}}],"line":15},"2":{"loc":{"start":{"line":31,"column":4},"end":{"line":31,"column":null}},"type":"if","locations":[{"start":{"line":31,"column":4},"end":{"line":31,"column":null}},{"start":{},"end":{}}],"line":31},"3":{"loc":{"start":{"line":31,"column":8},"end":{"line":31,"column":58}},"type":"binary-expr","locations":[{"start":{"line":31,"column":8},"end":{"line":31,"column":26}},{"start":{"line":31,"column":26},"end":{"line":31,"column":58}}],"line":31},"4":{"loc":{"start":{"line":33,"column":4},"end":{"line":33,"column":null}},"type":"if","locations":[{"start":{"line":33,"column":4},"end":{"line":33,"column":null}},{"start":{},"end":{}}],"line":33},"5":{"loc":{"start":{"line":36,"column":4},"end":{"line":36,"column":null}},"type":"if","locations":[{"start":{"line":36,"column":4},"end":{"line":36,"column":null}},{"start":{},"end":{}}],"line":36},"6":{"loc":{"start":{"line":40,"column":6},"end":{"line":40,"column":null}},"type":"if","locations":[{"start":{"line":40,"column":6},"end":{"line":40,"column":null}},{"start":{},"end":{}}],"line":40},"7":{"loc":{"start":{"line":41,"column":53},"end":{"line":41,"column":73}},"type":"binary-expr","locations":[{"start":{"line":41,"column":53},"end":{"line":41,"column":71}},{"start":{"line":41,"column":71},"end":{"line":41,"column":73}}],"line":41},"8":{"loc":{"start":{"line":45,"column":4},"end":{"line":45,"column":null}},"type":"if","locations":[{"start":{"line":45,"column":4},"end":{"line":45,"column":null}},{"start":{},"end":{}}],"line":45},"9":{"loc":{"start":{"line":49,"column":18},"end":{"line":49,"column":87}},"type":"cond-expr","locations":[{"start":{"line":49,"column":40},"end":{"line":49,"column":58}},{"start":{"line":49,"column":58},"end":{"line":49,"column":87}}],"line":49},"10":{"loc":{"start":{"line":60,"column":4},"end":{"line":60,"column":null}},"type":"if","locations":[{"start":{"line":60,"column":4},"end":{"line":60,"column":null}},{"start":{},"end":{}}],"line":60},"11":{"loc":{"start":{"line":66,"column":4},"end":{"line":66,"column":null}},"type":"if","locations":[{"start":{"line":66,"column":4},"end":{"line":66,"column":null}},{"start":{},"end":{}}],"line":66},"12":{"loc":{"start":{"line":69,"column":28},"end":{"line":69,"column":65}},"type":"cond-expr","locations":[{"start":{"line":69,"column":34},"end":{"line":69,"column":51}},{"start":{"line":69,"column":51},"end":{"line":69,"column":65}}],"line":69}},"s":{"0":0,"1":0,"2":0,"3":0,"4":0,"5":0,"6":0,"7":0,"8":0,"9":0,"10":0,"11":0,"12":0,"13":0,"14":0,"15":0,"16":0,"17":0,"18":0,"19":0,"20":0,"21":0,"22":0,"23":0,"24":0,"25":0,"26":0,"27":0,"28":0,"29":0,"30":0,"31":0,"32":0,"33":0,"34":0,"35":0,"36":0,"37":0,"38":0,"39":0,"40":0,"41":0,"42":0,"43":0},"f":{"0":0,"1":0,"2":0,"3":0,"4":0,"5":0,"6":0,"7":0,"8":0,"9":0},"b":{"0":[0,0],"1":[0,0],"2":[0,0],"3":[0,0],"4":[0,0],"5":[0,0],"6":[0,0],"7":[0,0],"8":[0,0],"9":[0,0],"10":[0,0],"11":[0,0],"12":[0,0]},"meta":{"lastBranch":13,"lastFunction":10,"lastStatement":44,"seen":{"s:6:6:6:Infinity":0,"f:8:16:8:40":0,"s:9:8:9:Infinity":1,"s:10:8:12:Infinity":2,"b:11:42:11:68:11:68:11:Infinity":0,"f:14:17:14:55":1,"b:15:4:15:Infinity:undefined:undefined:undefined:undefined":1,"s:15:4:15:Infinity":3,"s:15:45:15:Infinity":4,"s:16:19:16:Infinity":5,"s:17:4:17:Infinity":6,"s:18:4:18:Infinity":7,"f:21:17:21:41":2,"s:22:20:22:Infinity":8,"s:23:4:23:Infinity":9,"f:26:11:26:27":3,"s:27:4:27:Infinity":10,"f:30:11:30:34":4,"b:31:4:31:Infinity:undefined:undefined:undefined:undefined":2,"s:31:4:31:Infinity":11,"b:31:8:31:26:31:26:31:58":3,"s:31:58:31:Infinity":12,"s:32:10:32:Infinity":13,"b:33:4:33:Infinity:undefined:undefined:undefined:undefined":4,"s:33:4:33:Infinity":14,"s:33:39:33:Infinity":15,"s:35:10:35:Infinity":16,"b:36:4:36:Infinity:undefined:undefined:undefined:undefined":5,"s:36:4:36:Infinity":17,"s:36:19:36:Infinity":18,"s:38:10:38:Infinity":19,"s:39:19:43:Infinity":20,"f:39:45:39:50":5,"b:40:6:40:Infinity:undefined:undefined:undefined:undefined":6,"s:40:6:40:Infinity":21,"s:40:44:40:Infinity":22,"s:41:12:41:Infinity":23,"b:41:53:41:71:41:71:41:73":7,"s:42:6:42:Infinity":24,"b:45:4:45:Infinity:undefined:undefined:undefined:undefined":8,"s:45:4:45:Infinity":25,"s:45:26:45:55":26,"s:45:55:45:62":27,"s:47:18:47:Infinity":28,"f:47:29:47:34":6,"s:47:34:47:56":29,"s:48:4:52:Infinity":30,"b:49:40:49:58:49:58:49:87":9,"s:53:4:53:Infinity":31,"s:57:56:57:Infinity":32,"f:59:11:59:32":7,"b:60:4:60:Infinity:undefined:undefined:undefined:undefined":10,"s:60:4:60:Infinity":33,"s:60:18:60:Infinity":34,"s:61:4:61:Infinity":35,"s:62:4:62:Infinity":36,"f:65:11:65:31":8,"b:66:4:66:Infinity:undefined:undefined:undefined:undefined":11,"s:66:4:66:Infinity":37,"s:66:20:66:45":38,"s:66:45:66:61":39,"s:69:2:69:Infinity":40,"f:69:17:69:18":9,"s:69:28:69:65":41,"b:69:34:69:51:69:51:69:65":12,"s:71:2:71:Infinity":42,"s:73:2:73:Infinity":43}}}
,"/Users/test/Documents/Work/AIProjects/VibeOS/src/core/composables/useModuleVisibility.ts": {"path":"/Users/test/Documents/Work/AIProjects/VibeOS/src/core/composables/useModuleVisibility.ts","statementMap":{"0":{"start":{"line":5,"column":19},"end":{"line":5,"column":null}},"1":{"start":{"line":7,"column":6},"end":{"line":7,"column":null}},"2":{"start":{"line":11,"column":4},"end":{"line":11,"column":null}},"3":{"start":{"line":15,"column":16},"end":{"line":15,"column":null}},"4":{"start":{"line":16,"column":4},"end":{"line":20,"column":null}},"5":{"start":{"line":17,"column":6},"end":{"line":17,"column":null}},"6":{"start":{"line":19,"column":6},"end":{"line":19,"column":null}},"7":{"start":{"line":24,"column":4},"end":{"line":24,"column":null}},"8":{"start":{"line":24,"column":59},"end":{"line":24,"column":74}},"9":{"start":{"line":28,"column":4},"end":{"line":30,"column":null}},"10":{"start":{"line":29,"column":6},"end":{"line":29,"column":null}},"11":{"start":{"line":33,"column":8},"end":{"line":33,"column":null}},"12":{"start":{"line":33,"column":37},"end":{"line":33,"column":63}},"13":{"start":{"line":35,"column":2},"end":{"line":35,"column":null}}},"fnMap":{"0":{"name":"useModuleVisibility","decl":{"start":{"line":9,"column":16},"end":{"line":9,"column":38}},"loc":{"start":{"line":9,"column":38},"end":{"line":36,"column":null}},"line":9},"1":{"name":"isVisible","decl":{"start":{"line":10,"column":11},"end":{"line":10,"column":21}},"loc":{"start":{"line":10,"column":48},"end":{"line":12,"column":null}},"line":10},"2":{"name":"toggleModule","decl":{"start":{"line":14,"column":11},"end":{"line":14,"column":24}},"loc":{"start":{"line":14,"column":42},"end":{"line":21,"column":null}},"line":14},"3":{"name":"showModule","decl":{"start":{"line":23,"column":11},"end":{"line":23,"column":22}},"loc":{"start":{"line":23,"column":40},"end":{"line":25,"column":null}},"line":23},"4":{"name":"(anonymous_4)","decl":{"start":{"line":24,"column":53},"end":{"line":24,"column":59}},"loc":{"start":{"line":24,"column":59},"end":{"line":24,"column":74}},"line":24},"5":{"name":"hideModule","decl":{"start":{"line":27,"column":11},"end":{"line":27,"column":22}},"loc":{"start":{"line":27,"column":40},"end":{"line":31,"column":null}},"line":27},"6":{"name":"(anonymous_6)","decl":{"start":{"line":33,"column":31},"end":{"line":33,"column":37}},"loc":{"start":{"line":33,"column":37},"end":{"line":33,"column":63}},"line":33}},"branchMap":{"0":{"loc":{"start":{"line":16,"column":4},"end":{"line":20,"column":null}},"type":"if","locations":[{"start":{"line":16,"column":4},"end":{"line":20,"column":null}},{"start":{"line":18,"column":11},"end":{"line":20,"column":null}}],"line":16},"1":{"loc":{"start":{"line":28,"column":4},"end":{"line":30,"column":null}},"type":"if","locations":[{"start":{"line":28,"column":4},"end":{"line":30,"column":null}},{"start":{},"end":{}}],"line":28}},"s":{"0":0,"1":0,"2":0,"3":0,"4":0,"5":0,"6":0,"7":0,"8":0,"9":0,"10":0,"11":0,"12":0,"13":0},"f":{"0":0,"1":0,"2":0,"3":0,"4":0,"5":0,"6":0},"b":{"0":[0,0],"1":[0,0]},"meta":{"lastBranch":2,"lastFunction":7,"lastStatement":14,"seen":{"s:5:19:5:Infinity":0,"s:7:6:7:Infinity":1,"f:9:16:9:38":0,"f:10:11:10:21":1,"s:11:4:11:Infinity":2,"f:14:11:14:24":2,"s:15:16:15:Infinity":3,"b:16:4:20:Infinity:18:11:20:Infinity":0,"s:16:4:20:Infinity":4,"s:17:6:17:Infinity":5,"s:19:6:19:Infinity":6,"f:23:11:23:22":3,"s:24:4:24:Infinity":7,"f:24:53:24:59":4,"s:24:59:24:74":8,"f:27:11:27:22":5,"b:28:4:30:Infinity:undefined:undefined:undefined:undefined":1,"s:28:4:30:Infinity":9,"s:29:6:29:Infinity":10,"s:33:8:33:Infinity":11,"f:33:31:33:37":6,"s:33:37:33:63":12,"s:35:2:35:Infinity":13}}}
[...]
,"/Users/test/Documents/Work/AIProjects/VibeOS/src/modules/training/stores/training.store.ts": {"path":"/Users/test/Documents/Work/AIProjects/VibeOS/src/modules/training/stores/training.store.ts","statementMap":{"0":{"start":{"line":9,"column":13},"end":{"line":136,"column":null}},"1":{"start":{"line":10,"column":66},"end":{"line":10,"column":null}},"2":{"start":{"line":11,"column":63},"end":{"line":11,"column":null}},"3":{"start":{"line":12,"column":8},"end":{"line":12,"column":null}},"4":{"start":{"line":14,"column":8},"end":{"line":14,"column":null}},"5":{"start":{"line":14,"column":37},"end":{"line":14,"column":70}},"6":{"start":{"line":14,"column":61},"end":{"line":14,"column":69}},"7":{"start":{"line":16,"column":8},"end":{"line":24,"column":null}},"8":{"start":{"line":17,"column":10},"end":{"line":17,"column":null}},"9":{"start":{"line":18,"column":4},"end":{"line":23,"column":null}},"10":{"start":{"line":19,"column":14},"end":{"line":19,"column":41}},"11":{"start":{"line":20,"column":20},"end":{"line":23,"column":8}},"12":{"start":{"line":22,"column":37},"end":{"line":22,"column":77}},"13":{"start":{"line":26,"column":8},"end":{"line":28,"column":null}},"14":{"start":{"line":27,"column":4},"end":{"line":27,"column":null}},"15":{"start":{"line":27,"column":35},"end":{"line":27,"column":63}},"16":{"start":{"line":31,"column":15},"end":{"line":31,"column":null}},"17":{"start":{"line":32,"column":31},"end":{"line":32,"column":null}},"18":{"start":{"line":33,"column":4},"end":{"line":33,"column":null}},"19":{"start":{"line":34,"column":4},"end":{"line":34,"column":null}},"20":{"start":{"line":35,"column":4},"end":{"line":35,"column":null}},"21":{"start":{"line":39,"column":17},"end":{"line":39,"column":null}},"22":{"start":{"line":39,"column":39},"end":{"line":39,"column":59}},"23":{"start":{"line":40,"column":4},"end":{"line":40,"column":null}},"24":{"start":{"line":41,"column":4},"end":{"line":47,"column":null}},"25":{"start":{"line":49,"column":4},"end":{"line":56,"column":null}},"26":{"start":{"line":50,"column":6},"end":{"line":55,"column":null}},"27":{"start":{"line":51,"column":28},"end":{"line":51,"column":null}},"28":{"start":{"line":52,"column":8},"end":{"line":54,"column":null}},"29":{"start":{"line":53,"column":10},"end":{"line":53,"column":null}},"30":{"start":{"line":60,"column":17},"end":{"line":60,"column":null}},"31":{"start":{"line":60,"column":39},"end":{"line":60,"column":54}},"32":{"start":{"line":61,"column":4},"end":{"line":61,"column":null}},"33":{"start":{"line":61,"column":14},"end":{"line":61,"column":null}},"34":{"start":{"line":67,"column":4},"end":{"line":67,"column":null}},"35":{"start":{"line":68,"column":4},"end":{"line":70,"column":null}},"36":{"start":{"line":69,"column":6},"end":{"line":69,"column":null}},"37":{"start":{"line":69,"column":43},"end":{"line":69,"column":null}},"38":{"start":{"line":74,"column":4},"end":{"line":74,"column":null}},"39":{"start":{"line":74,"column":33},"end":{"line":74,"column":44}},"40":{"start":{"line":78,"column":4},"end":{"line":78,"column":null}},"41":{"start":{"line":78,"column":34},"end":{"line":78,"column":53}},"42":{"start":{"line":78,"column":70},"end":{"line":78,"column":98}},"43":{"start":{"line":82,"column":4},"end":{"line":82,"column":null}},"44":{"start":{"line":86,"column":4},"end":{"line":86,"column":null}},"45":{"start":{"line":90,"column":4},"end":{"line":90,"column":null}},"46":{"start":{"line":94,"column":4},"end":{"line":94,"column":null}},"47":{"start":{"line":94,"column":32},"end":{"line":94,"column":76}},"48":{"start":{"line":99,"column":17},"end":{"line":99,"column":null}},"49":{"start":{"line":99,"column":39},"end":{"line":99,"column":54}},"50":{"start":{"line":100,"column":4},"end":{"line":100,"column":null}},"51":{"start":{"line":100,"column":15},"end":{"line":100,"column":null}},"52":{"start":{"line":101,"column":4},"end":{"line":101,"column":null}},"53":{"start":{"line":101,"column":25},"end":{"line":101,"column":null}},"54":{"start":{"line":102,"column":4},"end":{"line":109,"column":null}},"55":{"start":{"line":113,"column":17},"end":{"line":113,"column":null}},"56":{"start":{"line":113,"column":39},"end":{"line":113,"column":54}},"57":{"start":{"line":114,"column":4},"end":{"line":114,"column":null}},"58":{"start":{"line":114,"column":26},"end":{"line":114,"column":null}},"59":{"start":{"line":115,"column":4},"end":{"line":115,"column":null}},"60":{"start":{"line":115,"column":48},"end":{"line":115,"column":67}},"61":{"start":{"line":119,"column":17},"end":{"line":119,"column":null}},"62":{"start":{"line":119,"column":39},"end":{"line":119,"column":54}},"63":{"start":{"line":120,"column":17},"end":{"line":120,"column":null}},"64":{"start":{"line":120,"column":44},"end":{"line":120,"column":63}},"65":{"start":{"line":121,"column":4},"end":{"line":121,"column":null}},"66":{"start":{"line":121,"column":13},"end":{"line":121,"column":null}},"67":{"start":{"line":125,"column":4},"end":{"line":125,"column":null}},"68":{"start":{"line":125,"column":33},"end":{"line":125,"column":48}},"69":{"start":{"line":128,"column":2},"end":{"line":135,"column":null}}},"fnMap":{"0":{"name":"(anonymous_0)","decl":{"start":{"line":9,"column":62},"end":{"line":9,"column":68}},"loc":{"start":{"line":9,"column":68},"end":{"line":136,"column":1}},"line":9},"1":{"name":"(anonymous_1)","decl":{"start":{"line":14,"column":31},"end":{"line":14,"column":37}},"loc":{"start":{"line":14,"column":37},"end":{"line":14,"column":70}},"line":14},"2":{"name":"(anonymous_2)","decl":{"start":{"line":14,"column":56},"end":{"line":14,"column":61}},"loc":{"start":{"line":14,"column":61},"end":{"line":14,"column":69}},"line":14},"3":{"name":"(anonymous_3)","decl":{"start":{"line":16,"column":30},"end":{"line":16,"column":36}},"loc":{"start":{"line":16,"column":36},"end":{"line":24,"column":3}},"line":16},"4":{"name":"(anonymous_4)","decl":{"start":{"line":19,"column":14},"end":{"line":19,"column":22}},"loc":{"start":{"line":19,"column":14},"end":{"line":19,"column":41}},"line":19},"5":{"name":"(anonymous_5)","decl":{"start":{"line":20,"column":11},"end":{"line":20,"column":20}},"loc":{"start":{"line":20,"column":20},"end":{"line":23,"column":8}},"line":20},"6":{"name":"(anonymous_6)","decl":{"start":{"line":22,"column":32},"end":{"line":22,"column":37}},"loc":{"start":{"line":22,"column":37},"end":{"line":22,"column":77}},"line":22},"7":{"name":"(anonymous_7)","decl":{"start":{"line":26,"column":30},"end":{"line":26,"column":null}},"loc":{"start":{"line":27,"column":4},"end":{"line":27,"column":null}},"line":27},"8":{"name":"(anonymous_8)","decl":{"start":{"line":27,"column":25},"end":{"line":27,"column":26}},"loc":{"start":{"line":27,"column":35},"end":{"line":27,"column":63}},"line":27},"9":{"name":"createPlan","decl":{"start":{"line":30,"column":11},"end":{"line":30,"column":22}},"loc":{"start":{"line":30,"column":93},"end":{"line":36,"column":null}},"line":30},"10":{"name":"logWorkout","decl":{"start":{"line":38,"column":11},"end":{"line":38,"column":22}},"loc":{"start":{"line":38,"column":72},"end":{"line":57,"column":null}},"line":38},"11":{"name":"(anonymous_11)","decl":{"start":{"line":39,"column":34},"end":{"line":39,"column":39}},"loc":{"start":{"line":39,"column":39},"end":{"line":39,"column":59}},"line":39},"12":{"name":"(anonymous_12)","decl":{"start":{"line":50,"column":61},"end":{"line":50,"column":76}},"loc":{"start":{"line":50,"column":82},"end":{"line":55,"column":7}},"line":50},"13":{"name":"updatePlanLink","decl":{"start":{"line":59,"column":11},"end":{"line":59,"column":26}},"loc":{"start":{"line":59,"column":77},"end":{"line":62,"column":null}},"line":59},"14":{"name":"(anonymous_14)","decl":{"start":{"line":60,"column":34},"end":{"line":60,"column":39}},"loc":{"start":{"line":60,"column":39},"end":{"line":60,"column":54}},"line":60},"15":{"name":"deletePlan","decl":{"start":{"line":64,"column":11},"end":{"line":64,"column":22}},"loc":{"start":{"line":64,"column":40},"end":{"line":71,"column":null}},"line":64},"16":{"name":"getPlanById","decl":{"start":{"line":73,"column":11},"end":{"line":73,"column":23}},"loc":{"start":{"line":73,"column":61},"end":{"line":75,"column":null}},"line":73},"17":{"name":"(anonymous_17)","decl":{"start":{"line":74,"column":28},"end":{"line":74,"column":33}},"loc":{"start":{"line":74,"column":33},"end":{"line":74,"column":44}},"line":74},"18":{"name":"getPlanLogs","decl":{"start":{"line":77,"column":11},"end":{"line":77,"column":23}},"loc":{"start":{"line":77,"column":53},"end":{"line":79,"column":null}},"line":77},"19":{"name":"(anonymous_19)","decl":{"start":{"line":78,"column":29},"end":{"line":78,"column":34}},"loc":{"start":{"line":78,"column":34},"end":{"line":78,"column":53}},"line":78},"20":{"name":"(anonymous_20)","decl":{"start":{"line":78,"column":60},"end":{"line":78,"column":61}},"loc":{"start":{"line":78,"column":70},"end":{"line":78,"column":98}},"line":78},"21":{"name":"getStreak","decl":{"start":{"line":81,"column":11},"end":{"line":81,"column":21}},"loc":{"start":{"line":81,"column":45},"end":{"line":83,"column":null}},"line":81},"22":{"name":"getTotalMinutes","decl":{"start":{"line":85,"column":11},"end":{"line":85,"column":27}},"loc":{"start":{"line":85,"column":51},"end":{"line":87,"column":null}},"line":85},"23":{"name":"getTotalKm","decl":{"start":{"line":89,"column":11},"end":{"line":89,"column":22}},"loc":{"start":{"line":89,"column":46},"end":{"line":91,"column":null}},"line":89},"24":{"name":"isLoggedToday","decl":{"start":{"line":93,"column":11},"end":{"line":93,"column":25}},"loc":{"start":{"line":93,"column":50},"end":{"line":95,"column":null}},"line":93},"25":{"name":"(anonymous_25)","decl":{"start":{"line":94,"column":27},"end":{"line":94,"column":32}},"loc":{"start":{"line":94,"column":32},"end":{"line":94,"column":76}},"line":94},"26":{"name":"addResource","decl":{"start":{"line":98,"column":11},"end":{"line":98,"column":23}},"loc":{"start":{"line":98,"column":103},"end":{"line":110,"column":null}},"line":98},"27":{"name":"(anonymous_27)","decl":{"start":{"line":99,"column":34},"end":{"line":99,"column":39}},"loc":{"start":{"line":99,"column":39},"end":{"line":99,"column":54}},"line":99},"28":{"name":"deleteResource","decl":{"start":{"line":112,"column":11},"end":{"line":112,"column":26}},"loc":{"start":{"line":112,"column":68},"end":{"line":116,"column":null}},"line":112},"29":{"name":"(anonymous_29)","decl":{"start":{"line":113,"column":34},"end":{"line":113,"column":39}},"loc":{"start":{"line":113,"column":39},"end":{"line":113,"column":54}},"line":113},"30":{"name":"(anonymous_30)","decl":{"start":{"line":115,"column":43},"end":{"line":115,"column":48}},"loc":{"start":{"line":115,"column":48},"end":{"line":115,"column":67}},"line":115},"31":{"name":"toggleResourceDone","decl":{"start":{"line":118,"column":11},"end":{"line":118,"column":30}},"loc":{"start":{"line":118,"column":72},"end":{"line":122,"column":null}},"line":118},"32":{"name":"(anonymous_32)","decl":{"start":{"line":119,"column":34},"end":{"line":119,"column":39}},"loc":{"start":{"line":119,"column":39},"end":{"line":119,"column":54}},"line":119},"33":{"name":"(anonymous_33)","decl":{"start":{"line":120,"column":39},"end":{"line":120,"column":44}},"loc":{"start":{"line":120,"column":44},"end":{"line":120,"column":63}},"line":120},"34":{"name":"getPlanResources","decl":{"start":{"line":124,"column":11},"end":{"line":124,"column":28}},"loc":{"start":{"line":124,"column":64},"end":{"line":126,"column":null}},"line":124},"35":{"name":"(anonymous_35)","decl":{"start":{"line":125,"column":28},"end":{"line":125,"column":33}},"loc":{"start":{"line":125,"column":33},"end":{"line":125,"column":48}},"line":125}},"branchMap":{"0":{"loc":{"start":{"line":22,"column":37},"end":{"line":22,"column":77}},"type":"binary-expr","locations":[{"start":{"line":22,"column":37},"end":{"line":22,"column":61}},{"start":{"line":22,"column":61},"end":{"line":22,"column":77}}],"line":22},"1":{"loc":{"start":{"line":43,"column":14},"end":{"line":43,"column":null}},"type":"binary-expr","locations":[{"start":{"line":43,"column":14},"end":{"line":43,"column":29}},{"start":{"line":43,"column":29},"end":{"line":43,"column":null}}],"line":43},"2":{"loc":{"start":{"line":44,"column":17},"end":{"line":44,"column":null}},"type":"binary-expr","locations":[{"start":{"line":44,"column":17},"end":{"line":44,"column":32}},{"start":{"line":44,"column":32},"end":{"line":44,"column":null}}],"line":44},"3":{"loc":{"start":{"line":45,"column":16},"end":{"line":45,"column":null}},"type":"binary-expr","locations":[{"start":{"line":45,"column":16},"end":{"line":45,"column":39}},{"start":{"line":45,"column":39},"end":{"line":45,"column":null}}],"line":45},"4":{"loc":{"start":{"line":49,"column":4},"end":{"line":56,"column":null}},"type":"if","locations":[{"start":{"line":49,"column":4},"end":{"line":56,"column":null}},{"start":{},"end":{}}],"line":49},"5":{"loc":{"start":{"line":52,"column":8},"end":{"line":54,"column":null}},"type":"if","locations":[{"start":{"line":52,"column":8},"end":{"line":54,"column":null}},{"start":{},"end":{}}],"line":52},"6":{"loc":{"start":{"line":61,"column":4},"end":{"line":61,"column":null}},"type":"if","locations":[{"start":{"line":61,"column":4},"end":{"line":61,"column":null}},{"start":{},"end":{}}],"line":61},"7":{"loc":{"start":{"line":69,"column":6},"end":{"line":69,"column":null}},"type":"if","locations":[{"start":{"line":69,"column":6},"end":{"line":69,"column":null}},{"start":{},"end":{}}],"line":69},"8":{"loc":{"start":{"line":69,"column":10},"end":{"line":69,"column":43}},"type":"binary-expr","locations":[{"start":{"line":69,"column":10},"end":{"line":69,"column":29}},{"start":{"line":69,"column":29},"end":{"line":69,"column":43}}],"line":69},"9":{"loc":{"start":{"line":94,"column":32},"end":{"line":94,"column":76}},"type":"binary-expr","locations":[{"start":{"line":94,"column":32},"end":{"line":94,"column":55}},{"start":{"line":94,"column":55},"end":{"line":94,"column":76}}],"line":94},"10":{"loc":{"start":{"line":100,"column":4},"end":{"line":100,"column":null}},"type":"if","locations":[{"start":{"line":100,"column":4},"end":{"line":100,"column":null}},{"start":{},"end":{}}],"line":100},"11":{"loc":{"start":{"line":101,"column":4},"end":{"line":101,"column":null}},"type":"if","locations":[{"start":{"line":101,"column":4},"end":{"line":101,"column":null}},{"start":{},"end":{}}],"line":101},"12":{"loc":{"start":{"line":105,"column":15},"end":{"line":105,"column":null}},"type":"binary-expr","locations":[{"start":{"line":105,"column":15},"end":{"line":105,"column":36}},{"start":{"line":105,"column":36},"end":{"line":105,"column":null}}],"line":105},"13":{"loc":{"start":{"line":114,"column":4},"end":{"line":114,"column":null}},"type":"if","locations":[{"start":{"line":114,"column":4},"end":{"line":114,"column":null}},{"start":{},"end":{}}],"line":114},"14":{"loc":{"start":{"line":121,"column":4},"end":{"line":121,"column":null}},"type":"if","locations":[{"start":{"line":121,"column":4},"end":{"line":121,"column":null}},{"start":{},"end":{}}],"line":121},"15":{"loc":{"start":{"line":125,"column":11},"end":{"line":125,"column":null}},"type":"binary-expr","locations":[{"start":{"line":125,"column":11},"end":{"line":125,"column":64}},{"start":{"line":125,"column":64},"end":{"line":125,"column":null}}],"line":125}},"s":{"0":2,"1":23,"2":23,"3":23,"4":23,"5":1,"6":1,"7":23,"8":0,"9":0,"10":0,"11":0,"12":0,"13":23,"14":1,"15":11,"16":23,"17":23,"18":23,"19":23,"20":23,"21":26,"22":28,"23":26,"24":26,"25":26,"26":1,"27":1,"28":1,"29":1,"30":2,"31":2,"32":2,"33":2,"34":3,"35":3,"36":4,"37":3,"38":3,"39":2,"40":2,"41":4,"42":0,"43":0,"44":2,"45":1,"46":2,"47":2,"48":5,"49":5,"50":5,"51":0,"52":5,"53":4,"54":5,"55":1,"56":1,"57":1,"58":0,"59":1,"60":2,"61":2,"62":2,"63":2,"64":2,"65":2,"66":2,"67":10,"68":10,"69":23},"f":{"0":23,"1":1,"2":1,"3":0,"4":0,"5":0,"6":0,"7":1,"8":11,"9":23,"10":26,"11":28,"12":1,"13":2,"14":2,"15":3,"16":3,"17":2,"18":2,"19":4,"20":0,"21":0,"22":2,"23":1,"24":2,"25":2,"26":5,"27":5,"28":1,"29":1,"30":2,"31":2,"32":2,"33":2,"34":10,"35":10},"b":{"0":[0,0],"1":[26,0],"2":[26,0],"3":[26,0],"4":[1,25],"5":[1,0],"6":[2,0],"7":[3,1],"8":[4,3],"9":[2,2],"10":[0,5],"11":[4,1],"12":[5,1],"13":[0,1],"14":[2,0],"15":[10,1]},"meta":{"lastBranch":16,"lastFunction":36,"lastStatement":70,"seen":{"s:9:13:136:Infinity":0,"f:9:62:9:68":0,"s:10:66:10:Infinity":1,"s:11:63:11:Infinity":2,"s:12:8:12:Infinity":3,"s:14:8:14:Infinity":4,"f:14:31:14:37":1,"s:14:37:14:70":5,"f:14:56:14:61":2,"s:14:61:14:69":6,"s:16:8:24:Infinity":7,"f:16:30:16:36":3,"s:17:10:17:Infinity":8,"s:18:4:23:Infinity":9,"f:19:14:19:22":4,"s:19:14:19:41":10,"f:20:11:20:20":5,"s:20:20:23:8":11,"f:22:32:22:37":6,"s:22:37:22:77":12,"b:22:37:22:61:22:61:22:77":0,"s:26:8:28:Infinity":13,"f:26:30:26:Infinity":7,"s:27:4:27:Infinity":14,"f:27:25:27:26":8,"s:27:35:27:63":15,"f:30:11:30:22":9,"s:31:15:31:Infinity":16,"s:32:31:32:Infinity":17,"s:33:4:33:Infinity":18,"s:34:4:34:Infinity":19,"s:35:4:35:Infinity":20,"f:38:11:38:22":10,"s:39:17:39:Infinity":21,"f:39:34:39:39":11,"s:39:39:39:59":22,"s:40:4:40:Infinity":23,"s:41:4:47:Infinity":24,"b:43:14:43:29:43:29:43:Infinity":1,"b:44:17:44:32:44:32:44:Infinity":2,"b:45:16:45:39:45:39:45:Infinity":3,"b:49:4:56:Infinity:undefined:undefined:undefined:undefined":4,"s:49:4:56:Infinity":25,"s:50:6:55:Infinity":26,"f:50:61:50:76":12,"s:51:28:51:Infinity":27,"b:52:8:54:Infinity:undefined:undefined:undefined:undefined":5,"s:52:8:54:Infinity":28,"s:53:10:53:Infinity":29,"f:59:11:59:26":13,"s:60:17:60:Infinity":30,"f:60:34:60:39":14,"s:60:39:60:54":31,"b:61:4:61:Infinity:undefined:undefined:undefined:undefined":6,"s:61:4:61:Infinity":32,"s:61:14:61:Infinity":33,"f:64:11:64:22":15,"s:67:4:67:Infinity":34,"s:68:4:70:Infinity":35,"b:69:6:69:Infinity:undefined:undefined:undefined:undefined":7,"s:69:6:69:Infinity":36,"b:69:10:69:29:69:29:69:43":8,"s:69:43:69:Infinity":37,"f:73:11:73:23":16,"s:74:4:74:Infinity":38,"f:74:28:74:33":17,"s:74:33:74:44":39,"f:77:11:77:23":18,"s:78:4:78:Infinity":40,"f:78:29:78:34":19,"s:78:34:78:53":41,"f:78:60:78:61":20,"s:78:70:78:98":42,"f:81:11:81:21":21,"s:82:4:82:Infinity":43,"f:85:11:85:27":22,"s:86:4:86:Infinity":44,"f:89:11:89:22":23,"s:90:4:90:Infinity":45,"f:93:11:93:25":24,"s:94:4:94:Infinity":46,"f:94:27:94:32":25,"s:94:32:94:76":47,"b:94:32:94:55:94:55:94:76":9,"f:98:11:98:23":26,"s:99:17:99:Infinity":48,"f:99:34:99:39":27,"s:99:39:99:54":49,"b:100:4:100:Infinity:undefined:undefined:undefined:undefined":10,"s:100:4:100:Infinity":50,"s:100:15:100:Infinity":51,"b:101:4:101:Infinity:undefined:undefined:undefined:undefined":11,"s:101:4:101:Infinity":52,"s:101:25:101:Infinity":53,"s:102:4:109:Infinity":54,"b:105:15:105:36:105:36:105:Infinity":12,"f:112:11:112:26":28,"s:113:17:113:Infinity":55,"f:113:34:113:39":29,"s:113:39:113:54":56,"b:114:4:114:Infinity:undefined:undefined:undefined:undefined":13,"s:114:4:114:Infinity":57,"s:114:26:114:Infinity":58,"s:115:4:115:Infinity":59,"f:115:43:115:48":30,"s:115:48:115:67":60,"f:118:11:118:30":31,"s:119:17:119:Infinity":61,"f:119:34:119:39":32,"s:119:39:119:54":62,"s:120:17:120:Infinity":63,"f:120:39:120:44":33,"s:120:44:120:63":64,"b:121:4:121:Infinity:undefined:undefined:undefined:undefined":14,"s:121:4:121:Infinity":65,"s:121:13:121:Infinity":66,"f:124:11:124:28":34,"s:125:4:125:Infinity":67,"b:125:11:125:64:125:64:125:Infinity":15,"f:125:28:125:33":35,"s:125:33:125:48":68,"s:128:2:135:Infinity":69}}}
}
